# JRE version: Java(TM) SE Runtime Environment Oracle GraalVM 24.0.1+9.1 (24.0.1+9) (build 24.0.1+9-jvmci-b01)
# Java VM: Java HotSpot(TM) 64-Bit Server VM Oracle GraalVM 24.0.1+9.1 (24.0.1+9-jvmci-b01, mixed mode, sharing, tiered, jvmci, jvmci compiler, compressed oops, compressed class ptrs, g1 gc, linux-amd64)
Heap:
 garbage-first heap   total reserved 30932992K, committed 114688K, used 27226K [0x00000000a0000000, 0x0000000800000000)
  region size 16384K, 1 young (16384K), 0 survivors (0K)
 Metaspace       used 39292K, committed 39616K, reserved 1114112K
  class space    used 3071K, committed 3200K, reserved 1048576K
GC Heap History (20 events):
Event: 2.639 GC heap before
{Heap before GC invocations=0 (full 0):
 garbage-first heap   total reserved 30932992K, committed 2080768K, used 99491K [0x00000000a0000000, 0x0000000800000000)
  region size 16384K, 6 young (98304K), 0 survivors (0K)
 Metaspace       used 18279K, committed 18560K, reserved 1114112K
  class space    used 1364K, committed 1472K, reserved 1048576K
}
Event: 2.644 GC heap after
{Heap after GC invocations=1 (full 0):
 garbage-first heap   total reserved 30932992K, committed 2080768K, used 24269K [0x00000000a0000000, 0x0000000800000000)
  region size 16384K, 1 young (16384K), 1 survivors (16384K)
 Metaspace       used 18279K, committed 18560K, reserved 1114112K
  class space    used 1364K, committed 1472K, reserved 1048576K
}
Event: 2.659 GC heap before
{Heap before GC invocations=1 (full 0):
 garbage-first heap   total reserved 30932992K, committed 2080768K, used 24269K [0x00000000a0000000, 0x0000000800000000)
  region size 16384K, 2 young (32768K), 1 survivors (16384K)
 Metaspace       used 21272K, committed 21504K, reserved 1114112K
  class space    used 1364K, committed 1472K, reserved 1048576K
}
Event: 2.661 GC heap after
{Heap after GC invocations=2 (full 0):
 garbage-first heap   total reserved 30932992K, committed 2080768K, used 24514K [0x00000000a0000000, 0x0000000800000000)
  region size 16384K, 2 young (32768K), 2 survivors (32768K)
 Metaspace       used 21272K, committed 21504K, reserved 1114112K
  class space    used 1364K, committed 1472K, reserved 1048576K
}
Event: 4.994 GC heap before
{Heap before GC invocations=3 (full 0):
 garbage-first heap   total reserved 30932992K, committed 229376K, used 106434K [0x00000000a0000000, 0x0000000800000000)
  region size 16384K, 8 young (131072K), 2 survivors (32768K)
 Metaspace       used 37877K, committed 38080K, reserved 1114112K
  class space    used 2991K, committed 3072K, reserved 1048576K
}
Event: 5.055 GC heap after
{Heap after GC invocations=4 (full 1):
 garbage-first heap   total reserved 30932992K, committed 114688K, used 24746K [0x00000000a0000000, 0x0000000800000000)
  region size 16384K, 0 young (0K), 0 survivors (0K)
 Metaspace       used 37877K, committed 38080K, reserved 1114112K
  class space    used 2991K, committed 3072K, reserved 1048576K
}
Event: 5.158 GC heap before
{Heap before GC invocations=4 (full 1):
 garbage-first heap   total reserved 30932992K, committed 114688K, used 24746K [0x00000000a0000000, 0x0000000800000000)
  region size 16384K, 1 young (16384K), 0 survivors (0K)
 Metaspace       used 37877K, committed 38080K, reserved 1114112K
  class space    used 2991K, committed 3072K, reserved 1048576K
}
Event: 5.192 GC heap after
{Heap after GC invocations=5 (full 2):
 garbage-first heap   total reserved 30932992K, committed 114688K, used 24788K [0x00000000a0000000, 0x0000000800000000)
  region size 16384K, 0 young (0K), 0 survivors (0K)
 Metaspace       used 37877K, committed 38080K, reserved 1114112K
  class space    used 2991K, committed 3072K, reserved 1048576K
}
Event: 5.293 GC heap before
{Heap before GC invocations=5 (full 2):
 garbage-first heap   total reserved 30932992K, committed 114688K, used 24788K [0x00000000a0000000, 0x0000000800000000)
  region size 16384K, 1 young (16384K), 0 survivors (0K)
 Metaspace       used 37878K, committed 38144K, reserved 1114112K
  class space    used 2991K, committed 3072K, reserved 1048576K
}
Event: 5.326 GC heap after
{Heap after GC invocations=6 (full 3):
 garbage-first heap   total reserved 30932992K, committed 114688K, used 24818K [0x00000000a0000000, 0x0000000800000000)
  region size 16384K, 0 young (0K), 0 survivors (0K)
 Metaspace       used 37878K, committed 38144K, reserved 1114112K
  class space    used 2991K, committed 3072K, reserved 1048576K
}
Event: 5.426 GC heap before
{Heap before GC invocations=6 (full 3):
 garbage-first heap   total reserved 30932992K, committed 114688K, used 24818K [0x00000000a0000000, 0x0000000800000000)
  region size 16384K, 1 young (16384K), 0 survivors (0K)
 Metaspace       used 37878K, committed 38144K, reserved 1114112K
  class space    used 2991K, committed 3072K, reserved 1048576K
}
Event: 5.461 GC heap after
{Heap after GC invocations=7 (full 4):
 garbage-first heap   total reserved 30932992K, committed 114688K, used 24882K [0x00000000a0000000, 0x0000000800000000)
  region size 16384K, 0 young (0K), 0 survivors (0K)
 Metaspace       used 37878K, committed 38144K, reserved 1114112K
  class space    used 2991K, committed 3072K, reserved 1048576K
}
Event: 5.562 GC heap before
{Heap before GC invocations=7 (full 4):
 garbage-first heap   total reserved 30932992K, committed 114688K, used 24882K [0x00000000a0000000, 0x0000000800000000)
  region size 16384K, 1 young (16384K), 0 survivors (0K)
 Metaspace       used 38302K, committed 38592K, reserved 1114112K
  class space    used 3017K, committed 3136K, reserved 1048576K
}
Event: 5.598 GC heap after
{Heap after GC invocations=8 (full 5):
 garbage-first heap   total reserved 30932992K, committed 114688K, used 24974K [0x00000000a0000000, 0x0000000800000000)
  region size 16384K, 0 young (0K), 0 survivors (0K)
 Metaspace       used 38302K, committed 38592K, reserved 1114112K
  class space    used 3017K, committed 3136K, reserved 1048576K
}
Event: 5.699 GC heap before
{Heap before GC invocations=8 (full 5):
 garbage-first heap   total reserved 30932992K, committed 114688K, used 41358K [0x00000000a0000000, 0x0000000800000000)
  region size 16384K, 2 young (32768K), 0 survivors (0K)
 Metaspace       used 38888K, committed 39104K, reserved 1114112K
  class space    used 3061K, committed 3136K, reserved 1048576K
}
Event: 5.733 GC heap after
{Heap after GC invocations=9 (full 6):
 garbage-first heap   total reserved 30932992K, committed 114688K, used 25673K [0x00000000a0000000, 0x0000000800000000)
  region size 16384K, 0 young (0K), 0 survivors (0K)
 Metaspace       used 38888K, committed 39104K, reserved 1114112K
  class space    used 3061K, committed 3136K, reserved 1048576K
}
Event: 5.834 GC heap before
{Heap before GC invocations=9 (full 6):
 garbage-first heap   total reserved 30932992K, committed 114688K, used 42057K [0x00000000a0000000, 0x0000000800000000)
  region size 16384K, 2 young (32768K), 0 survivors (0K)
 Metaspace       used 39035K, committed 39296K, reserved 1114112K
  class space    used 3071K, committed 3200K, reserved 1048576K
}
Event: 5.872 GC heap after
{Heap after GC invocations=10 (full 7):
 garbage-first heap   total reserved 30932992K, committed 114688K, used 25862K [0x00000000a0000000, 0x0000000800000000)
  region size 16384K, 0 young (0K), 0 survivors (0K)
 Metaspace       used 39035K, committed 39296K, reserved 1114112K
  class space    used 3071K, committed 3200K, reserved 1048576K
}
Event: 5.973 GC heap before
{Heap before GC invocations=10 (full 7):
 garbage-first heap   total reserved 30932992K, committed 114688K, used 42246K [0x00000000a0000000, 0x0000000800000000)
  region size 16384K, 2 young (32768K), 0 survivors (0K)
 Metaspace       used 39249K, committed 39488K, reserved 1114112K
  class space    used 3071K, committed 3200K, reserved 1048576K
}
Event: 6.008 GC heap after
{Heap after GC invocations=11 (full 8):
 garbage-first heap   total reserved 30932992K, committed 114688K, used 25928K [0x00000000a0000000, 0x0000000800000000)
  region size 16384K, 0 young (0K), 0 survivors (0K)
 Metaspace       used 39249K, committed 39488K, reserved 1114112K
  class space    used 3071K, committed 3200K, reserved 1048576K
}

