# JRE version: OpenJDK Runtime Environment (Red_Hat-17.0.7.0.7-1.fc36) (17.0.7+7) (build 17.0.7+7)
# Java VM: OpenJDK 64-Bit Server VM (Red_Hat-17.0.7.0.7-1.fc36) (17.0.7+7, mixed mode, sharing, tiered, compressed oops, compressed class ptrs, g1 gc, linux-amd64)
GC Precious Log:
 CPUs: 32 total, 32 available
 Memory: 125G
 Large Page Support: Disabled
 NUMA Support: Disabled
 Compressed Oops: Enabled (Zero based)
 Heap Region Size: 16M
 Heap Min Capacity: 16M
 Heap Initial Capacity: 2016M
 Heap Max Capacity: 30688M
 Pre-touch: Disabled
 Parallel Workers: 23
 Concurrent Workers: 6
 Concurrent Refinement Workers: 23
 Periodic GC: Disabled
Heap:
 garbage-first heap   total 557056K, used 115373K [0x0000000082000000, 0x0000000800000000)
  region size 16384K, 1 young (16384K), 0 survivors (0K)
 Metaspace       used 145754K, committed 146816K, reserved 1179648K
  class space    used 17885K, committed 18432K, reserved 1048576K
GC Heap History (20 events):
Event: 922.902 GC heap before
{Heap before GC invocations=4953 (full 4902):
 garbage-first heap   total 557056K, used 115166K [0x0000000082000000, 0x0000000800000000)
  region size 16384K, 1 young (16384K), 0 survivors (0K)
 Metaspace       used 145739K, committed 146816K, reserved 1179648K
  class space    used 17885K, committed 18432K, reserved 1048576K
}
Event: 923.017 GC heap after
{Heap after GC invocations=4954 (full 4903):
 garbage-first heap   total 557056K, used 115223K [0x0000000082000000, 0x0000000800000000)
  region size 16384K, 0 young (0K), 0 survivors (0K)
 Metaspace       used 145739K, committed 146816K, reserved 1179648K
  class space    used 17885K, committed 18432K, reserved 1048576K
}
Event: 923.134 GC heap before
{Heap before GC invocations=4954 (full 4903):
 garbage-first heap   total 557056K, used 115223K [0x0000000082000000, 0x0000000800000000)
  region size 16384K, 1 young (16384K), 0 survivors (0K)
 Metaspace       used 145739K, committed 146816K, reserved 1179648K
  class space    used 17885K, committed 18432K, reserved 1048576K
}
Event: 923.231 GC heap after
{Heap after GC invocations=4955 (full 4904):
 garbage-first heap   total 557056K, used 115252K [0x0000000082000000, 0x0000000800000000)
  region size 16384K, 0 young (0K), 0 survivors (0K)
 Metaspace       used 145739K, committed 146816K, reserved 1179648K
  class space    used 17885K, committed 18432K, reserved 1048576K
}
Event: 923.332 GC heap before
{Heap before GC invocations=4955 (full 4904):
 garbage-first heap   total 557056K, used 115252K [0x0000000082000000, 0x0000000800000000)
  region size 16384K, 1 young (16384K), 0 survivors (0K)
 Metaspace       used 145739K, committed 146816K, reserved 1179648K
  class space    used 17885K, committed 18432K, reserved 1048576K
}
Event: 923.422 GC heap after
{Heap after GC invocations=4956 (full 4905):
 garbage-first heap   total 557056K, used 115228K [0x0000000082000000, 0x0000000800000000)
  region size 16384K, 0 young (0K), 0 survivors (0K)
 Metaspace       used 145739K, committed 146816K, reserved 1179648K
  class space    used 17885K, committed 18432K, reserved 1048576K
}
Event: 923.525 GC heap before
{Heap before GC invocations=4956 (full 4905):
 garbage-first heap   total 557056K, used 115228K [0x0000000082000000, 0x0000000800000000)
  region size 16384K, 1 young (16384K), 0 survivors (0K)
 Metaspace       used 145739K, committed 146816K, reserved 1179648K
  class space    used 17885K, committed 18432K, reserved 1048576K
}
Event: 923.621 GC heap after
{Heap after GC invocations=4957 (full 4906):
 garbage-first heap   total 557056K, used 115279K [0x0000000082000000, 0x0000000800000000)
  region size 16384K, 0 young (0K), 0 survivors (0K)
 Metaspace       used 145739K, committed 146816K, reserved 1179648K
  class space    used 17885K, committed 18432K, reserved 1048576K
}
Event: 923.722 GC heap before
{Heap before GC invocations=4957 (full 4906):
 garbage-first heap   total 557056K, used 115279K [0x0000000082000000, 0x0000000800000000)
  region size 16384K, 1 young (16384K), 0 survivors (0K)
 Metaspace       used 145740K, committed 146816K, reserved 1179648K
  class space    used 17885K, committed 18432K, reserved 1048576K
}
Event: 923.812 GC heap after
{Heap after GC invocations=4958 (full 4907):
 garbage-first heap   total 557056K, used 115265K [0x0000000082000000, 0x0000000800000000)
  region size 16384K, 0 young (0K), 0 survivors (0K)
 Metaspace       used 145740K, committed 146816K, reserved 1179648K
  class space    used 17885K, committed 18432K, reserved 1048576K
}
Event: 923.921 GC heap before
{Heap before GC invocations=4958 (full 4907):
 garbage-first heap   total 557056K, used 115265K [0x0000000082000000, 0x0000000800000000)
  region size 16384K, 1 young (16384K), 0 survivors (0K)
 Metaspace       used 145740K, committed 146816K, reserved 1179648K
  class space    used 17885K, committed 18432K, reserved 1048576K
}
Event: 924.009 GC heap after
{Heap after GC invocations=4959 (full 4908):
 garbage-first heap   total 557056K, used 115317K [0x0000000082000000, 0x0000000800000000)
  region size 16384K, 0 young (0K), 0 survivors (0K)
 Metaspace       used 145740K, committed 146816K, reserved 1179648K
  class space    used 17885K, committed 18432K, reserved 1048576K
}
Event: 924.110 GC heap before
{Heap before GC invocations=4959 (full 4908):
 garbage-first heap   total 557056K, used 115317K [0x0000000082000000, 0x0000000800000000)
  region size 16384K, 1 young (16384K), 0 survivors (0K)
 Metaspace       used 145740K, committed 146816K, reserved 1179648K
  class space    used 17885K, committed 18432K, reserved 1048576K
}
Event: 924.197 GC heap after
{Heap after GC invocations=4960 (full 4909):
 garbage-first heap   total 557056K, used 115360K [0x0000000082000000, 0x0000000800000000)
  region size 16384K, 0 young (0K), 0 survivors (0K)
 Metaspace       used 145740K, committed 146816K, reserved 1179648K
  class space    used 17885K, committed 18432K, reserved 1048576K
}
Event: 924.299 GC heap before
{Heap before GC invocations=4960 (full 4909):
 garbage-first heap   total 557056K, used 115360K [0x0000000082000000, 0x0000000800000000)
  region size 16384K, 1 young (16384K), 0 survivors (0K)
 Metaspace       used 145740K, committed 146816K, reserved 1179648K
  class space    used 17885K, committed 18432K, reserved 1048576K
}
Event: 924.385 GC heap after
{Heap after GC invocations=4961 (full 4910):
 garbage-first heap   total 557056K, used 115323K [0x0000000082000000, 0x0000000800000000)
  region size 16384K, 0 young (0K), 0 survivors (0K)
 Metaspace       used 145740K, committed 146816K, reserved 1179648K
  class space    used 17885K, committed 18432K, reserved 1048576K
}
Event: 924.488 GC heap before
{Heap before GC invocations=4961 (full 4910):
 garbage-first heap   total 557056K, used 115323K [0x0000000082000000, 0x0000000800000000)
  region size 16384K, 1 young (16384K), 0 survivors (0K)
 Metaspace       used 145740K, committed 146816K, reserved 1179648K
  class space    used 17885K, committed 18432K, reserved 1048576K
}
Event: 924.580 GC heap after
{Heap after GC invocations=4962 (full 4911):
 garbage-first heap   total 557056K, used 115381K [0x0000000082000000, 0x0000000800000000)
  region size 16384K, 0 young (0K), 0 survivors (0K)
 Metaspace       used 145740K, committed 146816K, reserved 1179648K
  class space    used 17885K, committed 18432K, reserved 1048576K
}
Event: 924.680 GC heap before
{Heap before GC invocations=4962 (full 4911):
 garbage-first heap   total 557056K, used 115381K [0x0000000082000000, 0x0000000800000000)
  region size 16384K, 1 young (16384K), 0 survivors (0K)
 Metaspace       used 145740K, committed 146816K, reserved 1179648K
  class space    used 17885K, committed 18432K, reserved 1048576K
}
Event: 924.779 GC heap after
{Heap after GC invocations=4963 (full 4912):
 garbage-first heap   total 557056K, used 115373K [0x0000000082000000, 0x0000000800000000)
  region size 16384K, 0 young (0K), 0 survivors (0K)
 Metaspace       used 145740K, committed 146816K, reserved 1179648K
  class space    used 17885K, committed 18432K, reserved 1048576K
}

