# JRE version: Java(TM) SE Runtime Environment Oracle GraalVM 24.0.1+9.1 (24.0.1+9) (build 24.0.1+9-jvmci-b01)
# Java VM: Java HotSpot(TM) 64-Bit Server VM Oracle GraalVM 24.0.1+9.1 (24.0.1+9-jvmci-b01, mixed mode, sharing, tiered, jvmci, jvmci compiler, compressed oops, compressed class ptrs, g1 gc, linux-amd64)
GC Precious Log:
 CardTable entry size: 512
 Card Set container configuration: InlinePtr #cards 4 size 8 Array Of Cards #cards 64 size 144 Howl #buckets 8 coarsen threshold 14745 Howl Bitmap #cards 2048 size 272 coarsen threshold 1843 Card regions per heap region 1 cards per card region 16384
 CPUs: 32 total, 32 available
 Memory: 125G
 Large Page Support: Disabled
 NUMA Support: Disabled
 Compressed Oops: Enabled (Zero based)
 Heap Region Size: 8M
 Heap Min Capacity: 8M
 Heap Initial Capacity: 2016M
 Heap Max Capacity: 16G
 Pre-touch: Disabled
 Parallel Workers: 23
 Concurrent Workers: 6
 Concurrent Refinement Workers: 23
 Periodic GC: Disabled
Heap:
 garbage-first heap   total reserved 16777216K, committed 221184K, used 57411K [0x0000000400000000, 0x0000000800000000)
  region size 8192K, 1 young (8192K), 0 survivors (0K)
 Metaspace       used 75331K, committed 75968K, reserved 1179648K
  class space    used 6590K, committed 6848K, reserved 1048576K
GC Heap History (20 events):
Event: 326.880 GC heap before
{Heap before GC invocations=2219 (full 2176):
 garbage-first heap   total reserved 16777216K, committed 221184K, used 58878K [0x0000000400000000, 0x0000000800000000)
  region size 8192K, 1 young (8192K), 0 survivors (0K)
 Metaspace       used 75309K, committed 75968K, reserved 1179648K
  class space    used 6590K, committed 6848K, reserved 1048576K
}
Event: 326.919 GC heap after
{Heap after GC invocations=2220 (full 2177):
 garbage-first heap   total reserved 16777216K, committed 221184K, used 58926K [0x0000000400000000, 0x0000000800000000)
  region size 8192K, 0 young (0K), 0 survivors (0K)
 Metaspace       used 75309K, committed 75968K, reserved 1179648K
  class space    used 6590K, committed 6848K, reserved 1048576K
}
Event: 327.020 GC heap before
{Heap before GC invocations=2220 (full 2177):
 garbage-first heap   total reserved 16777216K, committed 221184K, used 58926K [0x0000000400000000, 0x0000000800000000)
  region size 8192K, 1 young (8192K), 0 survivors (0K)
 Metaspace       used 75309K, committed 75968K, reserved 1179648K
  class space    used 6590K, committed 6848K, reserved 1048576K
}
Event: 327.061 GC heap after
{Heap after GC invocations=2221 (full 2178):
 garbage-first heap   total reserved 16777216K, committed 221184K, used 58896K [0x0000000400000000, 0x0000000800000000)
  region size 8192K, 0 young (0K), 0 survivors (0K)
 Metaspace       used 75309K, committed 75968K, reserved 1179648K
  class space    used 6590K, committed 6848K, reserved 1048576K
}
Event: 327.163 GC heap before
{Heap before GC invocations=2221 (full 2178):
 garbage-first heap   total reserved 16777216K, committed 221184K, used 58896K [0x0000000400000000, 0x0000000800000000)
  region size 8192K, 1 young (8192K), 0 survivors (0K)
 Metaspace       used 75309K, committed 75968K, reserved 1179648K
  class space    used 6590K, committed 6848K, reserved 1048576K
}
Event: 327.204 GC heap after
{Heap after GC invocations=2222 (full 2179):
 garbage-first heap   total reserved 16777216K, committed 221184K, used 58925K [0x0000000400000000, 0x0000000800000000)
  region size 8192K, 0 young (0K), 0 survivors (0K)
 Metaspace       used 75309K, committed 75968K, reserved 1179648K
  class space    used 6590K, committed 6848K, reserved 1048576K
}
Event: 327.305 GC heap before
{Heap before GC invocations=2222 (full 2179):
 garbage-first heap   total reserved 16777216K, committed 221184K, used 58925K [0x0000000400000000, 0x0000000800000000)
  region size 8192K, 1 young (8192K), 0 survivors (0K)
 Metaspace       used 75309K, committed 75968K, reserved 1179648K
  class space    used 6590K, committed 6848K, reserved 1048576K
}
Event: 327.344 GC heap after
{Heap after GC invocations=2223 (full 2180):
 garbage-first heap   total reserved 16777216K, committed 221184K, used 58982K [0x0000000400000000, 0x0000000800000000)
  region size 8192K, 0 young (0K), 0 survivors (0K)
 Metaspace       used 75309K, committed 75968K, reserved 1179648K
  class space    used 6590K, committed 6848K, reserved 1048576K
}
Event: 327.450 GC heap before
{Heap before GC invocations=2223 (full 2180):
 garbage-first heap   total reserved 16777216K, committed 221184K, used 58982K [0x0000000400000000, 0x0000000800000000)
  region size 8192K, 1 young (8192K), 0 survivors (0K)
 Metaspace       used 75309K, committed 75968K, reserved 1179648K
  class space    used 6590K, committed 6848K, reserved 1048576K
}
Event: 327.492 GC heap after
{Heap after GC invocations=2224 (full 2181):
 garbage-first heap   total reserved 16777216K, committed 221184K, used 58992K [0x0000000400000000, 0x0000000800000000)
  region size 8192K, 0 young (0K), 0 survivors (0K)
 Metaspace       used 75309K, committed 75968K, reserved 1179648K
  class space    used 6590K, committed 6848K, reserved 1048576K
}
Event: 327.594 GC heap before
{Heap before GC invocations=2224 (full 2181):
 garbage-first heap   total reserved 16777216K, committed 221184K, used 58992K [0x0000000400000000, 0x0000000800000000)
  region size 8192K, 1 young (8192K), 0 survivors (0K)
 Metaspace       used 75309K, committed 75968K, reserved 1179648K
  class space    used 6590K, committed 6848K, reserved 1048576K
}
Event: 327.639 GC heap after
{Heap after GC invocations=2225 (full 2182):
 garbage-first heap   total reserved 16777216K, committed 221184K, used 58972K [0x0000000400000000, 0x0000000800000000)
  region size 8192K, 0 young (0K), 0 survivors (0K)
 Metaspace       used 75309K, committed 75968K, reserved 1179648K
  class space    used 6590K, committed 6848K, reserved 1048576K
}
Event: 327.742 GC heap before
{Heap before GC invocations=2225 (full 2182):
 garbage-first heap   total reserved 16777216K, committed 221184K, used 58972K [0x0000000400000000, 0x0000000800000000)
  region size 8192K, 1 young (8192K), 0 survivors (0K)
 Metaspace       used 75314K, committed 75968K, reserved 1179648K
  class space    used 6590K, committed 6848K, reserved 1048576K
}
Event: 327.788 GC heap after
{Heap after GC invocations=2226 (full 2183):
 garbage-first heap   total reserved 16777216K, committed 221184K, used 59023K [0x0000000400000000, 0x0000000800000000)
  region size 8192K, 0 young (0K), 0 survivors (0K)
 Metaspace       used 75314K, committed 75968K, reserved 1179648K
  class space    used 6590K, committed 6848K, reserved 1048576K
}
Event: 327.888 GC heap before
{Heap before GC invocations=2226 (full 2183):
 garbage-first heap   total reserved 16777216K, committed 221184K, used 59023K [0x0000000400000000, 0x0000000800000000)
  region size 8192K, 1 young (8192K), 0 survivors (0K)
 Metaspace       used 75314K, committed 75968K, reserved 1179648K
  class space    used 6590K, committed 6848K, reserved 1048576K
}
Event: 327.929 GC heap after
{Heap after GC invocations=2227 (full 2184):
 garbage-first heap   total reserved 16777216K, committed 221184K, used 59002K [0x0000000400000000, 0x0000000800000000)
  region size 8192K, 0 young (0K), 0 survivors (0K)
 Metaspace       used 75314K, committed 75968K, reserved 1179648K
  class space    used 6590K, committed 6848K, reserved 1048576K
}
Event: 328.031 GC heap before
{Heap before GC invocations=2227 (full 2184):
 garbage-first heap   total reserved 16777216K, committed 221184K, used 59002K [0x0000000400000000, 0x0000000800000000)
  region size 8192K, 1 young (8192K), 0 survivors (0K)
 Metaspace       used 75314K, committed 75968K, reserved 1179648K
  class space    used 6590K, committed 6848K, reserved 1048576K
}
Event: 328.073 GC heap after
{Heap after GC invocations=2228 (full 2185):
 garbage-first heap   total reserved 16777216K, committed 221184K, used 59021K [0x0000000400000000, 0x0000000800000000)
  region size 8192K, 0 young (0K), 0 survivors (0K)
 Metaspace       used 75314K, committed 75968K, reserved 1179648K
  class space    used 6590K, committed 6848K, reserved 1048576K
}
Event: 328.174 GC heap before
{Heap before GC invocations=2228 (full 2185):
 garbage-first heap   total reserved 16777216K, committed 221184K, used 59021K [0x0000000400000000, 0x0000000800000000)
  region size 8192K, 1 young (8192K), 0 survivors (0K)
 Metaspace       used 75331K, committed 75968K, reserved 1179648K
  class space    used 6590K, committed 6848K, reserved 1048576K
}
Event: 328.223 GC heap after
{Heap after GC invocations=2229 (full 2186):
 garbage-first heap   total reserved 16777216K, committed 221184K, used 57411K [0x0000000400000000, 0x0000000800000000)
  region size 8192K, 0 young (0K), 0 survivors (0K)
 Metaspace       used 75331K, committed 75968K, reserved 1179648K
  class space    used 6590K, committed 6848K, reserved 1048576K
}

