# JRE version: OpenJDK Runtime Environment (Red_Hat-17.0.7.0.7-1.fc36) (17.0.7+7) (build 17.0.7+7)
# Java VM: OpenJDK 64-Bit Server VM (Red_Hat-17.0.7.0.7-1.fc36) (17.0.7+7, mixed mode, sharing, tiered, compressed oops, compressed class ptrs, g1 gc, linux-amd64)
GC Precious Log:
 CPUs: 32 total, 32 available
 Memory: 125G
 Large Page Support: Disabled
 NUMA Support: Disabled
 Compressed Oops: Enabled (Zero based)
 Heap Region Size: 16M
 Heap Min Capacity: 16M
 Heap Initial Capacity: 2016M
 Heap Max Capacity: 30688M
 Pre-touch: Disabled
 Parallel Workers: 23
 Concurrent Workers: 6
 Concurrent Refinement Workers: 23
 Periodic GC: Disabled
Heap:
 garbage-first heap   total 393216K, used 83276K [0x0000000082000000, 0x0000000800000000)
  region size 16384K, 1 young (16384K), 0 survivors (0K)
 Metaspace       used 138872K, committed 139712K, reserved 1179648K
  class space    used 17077K, committed 17472K, reserved 1048576K
GC Heap History (20 events):
Event: 2313.192 GC heap before
{Heap before GC invocations=12887 (full 12872):
 garbage-first heap   total 393216K, used 83276K [0x0000000082000000, 0x0000000800000000)
  region size 16384K, 1 young (16384K), 0 survivors (0K)
 Metaspace       used 138867K, committed 139648K, reserved 1179648K
  class space    used 17077K, committed 17472K, reserved 1048576K
}
Event: 2313.277 GC heap after
{Heap after GC invocations=12888 (full 12873):
 garbage-first heap   total 393216K, used 83276K [0x0000000082000000, 0x0000000800000000)
  region size 16384K, 0 young (0K), 0 survivors (0K)
 Metaspace       used 138867K, committed 139648K, reserved 1179648K
  class space    used 17077K, committed 17472K, reserved 1048576K
}
Event: 2313.377 GC heap before
{Heap before GC invocations=12888 (full 12873):
 garbage-first heap   total 393216K, used 83276K [0x0000000082000000, 0x0000000800000000)
  region size 16384K, 1 young (16384K), 0 survivors (0K)
 Metaspace       used 138867K, committed 139648K, reserved 1179648K
  class space    used 17077K, committed 17472K, reserved 1048576K
}
Event: 2313.457 GC heap after
{Heap after GC invocations=12889 (full 12874):
 garbage-first heap   total 393216K, used 83276K [0x0000000082000000, 0x0000000800000000)
  region size 16384K, 0 young (0K), 0 survivors (0K)
 Metaspace       used 138867K, committed 139648K, reserved 1179648K
  class space    used 17077K, committed 17472K, reserved 1048576K
}
Event: 2313.558 GC heap before
{Heap before GC invocations=12889 (full 12874):
 garbage-first heap   total 393216K, used 83276K [0x0000000082000000, 0x0000000800000000)
  region size 16384K, 1 young (16384K), 0 survivors (0K)
 Metaspace       used 138867K, committed 139648K, reserved 1179648K
  class space    used 17077K, committed 17472K, reserved 1048576K
}
Event: 2313.643 GC heap after
{Heap after GC invocations=12890 (full 12875):
 garbage-first heap   total 393216K, used 83276K [0x0000000082000000, 0x0000000800000000)
  region size 16384K, 0 young (0K), 0 survivors (0K)
 Metaspace       used 138867K, committed 139648K, reserved 1179648K
  class space    used 17077K, committed 17472K, reserved 1048576K
}
Event: 2313.743 GC heap before
{Heap before GC invocations=12890 (full 12875):
 garbage-first heap   total 393216K, used 83276K [0x0000000082000000, 0x0000000800000000)
  region size 16384K, 1 young (16384K), 0 survivors (0K)
 Metaspace       used 138867K, committed 139648K, reserved 1179648K
  class space    used 17077K, committed 17472K, reserved 1048576K
}
Event: 2313.825 GC heap after
{Heap after GC invocations=12891 (full 12876):
 garbage-first heap   total 393216K, used 83276K [0x0000000082000000, 0x0000000800000000)
  region size 16384K, 0 young (0K), 0 survivors (0K)
 Metaspace       used 138867K, committed 139648K, reserved 1179648K
  class space    used 17077K, committed 17472K, reserved 1048576K
}
Event: 2313.925 GC heap before
{Heap before GC invocations=12891 (full 12876):
 garbage-first heap   total 393216K, used 83276K [0x0000000082000000, 0x0000000800000000)
  region size 16384K, 1 young (16384K), 0 survivors (0K)
 Metaspace       used 138867K, committed 139648K, reserved 1179648K
  class space    used 17077K, committed 17472K, reserved 1048576K
}
Event: 2314.021 GC heap after
{Heap after GC invocations=12892 (full 12877):
 garbage-first heap   total 393216K, used 83276K [0x0000000082000000, 0x0000000800000000)
  region size 16384K, 0 young (0K), 0 survivors (0K)
 Metaspace       used 138867K, committed 139648K, reserved 1179648K
  class space    used 17077K, committed 17472K, reserved 1048576K
}
Event: 2314.122 GC heap before
{Heap before GC invocations=12892 (full 12877):
 garbage-first heap   total 393216K, used 83276K [0x0000000082000000, 0x0000000800000000)
  region size 16384K, 1 young (16384K), 0 survivors (0K)
 Metaspace       used 138867K, committed 139648K, reserved 1179648K
  class space    used 17077K, committed 17472K, reserved 1048576K
}
Event: 2314.226 GC heap after
{Heap after GC invocations=12893 (full 12878):
 garbage-first heap   total 393216K, used 83276K [0x0000000082000000, 0x0000000800000000)
  region size 16384K, 0 young (0K), 0 survivors (0K)
 Metaspace       used 138867K, committed 139648K, reserved 1179648K
  class space    used 17077K, committed 17472K, reserved 1048576K
}
Event: 2314.326 GC heap before
{Heap before GC invocations=12893 (full 12878):
 garbage-first heap   total 393216K, used 83276K [0x0000000082000000, 0x0000000800000000)
  region size 16384K, 1 young (16384K), 0 survivors (0K)
 Metaspace       used 138867K, committed 139648K, reserved 1179648K
  class space    used 17077K, committed 17472K, reserved 1048576K
}
Event: 2314.412 GC heap after
{Heap after GC invocations=12894 (full 12879):
 garbage-first heap   total 393216K, used 83276K [0x0000000082000000, 0x0000000800000000)
  region size 16384K, 0 young (0K), 0 survivors (0K)
 Metaspace       used 138867K, committed 139648K, reserved 1179648K
  class space    used 17077K, committed 17472K, reserved 1048576K
}
Event: 2314.512 GC heap before
{Heap before GC invocations=12894 (full 12879):
 garbage-first heap   total 393216K, used 83276K [0x0000000082000000, 0x0000000800000000)
  region size 16384K, 1 young (16384K), 0 survivors (0K)
 Metaspace       used 138867K, committed 139648K, reserved 1179648K
  class space    used 17077K, committed 17472K, reserved 1048576K
}
Event: 2314.598 GC heap after
{Heap after GC invocations=12895 (full 12880):
 garbage-first heap   total 393216K, used 83276K [0x0000000082000000, 0x0000000800000000)
  region size 16384K, 0 young (0K), 0 survivors (0K)
 Metaspace       used 138867K, committed 139648K, reserved 1179648K
  class space    used 17077K, committed 17472K, reserved 1048576K
}
Event: 2314.698 GC heap before
{Heap before GC invocations=12895 (full 12880):
 garbage-first heap   total 393216K, used 83276K [0x0000000082000000, 0x0000000800000000)
  region size 16384K, 1 young (16384K), 0 survivors (0K)
 Metaspace       used 138867K, committed 139648K, reserved 1179648K
  class space    used 17077K, committed 17472K, reserved 1048576K
}
Event: 2314.774 GC heap after
{Heap after GC invocations=12896 (full 12881):
 garbage-first heap   total 393216K, used 83276K [0x0000000082000000, 0x0000000800000000)
  region size 16384K, 0 young (0K), 0 survivors (0K)
 Metaspace       used 138867K, committed 139648K, reserved 1179648K
  class space    used 17077K, committed 17472K, reserved 1048576K
}
Event: 2314.874 GC heap before
{Heap before GC invocations=12896 (full 12881):
 garbage-first heap   total 393216K, used 83276K [0x0000000082000000, 0x0000000800000000)
  region size 16384K, 1 young (16384K), 0 survivors (0K)
 Metaspace       used 138867K, committed 139648K, reserved 1179648K
  class space    used 17077K, committed 17472K, reserved 1048576K
}
Event: 2314.957 GC heap after
{Heap after GC invocations=12897 (full 12882):
 garbage-first heap   total 393216K, used 83276K [0x0000000082000000, 0x0000000800000000)
  region size 16384K, 0 young (0K), 0 survivors (0K)
 Metaspace       used 138867K, committed 139648K, reserved 1179648K
  class space    used 17077K, committed 17472K, reserved 1048576K
}

