# JRE version: OpenJDK Runtime Environment (Red_Hat-17.0.7.0.7-1.fc36) (17.0.7+7) (build 17.0.7+7)
# Java VM: OpenJDK 64-Bit Server VM (Red_Hat-17.0.7.0.7-1.fc36) (17.0.7+7, mixed mode, sharing, tiered, compressed oops, compressed class ptrs, g1 gc, linux-amd64)
GC Precious Log:
 CPUs: 32 total, 32 available
 Memory: 125G
 Large Page Support: Disabled
 NUMA Support: Disabled
 Compressed Oops: Enabled (Zero based)
 Heap Region Size: 16M
 Heap Min Capacity: 16M
 Heap Initial Capacity: 2016M
 Heap Max Capacity: 30688M
 Pre-touch: Disabled
 Parallel Workers: 23
 Concurrent Workers: 6
 Concurrent Refinement Workers: 23
 Periodic GC: Disabled
Heap:
 garbage-first heap   total 557056K, used 118321K [0x0000000082000000, 0x0000000800000000)
  region size 16384K, 1 young (16384K), 0 survivors (0K)
 Metaspace       used 146846K, committed 147840K, reserved 1179648K
  class space    used 17913K, committed 18432K, reserved 1048576K
GC Heap History (20 events):
Event: 4334.956 GC heap before
{Heap before GC invocations=22843 (full 22753):
 garbage-first heap   total 557056K, used 118120K [0x0000000082000000, 0x0000000800000000)
  region size 16384K, 1 young (16384K), 0 survivors (0K)
 Metaspace       used 146829K, committed 147840K, reserved 1179648K
  class space    used 17913K, committed 18432K, reserved 1048576K
}
Event: 4335.054 GC heap after
{Heap after GC invocations=22844 (full 22754):
 garbage-first heap   total 557056K, used 118220K [0x0000000082000000, 0x0000000800000000)
  region size 16384K, 0 young (0K), 0 survivors (0K)
 Metaspace       used 146829K, committed 147840K, reserved 1179648K
  class space    used 17913K, committed 18432K, reserved 1048576K
}
Event: 4335.154 GC heap before
{Heap before GC invocations=22844 (full 22754):
 garbage-first heap   total 557056K, used 118220K [0x0000000082000000, 0x0000000800000000)
  region size 16384K, 1 young (16384K), 0 survivors (0K)
 Metaspace       used 146829K, committed 147840K, reserved 1179648K
  class space    used 17913K, committed 18432K, reserved 1048576K
}
Event: 4335.256 GC heap after
{Heap after GC invocations=22845 (full 22755):
 garbage-first heap   total 557056K, used 118165K [0x0000000082000000, 0x0000000800000000)
  region size 16384K, 0 young (0K), 0 survivors (0K)
 Metaspace       used 146829K, committed 147840K, reserved 1179648K
  class space    used 17913K, committed 18432K, reserved 1048576K
}
Event: 4335.357 GC heap before
{Heap before GC invocations=22845 (full 22755):
 garbage-first heap   total 557056K, used 118165K [0x0000000082000000, 0x0000000800000000)
  region size 16384K, 1 young (16384K), 0 survivors (0K)
 Metaspace       used 146829K, committed 147840K, reserved 1179648K
  class space    used 17913K, committed 18432K, reserved 1048576K
}
Event: 4335.451 GC heap after
{Heap after GC invocations=22846 (full 22756):
 garbage-first heap   total 557056K, used 118198K [0x0000000082000000, 0x0000000800000000)
  region size 16384K, 0 young (0K), 0 survivors (0K)
 Metaspace       used 146829K, committed 147840K, reserved 1179648K
  class space    used 17913K, committed 18432K, reserved 1048576K
}
Event: 4335.552 GC heap before
{Heap before GC invocations=22846 (full 22756):
 garbage-first heap   total 557056K, used 118198K [0x0000000082000000, 0x0000000800000000)
  region size 16384K, 1 young (16384K), 0 survivors (0K)
 Metaspace       used 146829K, committed 147840K, reserved 1179648K
  class space    used 17913K, committed 18432K, reserved 1048576K
}
Event: 4335.647 GC heap after
{Heap after GC invocations=22847 (full 22757):
 garbage-first heap   total 557056K, used 118199K [0x0000000082000000, 0x0000000800000000)
  region size 16384K, 0 young (0K), 0 survivors (0K)
 Metaspace       used 146829K, committed 147840K, reserved 1179648K
  class space    used 17913K, committed 18432K, reserved 1048576K
}
Event: 4335.747 GC heap before
{Heap before GC invocations=22847 (full 22757):
 garbage-first heap   total 557056K, used 118199K [0x0000000082000000, 0x0000000800000000)
  region size 16384K, 1 young (16384K), 0 survivors (0K)
 Metaspace       used 146829K, committed 147840K, reserved 1179648K
  class space    used 17913K, committed 18432K, reserved 1048576K
}
Event: 4335.839 GC heap after
{Heap after GC invocations=22848 (full 22758):
 garbage-first heap   total 557056K, used 118215K [0x0000000082000000, 0x0000000800000000)
  region size 16384K, 0 young (0K), 0 survivors (0K)
 Metaspace       used 146829K, committed 147840K, reserved 1179648K
  class space    used 17913K, committed 18432K, reserved 1048576K
}
Event: 4335.940 GC heap before
{Heap before GC invocations=22848 (full 22758):
 garbage-first heap   total 557056K, used 118215K [0x0000000082000000, 0x0000000800000000)
  region size 16384K, 1 young (16384K), 0 survivors (0K)
 Metaspace       used 146829K, committed 147840K, reserved 1179648K
  class space    used 17913K, committed 18432K, reserved 1048576K
}
Event: 4336.035 GC heap after
{Heap after GC invocations=22849 (full 22759):
 garbage-first heap   total 557056K, used 118328K [0x0000000082000000, 0x0000000800000000)
  region size 16384K, 0 young (0K), 0 survivors (0K)
 Metaspace       used 146829K, committed 147840K, reserved 1179648K
  class space    used 17913K, committed 18432K, reserved 1048576K
}
Event: 4336.136 GC heap before
{Heap before GC invocations=22849 (full 22759):
 garbage-first heap   total 557056K, used 118328K [0x0000000082000000, 0x0000000800000000)
  region size 16384K, 1 young (16384K), 0 survivors (0K)
 Metaspace       used 146829K, committed 147840K, reserved 1179648K
  class space    used 17913K, committed 18432K, reserved 1048576K
}
Event: 4336.231 GC heap after
{Heap after GC invocations=22850 (full 22760):
 garbage-first heap   total 557056K, used 118266K [0x0000000082000000, 0x0000000800000000)
  region size 16384K, 0 young (0K), 0 survivors (0K)
 Metaspace       used 146829K, committed 147840K, reserved 1179648K
  class space    used 17913K, committed 18432K, reserved 1048576K
}
Event: 4336.333 GC heap before
{Heap before GC invocations=22850 (full 22760):
 garbage-first heap   total 557056K, used 118266K [0x0000000082000000, 0x0000000800000000)
  region size 16384K, 1 young (16384K), 0 survivors (0K)
 Metaspace       used 146829K, committed 147840K, reserved 1179648K
  class space    used 17913K, committed 18432K, reserved 1048576K
}
Event: 4336.438 GC heap after
{Heap after GC invocations=22851 (full 22761):
 garbage-first heap   total 557056K, used 118304K [0x0000000082000000, 0x0000000800000000)
  region size 16384K, 0 young (0K), 0 survivors (0K)
 Metaspace       used 146829K, committed 147840K, reserved 1179648K
  class space    used 17913K, committed 18432K, reserved 1048576K
}
Event: 4336.539 GC heap before
{Heap before GC invocations=22851 (full 22761):
 garbage-first heap   total 557056K, used 118304K [0x0000000082000000, 0x0000000800000000)
  region size 16384K, 1 young (16384K), 0 survivors (0K)
 Metaspace       used 146829K, committed 147840K, reserved 1179648K
  class space    used 17913K, committed 18432K, reserved 1048576K
}
Event: 4336.640 GC heap after
{Heap after GC invocations=22852 (full 22762):
 garbage-first heap   total 557056K, used 118303K [0x0000000082000000, 0x0000000800000000)
  region size 16384K, 0 young (0K), 0 survivors (0K)
 Metaspace       used 146829K, committed 147840K, reserved 1179648K
  class space    used 17913K, committed 18432K, reserved 1048576K
}
Event: 4336.740 GC heap before
{Heap before GC invocations=22852 (full 22762):
 garbage-first heap   total 557056K, used 118303K [0x0000000082000000, 0x0000000800000000)
  region size 16384K, 1 young (16384K), 0 survivors (0K)
 Metaspace       used 146829K, committed 147840K, reserved 1179648K
  class space    used 17913K, committed 18432K, reserved 1048576K
}
Event: 4336.867 GC heap after
{Heap after GC invocations=22853 (full 22763):
 garbage-first heap   total 557056K, used 118321K [0x0000000082000000, 0x0000000800000000)
  region size 16384K, 0 young (0K), 0 survivors (0K)
 Metaspace       used 146829K, committed 147840K, reserved 1179648K
  class space    used 17913K, committed 18432K, reserved 1048576K
}

