# JRE version: Java(TM) SE Runtime Environment Oracle GraalVM 24.0.1+9.1 (24.0.1+9) (build 24.0.1+9-jvmci-b01)
# Java VM: Java HotSpot(TM) 64-Bit Server VM Oracle GraalVM 24.0.1+9.1 (24.0.1+9-jvmci-b01, mixed mode, sharing, tiered, jvmci, jvmci compiler, compressed oops, compressed class ptrs, g1 gc, linux-amd64)
GC Precious Log:
 CardTable entry size: 512
 Card Set container configuration: InlinePtr #cards 4 size 8 Array Of Cards #cards 16 size 48 Howl #buckets 8 coarsen threshold 3686 Howl Bitmap #cards 512 size 80 coarsen threshold 460 Card regions per heap region 1 cards per card region 4096
 CPUs: 32 total, 32 available
 Memory: 125G
 Large Page Support: Disabled
 NUMA Support: Disabled
 Compressed Oops: Enabled (Zero based)
 Heap Region Size: 2M
 Heap Min Capacity: 8M
 Heap Initial Capacity: 2012M
 Heap Max Capacity: 4G
 Pre-touch: Disabled
 Parallel Workers: 23
 Concurrent Workers: 6
 Concurrent Refinement Workers: 23
 Periodic GC: Disabled
Heap:
 garbage-first heap   total reserved 4194304K, committed 233472K, used 70747K [0x0000000700000000, 0x0000000800000000)
  region size 2048K, 4 young (8192K), 0 survivors (0K)
 Metaspace       used 77935K, committed 78656K, reserved 1179648K
  class space    used 6668K, committed 6976K, reserved 1048576K
GC Heap History (20 events):
Event: 159.090 GC heap before
{Heap before GC invocations=1218 (full 1180):
 garbage-first heap   total reserved 4194304K, committed 239616K, used 66156K [0x0000000700000000, 0x0000000800000000)
  region size 2048K, 1 young (2048K), 0 survivors (0K)
 Metaspace       used 77888K, committed 78592K, reserved 1179648K
  class space    used 6663K, committed 6912K, reserved 1048576K
}
Event: 159.112 GC heap after
{Heap after GC invocations=1219 (full 1181):
 garbage-first heap   total reserved 4194304K, committed 239616K, used 66264K [0x0000000700000000, 0x0000000800000000)
  region size 2048K, 0 young (0K), 0 survivors (0K)
 Metaspace       used 77888K, committed 78592K, reserved 1179648K
  class space    used 6663K, committed 6912K, reserved 1048576K
}
Event: 159.224 GC heap before
{Heap before GC invocations=1219 (full 1181):
 garbage-first heap   total reserved 4194304K, committed 239616K, used 66264K [0x0000000700000000, 0x0000000800000000)
  region size 2048K, 1 young (2048K), 0 survivors (0K)
 Metaspace       used 77888K, committed 78592K, reserved 1179648K
  class space    used 6663K, committed 6912K, reserved 1048576K
}
Event: 159.244 GC heap after
{Heap after GC invocations=1220 (full 1182):
 garbage-first heap   total reserved 4194304K, committed 239616K, used 66285K [0x0000000700000000, 0x0000000800000000)
  region size 2048K, 0 young (0K), 0 survivors (0K)
 Metaspace       used 77888K, committed 78592K, reserved 1179648K
  class space    used 6663K, committed 6912K, reserved 1048576K
}
Event: 159.363 GC heap before
{Heap before GC invocations=1220 (full 1182):
 garbage-first heap   total reserved 4194304K, committed 239616K, used 66285K [0x0000000700000000, 0x0000000800000000)
  region size 2048K, 1 young (2048K), 0 survivors (0K)
 Metaspace       used 77888K, committed 78592K, reserved 1179648K
  class space    used 6663K, committed 6912K, reserved 1048576K
}
Event: 159.385 GC heap after
{Heap after GC invocations=1221 (full 1183):
 garbage-first heap   total reserved 4194304K, committed 239616K, used 66257K [0x0000000700000000, 0x0000000800000000)
  region size 2048K, 0 young (0K), 0 survivors (0K)
 Metaspace       used 77888K, committed 78592K, reserved 1179648K
  class space    used 6663K, committed 6912K, reserved 1048576K
}
Event: 159.488 GC heap before
{Heap before GC invocations=1221 (full 1183):
 garbage-first heap   total reserved 4194304K, committed 239616K, used 66257K [0x0000000700000000, 0x0000000800000000)
  region size 2048K, 1 young (2048K), 0 survivors (0K)
 Metaspace       used 77888K, committed 78592K, reserved 1179648K
  class space    used 6663K, committed 6912K, reserved 1048576K
}
Event: 159.509 GC heap after
{Heap after GC invocations=1222 (full 1184):
 garbage-first heap   total reserved 4194304K, committed 239616K, used 66290K [0x0000000700000000, 0x0000000800000000)
  region size 2048K, 0 young (0K), 0 survivors (0K)
 Metaspace       used 77888K, committed 78592K, reserved 1179648K
  class space    used 6663K, committed 6912K, reserved 1048576K
}
Event: 159.660 GC heap before
{Heap before GC invocations=1222 (full 1184):
 garbage-first heap   total reserved 4194304K, committed 239616K, used 66290K [0x0000000700000000, 0x0000000800000000)
  region size 2048K, 1 young (2048K), 0 survivors (0K)
 Metaspace       used 77888K, committed 78592K, reserved 1179648K
  class space    used 6663K, committed 6912K, reserved 1048576K
}
Event: 159.680 GC heap after
{Heap after GC invocations=1223 (full 1185):
 garbage-first heap   total reserved 4194304K, committed 239616K, used 66394K [0x0000000700000000, 0x0000000800000000)
  region size 2048K, 0 young (0K), 0 survivors (0K)
 Metaspace       used 77888K, committed 78592K, reserved 1179648K
  class space    used 6663K, committed 6912K, reserved 1048576K
}
Event: 159.780 GC heap before
{Heap before GC invocations=1223 (full 1185):
 garbage-first heap   total reserved 4194304K, committed 239616K, used 66394K [0x0000000700000000, 0x0000000800000000)
  region size 2048K, 1 young (2048K), 0 survivors (0K)
 Metaspace       used 77888K, committed 78592K, reserved 1179648K
  class space    used 6663K, committed 6912K, reserved 1048576K
}
Event: 159.799 GC heap after
{Heap after GC invocations=1224 (full 1186):
 garbage-first heap   total reserved 4194304K, committed 239616K, used 66328K [0x0000000700000000, 0x0000000800000000)
  region size 2048K, 0 young (0K), 0 survivors (0K)
 Metaspace       used 77888K, committed 78592K, reserved 1179648K
  class space    used 6663K, committed 6912K, reserved 1048576K
}
Event: 159.900 GC heap before
{Heap before GC invocations=1224 (full 1186):
 garbage-first heap   total reserved 4194304K, committed 239616K, used 66328K [0x0000000700000000, 0x0000000800000000)
  region size 2048K, 1 young (2048K), 0 survivors (0K)
 Metaspace       used 77888K, committed 78592K, reserved 1179648K
  class space    used 6663K, committed 6912K, reserved 1048576K
}
Event: 159.920 GC heap after
{Heap after GC invocations=1225 (full 1187):
 garbage-first heap   total reserved 4194304K, committed 239616K, used 66314K [0x0000000700000000, 0x0000000800000000)
  region size 2048K, 0 young (0K), 0 survivors (0K)
 Metaspace       used 77888K, committed 78592K, reserved 1179648K
  class space    used 6663K, committed 6912K, reserved 1048576K
}
Event: 160.027 GC heap before
{Heap before GC invocations=1225 (full 1187):
 garbage-first heap   total reserved 4194304K, committed 239616K, used 66314K [0x0000000700000000, 0x0000000800000000)
  region size 2048K, 1 young (2048K), 0 survivors (0K)
 Metaspace       used 77888K, committed 78592K, reserved 1179648K
  class space    used 6663K, committed 6912K, reserved 1048576K
}
Event: 160.046 GC heap after
{Heap after GC invocations=1226 (full 1188):
 garbage-first heap   total reserved 4194304K, committed 239616K, used 66391K [0x0000000700000000, 0x0000000800000000)
  region size 2048K, 0 young (0K), 0 survivors (0K)
 Metaspace       used 77888K, committed 78592K, reserved 1179648K
  class space    used 6663K, committed 6912K, reserved 1048576K
}
Event: 160.150 GC heap before
{Heap before GC invocations=1226 (full 1188):
 garbage-first heap   total reserved 4194304K, committed 239616K, used 66391K [0x0000000700000000, 0x0000000800000000)
  region size 2048K, 1 young (2048K), 0 survivors (0K)
 Metaspace       used 77907K, committed 78592K, reserved 1179648K
  class space    used 6663K, committed 6912K, reserved 1048576K
}
Event: 160.168 GC heap after
{Heap after GC invocations=1227 (full 1189):
 garbage-first heap   total reserved 4194304K, committed 239616K, used 66409K [0x0000000700000000, 0x0000000800000000)
  region size 2048K, 0 young (0K), 0 survivors (0K)
 Metaspace       used 77907K, committed 78592K, reserved 1179648K
  class space    used 6663K, committed 6912K, reserved 1048576K
}
Event: 160.269 GC heap before
{Heap before GC invocations=1227 (full 1189):
 garbage-first heap   total reserved 4194304K, committed 239616K, used 66409K [0x0000000700000000, 0x0000000800000000)
  region size 2048K, 1 young (2048K), 0 survivors (0K)
 Metaspace       used 77907K, committed 78592K, reserved 1179648K
  class space    used 6663K, committed 6912K, reserved 1048576K
}
Event: 160.286 GC heap after
{Heap after GC invocations=1228 (full 1190):
 garbage-first heap   total reserved 4194304K, committed 233472K, used 64603K [0x0000000700000000, 0x0000000800000000)
  region size 2048K, 0 young (0K), 0 survivors (0K)
 Metaspace       used 77907K, committed 78592K, reserved 1179648K
  class space    used 6663K, committed 6912K, reserved 1048576K
}

