# JRE version: OpenJDK Runtime Environment (Red_Hat-17.0.7.0.7-1.fc36) (17.0.7+7) (build 17.0.7+7)
# Java VM: OpenJDK 64-Bit Server VM (Red_Hat-17.0.7.0.7-1.fc36) (17.0.7+7, mixed mode, sharing, tiered, compressed oops, compressed class ptrs, g1 gc, linux-amd64)
GC Precious Log:
 CPUs: 32 total, 32 available
 Memory: 125G
 Large Page Support: Disabled
 NUMA Support: Disabled
 Compressed Oops: Enabled (Zero based)
 Heap Region Size: 16M
 Heap Min Capacity: 16M
 Heap Initial Capacity: 2016M
 Heap Max Capacity: 30688M
 Pre-touch: Disabled
 Parallel Workers: 23
 Concurrent Workers: 6
 Concurrent Refinement Workers: 23
 Periodic GC: Disabled
Heap:
 garbage-first heap   total 491520K, used 221675K [0x0000000082000000, 0x0000000800000000)
  region size 16384K, 8 young (131072K), 1 survivors (16384K)
 Metaspace       used 130062K, committed 130816K, reserved 1179648K
  class space    used 16338K, committed 16704K, reserved 1048576K
GC Heap History (20 events):
Event: 68.306 GC heap before
{Heap before GC invocations=78 (full 51):
 garbage-first heap   total 606208K, used 303184K [0x0000000082000000, 0x0000000800000000)
  region size 16384K, 13 young (212992K), 0 survivors (0K)
 Metaspace       used 129930K, committed 130752K, reserved 1179648K
  class space    used 16332K, committed 16704K, reserved 1048576K
}
Event: 68.397 GC heap after
{Heap after GC invocations=79 (full 52):
 garbage-first heap   total 491520K, used 106707K [0x0000000082000000, 0x0000000800000000)
  region size 16384K, 0 young (0K), 0 survivors (0K)
 Metaspace       used 129930K, committed 130752K, reserved 1179648K
  class space    used 16332K, committed 16704K, reserved 1048576K
}
Event: 68.498 GC heap before
{Heap before GC invocations=79 (full 52):
 garbage-first heap   total 491520K, used 172243K [0x0000000082000000, 0x0000000800000000)
  region size 16384K, 5 young (81920K), 0 survivors (0K)
 Metaspace       used 129931K, committed 130752K, reserved 1179648K
  class space    used 16332K, committed 16704K, reserved 1048576K
}
Event: 68.580 GC heap after
{Heap after GC invocations=80 (full 53):
 garbage-first heap   total 491520K, used 109896K [0x0000000082000000, 0x0000000800000000)
  region size 16384K, 0 young (0K), 0 survivors (0K)
 Metaspace       used 129931K, committed 130752K, reserved 1179648K
  class space    used 16332K, committed 16704K, reserved 1048576K
}
Event: 80.177 GC heap before
{Heap before GC invocations=80 (full 53):
 garbage-first heap   total 491520K, used 355656K [0x0000000082000000, 0x0000000800000000)
  region size 16384K, 15 young (245760K), 0 survivors (0K)
 Metaspace       used 130014K, committed 130752K, reserved 1179648K
  class space    used 16336K, committed 16704K, reserved 1048576K
}
Event: 80.180 GC heap after
{Heap after GC invocations=81 (full 53):
 garbage-first heap   total 491520K, used 124711K [0x0000000082000000, 0x0000000800000000)
  region size 16384K, 1 young (16384K), 1 survivors (16384K)
 Metaspace       used 130014K, committed 130752K, reserved 1179648K
  class space    used 16336K, committed 16704K, reserved 1048576K
}
Event: 91.972 GC heap before
{Heap before GC invocations=81 (full 53):
 garbage-first heap   total 491520K, used 354087K [0x0000000082000000, 0x0000000800000000)
  region size 16384K, 15 young (245760K), 1 survivors (16384K)
 Metaspace       used 130034K, committed 130816K, reserved 1179648K
  class space    used 16337K, committed 16704K, reserved 1048576K
}
Event: 91.976 GC heap after
{Heap after GC invocations=82 (full 53):
 garbage-first heap   total 491520K, used 138337K [0x0000000082000000, 0x0000000800000000)
  region size 16384K, 2 young (32768K), 2 survivors (32768K)
 Metaspace       used 130034K, committed 130816K, reserved 1179648K
  class space    used 16337K, committed 16704K, reserved 1048576K
}
Event: 102.982 GC heap before
{Heap before GC invocations=82 (full 53):
 garbage-first heap   total 491520K, used 351329K [0x0000000082000000, 0x0000000800000000)
  region size 16384K, 15 young (245760K), 2 survivors (32768K)
 Metaspace       used 130048K, committed 130816K, reserved 1179648K
  class space    used 16338K, committed 16704K, reserved 1048576K
}
Event: 102.987 GC heap after
{Heap after GC invocations=83 (full 53):
 garbage-first heap   total 491520K, used 151081K [0x0000000082000000, 0x0000000800000000)
  region size 16384K, 2 young (32768K), 2 survivors (32768K)
 Metaspace       used 130048K, committed 130816K, reserved 1179648K
  class space    used 16338K, committed 16704K, reserved 1048576K
}
Event: 113.583 GC heap before
{Heap before GC invocations=83 (full 53):
 garbage-first heap   total 491520K, used 347689K [0x0000000082000000, 0x0000000800000000)
  region size 16384K, 14 young (229376K), 2 survivors (32768K)
 Metaspace       used 130054K, committed 130816K, reserved 1179648K
  class space    used 16338K, committed 16704K, reserved 1048576K
}
Event: 113.588 GC heap after
{Heap after GC invocations=84 (full 53):
 garbage-first heap   total 491520K, used 161720K [0x0000000082000000, 0x0000000800000000)
  region size 16384K, 2 young (32768K), 2 survivors (32768K)
 Metaspace       used 130054K, committed 130816K, reserved 1179648K
  class space    used 16338K, committed 16704K, reserved 1048576K
}
Event: 113.690 GC heap before
{Heap before GC invocations=84 (full 53):
 garbage-first heap   total 491520K, used 161720K [0x0000000082000000, 0x0000000800000000)
  region size 16384K, 3 young (49152K), 2 survivors (32768K)
 Metaspace       used 130054K, committed 130816K, reserved 1179648K
  class space    used 16338K, committed 16704K, reserved 1048576K
}
Event: 113.774 GC heap after
{Heap after GC invocations=85 (full 54):
 garbage-first heap   total 491520K, used 120454K [0x0000000082000000, 0x0000000800000000)
  region size 16384K, 0 young (0K), 0 survivors (0K)
 Metaspace       used 130054K, committed 130816K, reserved 1179648K
  class space    used 16338K, committed 16704K, reserved 1048576K
}
Event: 115.523 GC heap before
{Heap before GC invocations=85 (full 54):
 garbage-first heap   total 491520K, used 349830K [0x0000000082000000, 0x0000000800000000)
  region size 16384K, 14 young (229376K), 0 survivors (0K)
 Metaspace       used 130061K, committed 130816K, reserved 1179648K
  class space    used 16338K, committed 16704K, reserved 1048576K
}
Event: 115.524 GC heap after
{Heap after GC invocations=86 (full 54):
 garbage-first heap   total 491520K, used 124756K [0x0000000082000000, 0x0000000800000000)
  region size 16384K, 1 young (16384K), 1 survivors (16384K)
 Metaspace       used 130061K, committed 130816K, reserved 1179648K
  class space    used 16338K, committed 16704K, reserved 1048576K
}
Event: 115.605 GC heap before
{Heap before GC invocations=86 (full 54):
 garbage-first heap   total 491520K, used 354132K [0x0000000082000000, 0x0000000800000000)
  region size 16384K, 15 young (245760K), 1 survivors (16384K)
 Metaspace       used 130061K, committed 130816K, reserved 1179648K
  class space    used 16338K, committed 16704K, reserved 1048576K
}
Event: 115.606 GC heap after
{Heap after GC invocations=87 (full 54):
 garbage-first heap   total 491520K, used 123707K [0x0000000082000000, 0x0000000800000000)
  region size 16384K, 1 young (16384K), 1 survivors (16384K)
 Metaspace       used 130061K, committed 130816K, reserved 1179648K
  class space    used 16338K, committed 16704K, reserved 1048576K
}
Event: 115.685 GC heap before
{Heap before GC invocations=87 (full 54):
 garbage-first heap   total 491520K, used 353083K [0x0000000082000000, 0x0000000800000000)
  region size 16384K, 15 young (245760K), 1 survivors (16384K)
 Metaspace       used 130061K, committed 130816K, reserved 1179648K
  class space    used 16338K, committed 16704K, reserved 1048576K
}
Event: 115.686 GC heap after
{Heap after GC invocations=88 (full 54):
 garbage-first heap   total 491520K, used 123371K [0x0000000082000000, 0x0000000800000000)
  region size 16384K, 1 young (16384K), 1 survivors (16384K)
 Metaspace       used 130061K, committed 130816K, reserved 1179648K
  class space    used 16338K, committed 16704K, reserved 1048576K
}

