# JRE version: OpenJDK Runtime Environment (Red_Hat-17.0.7.0.7-1.fc36) (17.0.7+7) (build 17.0.7+7)
# Java VM: OpenJDK 64-Bit Server VM (Red_Hat-17.0.7.0.7-1.fc36) (17.0.7+7, mixed mode, sharing, tiered, compressed oops, compressed class ptrs, g1 gc, linux-amd64)
GC Precious Log:
 CPUs: 32 total, 32 available
 Memory: 125G
 Large Page Support: Disabled
 NUMA Support: Disabled
 Compressed Oops: Enabled (Zero based)
 Heap Region Size: 16M
 Heap Min Capacity: 16M
 Heap Initial Capacity: 2016M
 Heap Max Capacity: 30688M
 Pre-touch: Disabled
 Parallel Workers: 23
 Concurrent Workers: 6
 Concurrent Refinement Workers: 23
 Periodic GC: Disabled
Heap:
 garbage-first heap   total 770048K, used 198244K [0x0000000082000000, 0x0000000800000000)
  region size 16384K, 2 young (32768K), 0 survivors (0K)
 Metaspace       used 142183K, committed 143232K, reserved 1179648K
  class space    used 17634K, committed 18176K, reserved 1048576K
GC Heap History (20 events):
Event: 1454.173 GC heap after
{Heap after GC invocations=6410 (full 6387):
 garbage-first heap   total 770048K, used 166635K [0x0000000082000000, 0x0000000800000000)
  region size 16384K, 0 young (0K), 0 survivors (0K)
 Metaspace       used 142167K, committed 143232K, reserved 1179648K
  class space    used 17634K, committed 18176K, reserved 1048576K
}
Event: 1454.273 GC heap before
{Heap before GC invocations=6410 (full 6387):
 garbage-first heap   total 770048K, used 166635K [0x0000000082000000, 0x0000000800000000)
  region size 16384K, 1 young (16384K), 0 survivors (0K)
 Metaspace       used 142167K, committed 143232K, reserved 1179648K
  class space    used 17634K, committed 18176K, reserved 1048576K
}
Event: 1454.329 GC heap after
{Heap after GC invocations=6411 (full 6388):
 garbage-first heap   total 770048K, used 166637K [0x0000000082000000, 0x0000000800000000)
  region size 16384K, 0 young (0K), 0 survivors (0K)
 Metaspace       used 142167K, committed 143232K, reserved 1179648K
  class space    used 17634K, committed 18176K, reserved 1048576K
}
Event: 1475.855 GC heap before
{Heap before GC invocations=6411 (full 6388):
 garbage-first heap   total 770048K, used 215789K [0x0000000082000000, 0x0000000800000000)
  region size 16384K, 4 young (65536K), 0 survivors (0K)
 Metaspace       used 142170K, committed 143232K, reserved 1179648K
  class space    used 17634K, committed 18176K, reserved 1048576K
}
Event: 1475.925 GC heap after
{Heap after GC invocations=6412 (full 6389):
 garbage-first heap   total 770048K, used 166635K [0x0000000082000000, 0x0000000800000000)
  region size 16384K, 0 young (0K), 0 survivors (0K)
 Metaspace       used 142170K, committed 143232K, reserved 1179648K
  class space    used 17634K, committed 18176K, reserved 1048576K
}
Event: 1476.025 GC heap before
{Heap before GC invocations=6412 (full 6389):
 garbage-first heap   total 770048K, used 166635K [0x0000000082000000, 0x0000000800000000)
  region size 16384K, 1 young (16384K), 0 survivors (0K)
 Metaspace       used 142170K, committed 143232K, reserved 1179648K
  class space    used 17634K, committed 18176K, reserved 1048576K
}
Event: 1476.098 GC heap after
{Heap after GC invocations=6413 (full 6390):
 garbage-first heap   total 770048K, used 166633K [0x0000000082000000, 0x0000000800000000)
  region size 16384K, 0 young (0K), 0 survivors (0K)
 Metaspace       used 142170K, committed 143232K, reserved 1179648K
  class space    used 17634K, committed 18176K, reserved 1048576K
}
Event: 1476.198 GC heap before
{Heap before GC invocations=6413 (full 6390):
 garbage-first heap   total 770048K, used 166633K [0x0000000082000000, 0x0000000800000000)
  region size 16384K, 1 young (16384K), 0 survivors (0K)
 Metaspace       used 142170K, committed 143232K, reserved 1179648K
  class space    used 17634K, committed 18176K, reserved 1048576K
}
Event: 1476.278 GC heap after
{Heap after GC invocations=6414 (full 6391):
 garbage-first heap   total 770048K, used 166636K [0x0000000082000000, 0x0000000800000000)
  region size 16384K, 0 young (0K), 0 survivors (0K)
 Metaspace       used 142170K, committed 143232K, reserved 1179648K
  class space    used 17634K, committed 18176K, reserved 1048576K
}
Event: 1476.379 GC heap before
{Heap before GC invocations=6414 (full 6391):
 garbage-first heap   total 770048K, used 166636K [0x0000000082000000, 0x0000000800000000)
  region size 16384K, 1 young (16384K), 0 survivors (0K)
 Metaspace       used 142170K, committed 143232K, reserved 1179648K
  class space    used 17634K, committed 18176K, reserved 1048576K
}
Event: 1476.432 GC heap after
{Heap after GC invocations=6415 (full 6392):
 garbage-first heap   total 770048K, used 166637K [0x0000000082000000, 0x0000000800000000)
  region size 16384K, 0 young (0K), 0 survivors (0K)
 Metaspace       used 142170K, committed 143232K, reserved 1179648K
  class space    used 17634K, committed 18176K, reserved 1048576K
}
Event: 1482.439 GC heap before
{Heap before GC invocations=6415 (full 6392):
 garbage-first heap   total 770048K, used 183021K [0x0000000082000000, 0x0000000800000000)
  region size 16384K, 2 young (32768K), 0 survivors (0K)
 Metaspace       used 142170K, committed 143232K, reserved 1179648K
  class space    used 17634K, committed 18176K, reserved 1048576K
}
Event: 1482.517 GC heap after
{Heap after GC invocations=6416 (full 6393):
 garbage-first heap   total 770048K, used 166637K [0x0000000082000000, 0x0000000800000000)
  region size 16384K, 0 young (0K), 0 survivors (0K)
 Metaspace       used 142170K, committed 143232K, reserved 1179648K
  class space    used 17634K, committed 18176K, reserved 1048576K
}
Event: 1482.617 GC heap before
{Heap before GC invocations=6416 (full 6393):
 garbage-first heap   total 770048K, used 166637K [0x0000000082000000, 0x0000000800000000)
  region size 16384K, 1 young (16384K), 0 survivors (0K)
 Metaspace       used 142170K, committed 143232K, reserved 1179648K
  class space    used 17634K, committed 18176K, reserved 1048576K
}
Event: 1482.687 GC heap after
{Heap after GC invocations=6417 (full 6394):
 garbage-first heap   total 770048K, used 166635K [0x0000000082000000, 0x0000000800000000)
  region size 16384K, 0 young (0K), 0 survivors (0K)
 Metaspace       used 142170K, committed 143232K, reserved 1179648K
  class space    used 17634K, committed 18176K, reserved 1048576K
}
Event: 1482.787 GC heap before
{Heap before GC invocations=6417 (full 6394):
 garbage-first heap   total 770048K, used 166635K [0x0000000082000000, 0x0000000800000000)
  region size 16384K, 1 young (16384K), 0 survivors (0K)
 Metaspace       used 142170K, committed 143232K, reserved 1179648K
  class space    used 17634K, committed 18176K, reserved 1048576K
}
Event: 1482.877 GC heap after
{Heap after GC invocations=6418 (full 6395):
 garbage-first heap   total 770048K, used 166638K [0x0000000082000000, 0x0000000800000000)
  region size 16384K, 0 young (0K), 0 survivors (0K)
 Metaspace       used 142170K, committed 143232K, reserved 1179648K
  class space    used 17634K, committed 18176K, reserved 1048576K
}
Event: 1482.978 GC heap before
{Heap before GC invocations=6418 (full 6395):
 garbage-first heap   total 770048K, used 166638K [0x0000000082000000, 0x0000000800000000)
  region size 16384K, 1 young (16384K), 0 survivors (0K)
 Metaspace       used 142170K, committed 143232K, reserved 1179648K
  class space    used 17634K, committed 18176K, reserved 1048576K
}
Event: 1483.060 GC heap after
{Heap after GC invocations=6419 (full 6396):
 garbage-first heap   total 770048K, used 166639K [0x0000000082000000, 0x0000000800000000)
  region size 16384K, 0 young (0K), 0 survivors (0K)
 Metaspace       used 142170K, committed 143232K, reserved 1179648K
  class space    used 17634K, committed 18176K, reserved 1048576K
}
Event: 1488.624 GC heap before
{Heap before GC invocations=6419 (full 6396):
 garbage-first heap   total 770048K, used 183023K [0x0000000082000000, 0x0000000800000000)
  region size 16384K, 2 young (32768K), 0 survivors (0K)
 Metaspace       used 142183K, committed 143232K, reserved 1179648K
  class space    used 17634K, committed 18176K, reserved 1048576K
}

