# JRE version: Java(TM) SE Runtime Environment Oracle GraalVM 24.0.1+9.1 (24.0.1+9) (build 24.0.1+9-jvmci-b01)
# Java VM: Java HotSpot(TM) 64-Bit Server VM Oracle GraalVM 24.0.1+9.1 (24.0.1+9-jvmci-b01, mixed mode, sharing, tiered, jvmci, jvmci compiler, compressed oops, compressed class ptrs, g1 gc, linux-amd64)
GC Precious Log:
 CardTable entry size: 512
 Card Set container configuration: InlinePtr #cards 4 size 8 Array Of Cards #cards 64 size 144 Howl #buckets 8 coarsen threshold 14745 Howl Bitmap #cards 2048 size 272 coarsen threshold 1843 Card regions per heap region 1 cards per card region 16384
 CPUs: 32 total, 32 available
 Memory: 125G
 Large Page Support: Disabled
 NUMA Support: Disabled
 Compressed Oops: Enabled (Zero based)
 Heap Region Size: 8M
 Heap Min Capacity: 8M
 Heap Initial Capacity: 2016M
 Heap Max Capacity: 16G
 Pre-touch: Disabled
 Parallel Workers: 23
 Concurrent Workers: 6
 Concurrent Refinement Workers: 23
 Periodic GC: Disabled
Heap:
 garbage-first heap   total reserved 16777216K, committed 221184K, used 59146K [0x0000000400000000, 0x0000000800000000)
  region size 8192K, 1 young (8192K), 0 survivors (0K)
 Metaspace       used 75071K, committed 75648K, reserved 1179648K
  class space    used 6500K, committed 6720K, reserved 1048576K
GC Heap History (20 events):
Event: 703.751 GC heap before
{Heap before GC invocations=4756 (full 4695):
 garbage-first heap   total reserved 16777216K, committed 221184K, used 59025K [0x0000000400000000, 0x0000000800000000)
  region size 8192K, 1 young (8192K), 0 survivors (0K)
 Metaspace       used 75064K, committed 75584K, reserved 1179648K
  class space    used 6500K, committed 6720K, reserved 1048576K
}
Event: 703.792 GC heap after
{Heap after GC invocations=4757 (full 4696):
 garbage-first heap   total reserved 16777216K, committed 221184K, used 59044K [0x0000000400000000, 0x0000000800000000)
  region size 8192K, 0 young (0K), 0 survivors (0K)
 Metaspace       used 75064K, committed 75584K, reserved 1179648K
  class space    used 6500K, committed 6720K, reserved 1048576K
}
Event: 703.923 GC heap before
{Heap before GC invocations=4757 (full 4696):
 garbage-first heap   total reserved 16777216K, committed 221184K, used 59044K [0x0000000400000000, 0x0000000800000000)
  region size 8192K, 1 young (8192K), 0 survivors (0K)
 Metaspace       used 75064K, committed 75584K, reserved 1179648K
  class space    used 6500K, committed 6720K, reserved 1048576K
}
Event: 703.961 GC heap after
{Heap after GC invocations=4758 (full 4697):
 garbage-first heap   total reserved 16777216K, committed 221184K, used 59046K [0x0000000400000000, 0x0000000800000000)
  region size 8192K, 0 young (0K), 0 survivors (0K)
 Metaspace       used 75064K, committed 75584K, reserved 1179648K
  class space    used 6500K, committed 6720K, reserved 1048576K
}
Event: 704.108 GC heap before
{Heap before GC invocations=4758 (full 4697):
 garbage-first heap   total reserved 16777216K, committed 221184K, used 59046K [0x0000000400000000, 0x0000000800000000)
  region size 8192K, 1 young (8192K), 0 survivors (0K)
 Metaspace       used 75064K, committed 75584K, reserved 1179648K
  class space    used 6500K, committed 6720K, reserved 1048576K
}
Event: 704.151 GC heap after
{Heap after GC invocations=4759 (full 4698):
 garbage-first heap   total reserved 16777216K, committed 221184K, used 59144K [0x0000000400000000, 0x0000000800000000)
  region size 8192K, 0 young (0K), 0 survivors (0K)
 Metaspace       used 75064K, committed 75584K, reserved 1179648K
  class space    used 6500K, committed 6720K, reserved 1048576K
}
Event: 704.252 GC heap before
{Heap before GC invocations=4759 (full 4698):
 garbage-first heap   total reserved 16777216K, committed 221184K, used 59144K [0x0000000400000000, 0x0000000800000000)
  region size 8192K, 1 young (8192K), 0 survivors (0K)
 Metaspace       used 75064K, committed 75584K, reserved 1179648K
  class space    used 6500K, committed 6720K, reserved 1048576K
}
Event: 704.290 GC heap after
{Heap after GC invocations=4760 (full 4699):
 garbage-first heap   total reserved 16777216K, committed 221184K, used 59103K [0x0000000400000000, 0x0000000800000000)
  region size 8192K, 0 young (0K), 0 survivors (0K)
 Metaspace       used 75064K, committed 75584K, reserved 1179648K
  class space    used 6500K, committed 6720K, reserved 1048576K
}
Event: 704.431 GC heap before
{Heap before GC invocations=4760 (full 4699):
 garbage-first heap   total reserved 16777216K, committed 221184K, used 59103K [0x0000000400000000, 0x0000000800000000)
  region size 8192K, 1 young (8192K), 0 survivors (0K)
 Metaspace       used 75064K, committed 75584K, reserved 1179648K
  class space    used 6500K, committed 6720K, reserved 1048576K
}
Event: 704.473 GC heap after
{Heap after GC invocations=4761 (full 4700):
 garbage-first heap   total reserved 16777216K, committed 221184K, used 59098K [0x0000000400000000, 0x0000000800000000)
  region size 8192K, 0 young (0K), 0 survivors (0K)
 Metaspace       used 75064K, committed 75584K, reserved 1179648K
  class space    used 6500K, committed 6720K, reserved 1048576K
}
Event: 704.580 GC heap before
{Heap before GC invocations=4761 (full 4700):
 garbage-first heap   total reserved 16777216K, committed 221184K, used 59098K [0x0000000400000000, 0x0000000800000000)
  region size 8192K, 1 young (8192K), 0 survivors (0K)
 Metaspace       used 75064K, committed 75584K, reserved 1179648K
  class space    used 6500K, committed 6720K, reserved 1048576K
}
Event: 704.618 GC heap after
{Heap after GC invocations=4762 (full 4701):
 garbage-first heap   total reserved 16777216K, committed 221184K, used 59097K [0x0000000400000000, 0x0000000800000000)
  region size 8192K, 0 young (0K), 0 survivors (0K)
 Metaspace       used 75064K, committed 75584K, reserved 1179648K
  class space    used 6500K, committed 6720K, reserved 1048576K
}
Event: 704.742 GC heap before
{Heap before GC invocations=4762 (full 4701):
 garbage-first heap   total reserved 16777216K, committed 221184K, used 59097K [0x0000000400000000, 0x0000000800000000)
  region size 8192K, 1 young (8192K), 0 survivors (0K)
 Metaspace       used 75064K, committed 75584K, reserved 1179648K
  class space    used 6500K, committed 6720K, reserved 1048576K
}
Event: 704.780 GC heap after
{Heap after GC invocations=4763 (full 4702):
 garbage-first heap   total reserved 16777216K, committed 221184K, used 59136K [0x0000000400000000, 0x0000000800000000)
  region size 8192K, 0 young (0K), 0 survivors (0K)
 Metaspace       used 75064K, committed 75584K, reserved 1179648K
  class space    used 6500K, committed 6720K, reserved 1048576K
}
Event: 704.920 GC heap before
{Heap before GC invocations=4763 (full 4702):
 garbage-first heap   total reserved 16777216K, committed 221184K, used 59136K [0x0000000400000000, 0x0000000800000000)
  region size 8192K, 1 young (8192K), 0 survivors (0K)
 Metaspace       used 75064K, committed 75584K, reserved 1179648K
  class space    used 6500K, committed 6720K, reserved 1048576K
}
Event: 704.959 GC heap after
{Heap after GC invocations=4764 (full 4703):
 garbage-first heap   total reserved 16777216K, committed 221184K, used 59132K [0x0000000400000000, 0x0000000800000000)
  region size 8192K, 0 young (0K), 0 survivors (0K)
 Metaspace       used 75064K, committed 75584K, reserved 1179648K
  class space    used 6500K, committed 6720K, reserved 1048576K
}
Event: 705.061 GC heap before
{Heap before GC invocations=4764 (full 4703):
 garbage-first heap   total reserved 16777216K, committed 221184K, used 59132K [0x0000000400000000, 0x0000000800000000)
  region size 8192K, 1 young (8192K), 0 survivors (0K)
 Metaspace       used 75064K, committed 75584K, reserved 1179648K
  class space    used 6500K, committed 6720K, reserved 1048576K
}
Event: 705.092 GC heap after
{Heap after GC invocations=4765 (full 4704):
 garbage-first heap   total reserved 16777216K, committed 221184K, used 59126K [0x0000000400000000, 0x0000000800000000)
  region size 8192K, 0 young (0K), 0 survivors (0K)
 Metaspace       used 75064K, committed 75584K, reserved 1179648K
  class space    used 6500K, committed 6720K, reserved 1048576K
}
Event: 705.193 GC heap before
{Heap before GC invocations=4765 (full 4704):
 garbage-first heap   total reserved 16777216K, committed 221184K, used 59126K [0x0000000400000000, 0x0000000800000000)
  region size 8192K, 1 young (8192K), 0 survivors (0K)
 Metaspace       used 75064K, committed 75584K, reserved 1179648K
  class space    used 6500K, committed 6720K, reserved 1048576K
}
Event: 705.229 GC heap after
{Heap after GC invocations=4766 (full 4705):
 garbage-first heap   total reserved 16777216K, committed 221184K, used 59146K [0x0000000400000000, 0x0000000800000000)
  region size 8192K, 0 young (0K), 0 survivors (0K)
 Metaspace       used 75064K, committed 75584K, reserved 1179648K
  class space    used 6500K, committed 6720K, reserved 1048576K
}

