# JRE version: OpenJDK Runtime Environment (Red_Hat-17.0.7.0.7-1.fc36) (17.0.7+7) (build 17.0.7+7)
# Java VM: OpenJDK 64-Bit Server VM (Red_Hat-17.0.7.0.7-1.fc36) (17.0.7+7, mixed mode, sharing, tiered, compressed oops, compressed class ptrs, g1 gc, linux-amd64)
GC Precious Log:
 CPUs: 32 total, 32 available
 Memory: 125G
 Large Page Support: Disabled
 NUMA Support: Disabled
 Compressed Oops: Enabled (Zero based)
 Heap Region Size: 16M
 Heap Min Capacity: 16M
 Heap Initial Capacity: 2016M
 Heap Max Capacity: 30688M
 Pre-touch: Disabled
 Parallel Workers: 23
 Concurrent Workers: 6
 Concurrent Refinement Workers: 23
 Periodic GC: Disabled
Heap:
 garbage-first heap   total 393216K, used 55586K [0x0000000082000000, 0x0000000800000000)
  region size 16384K, 1 young (16384K), 0 survivors (0K)
 Metaspace       used 142959K, committed 143872K, reserved 1179648K
  class space    used 17260K, committed 17728K, reserved 1048576K
GC Heap History (20 events):
Event: 1759.275 GC heap before
{Heap before GC invocations=9110 (full 9090):
 garbage-first heap   total 442368K, used 84420K [0x0000000082000000, 0x0000000800000000)
  region size 16384K, 1 young (16384K), 0 survivors (0K)
 Metaspace       used 142687K, committed 143552K, reserved 1179648K
  class space    used 17227K, committed 17600K, reserved 1048576K
}
Event: 1759.346 GC heap after
{Heap after GC invocations=9111 (full 9091):
 garbage-first heap   total 442368K, used 84421K [0x0000000082000000, 0x0000000800000000)
  region size 16384K, 0 young (0K), 0 survivors (0K)
 Metaspace       used 142687K, committed 143552K, reserved 1179648K
  class space    used 17227K, committed 17600K, reserved 1048576K
}
Event: 1759.353 GC heap before
{Heap before GC invocations=9111 (full 9091):
 garbage-first heap   total 442368K, used 84421K [0x0000000082000000, 0x0000000800000000)
  region size 16384K, 1 young (16384K), 0 survivors (0K)
 Metaspace       used 142864K, committed 143744K, reserved 1179648K
  class space    used 17243K, committed 17664K, reserved 1048576K
}
Event: 1759.439 GC heap after
{Heap after GC invocations=9112 (full 9092):
 garbage-first heap   total 393216K, used 70495K [0x0000000082000000, 0x0000000800000000)
  region size 16384K, 0 young (0K), 0 survivors (0K)
 Metaspace       used 142864K, committed 143744K, reserved 1179648K
  class space    used 17243K, committed 17664K, reserved 1048576K
}
Event: 1759.439 GC heap before
{Heap before GC invocations=9112 (full 9092):
 garbage-first heap   total 393216K, used 70495K [0x0000000082000000, 0x0000000800000000)
  region size 16384K, 0 young (0K), 0 survivors (0K)
 Metaspace       used 142864K, committed 143744K, reserved 1179648K
  class space    used 17243K, committed 17664K, reserved 1048576K
}
Event: 1759.502 GC heap after
{Heap after GC invocations=9113 (full 9093):
 garbage-first heap   total 393216K, used 70495K [0x0000000082000000, 0x0000000800000000)
  region size 16384K, 0 young (0K), 0 survivors (0K)
 Metaspace       used 142864K, committed 143744K, reserved 1179648K
  class space    used 17243K, committed 17664K, reserved 1048576K
}
Event: 1759.503 GC heap before
{Heap before GC invocations=9113 (full 9093):
 garbage-first heap   total 393216K, used 70495K [0x0000000082000000, 0x0000000800000000)
  region size 16384K, 0 young (0K), 0 survivors (0K)
 Metaspace       used 142864K, committed 143744K, reserved 1179648K
  class space    used 17243K, committed 17664K, reserved 1048576K
}
Event: 1759.572 GC heap after
{Heap after GC invocations=9114 (full 9094):
 garbage-first heap   total 393216K, used 70495K [0x0000000082000000, 0x0000000800000000)
  region size 16384K, 0 young (0K), 0 survivors (0K)
 Metaspace       used 142864K, committed 143744K, reserved 1179648K
  class space    used 17243K, committed 17664K, reserved 1048576K
}
Event: 1759.573 GC heap before
{Heap before GC invocations=9114 (full 9094):
 garbage-first heap   total 393216K, used 70495K [0x0000000082000000, 0x0000000800000000)
  region size 16384K, 1 young (16384K), 0 survivors (0K)
 Metaspace       used 142864K, committed 143744K, reserved 1179648K
  class space    used 17243K, committed 17664K, reserved 1048576K
}
Event: 1759.640 GC heap after
{Heap after GC invocations=9115 (full 9095):
 garbage-first heap   total 393216K, used 70442K [0x0000000082000000, 0x0000000800000000)
  region size 16384K, 0 young (0K), 0 survivors (0K)
 Metaspace       used 142864K, committed 143744K, reserved 1179648K
  class space    used 17243K, committed 17664K, reserved 1048576K
}
Event: 1759.640 GC heap before
{Heap before GC invocations=9115 (full 9095):
 garbage-first heap   total 393216K, used 70442K [0x0000000082000000, 0x0000000800000000)
  region size 16384K, 1 young (16384K), 0 survivors (0K)
 Metaspace       used 142864K, committed 143744K, reserved 1179648K
  class space    used 17243K, committed 17664K, reserved 1048576K
}
Event: 1759.721 GC heap after
{Heap after GC invocations=9116 (full 9096):
 garbage-first heap   total 393216K, used 70370K [0x0000000082000000, 0x0000000800000000)
  region size 16384K, 0 young (0K), 0 survivors (0K)
 Metaspace       used 142864K, committed 143744K, reserved 1179648K
  class space    used 17243K, committed 17664K, reserved 1048576K
}
Event: 1759.721 GC heap before
{Heap before GC invocations=9116 (full 9096):
 garbage-first heap   total 393216K, used 70370K [0x0000000082000000, 0x0000000800000000)
  region size 16384K, 0 young (0K), 0 survivors (0K)
 Metaspace       used 142864K, committed 143744K, reserved 1179648K
  class space    used 17243K, committed 17664K, reserved 1048576K
}
Event: 1759.806 GC heap after
{Heap after GC invocations=9117 (full 9097):
 garbage-first heap   total 393216K, used 70362K [0x0000000082000000, 0x0000000800000000)
  region size 16384K, 0 young (0K), 0 survivors (0K)
 Metaspace       used 142864K, committed 143744K, reserved 1179648K
  class space    used 17243K, committed 17664K, reserved 1048576K
}
Event: 1759.806 GC heap before
{Heap before GC invocations=9117 (full 9097):
 garbage-first heap   total 393216K, used 70362K [0x0000000082000000, 0x0000000800000000)
  region size 16384K, 1 young (16384K), 0 survivors (0K)
 Metaspace       used 142864K, committed 143744K, reserved 1179648K
  class space    used 17243K, committed 17664K, reserved 1048576K
}
Event: 1759.882 GC heap after
{Heap after GC invocations=9118 (full 9098):
 garbage-first heap   total 393216K, used 70356K [0x0000000082000000, 0x0000000800000000)
  region size 16384K, 0 young (0K), 0 survivors (0K)
 Metaspace       used 142864K, committed 143744K, reserved 1179648K
  class space    used 17243K, committed 17664K, reserved 1048576K
}
Event: 1759.882 GC heap before
{Heap before GC invocations=9118 (full 9098):
 garbage-first heap   total 393216K, used 70356K [0x0000000082000000, 0x0000000800000000)
  region size 16384K, 1 young (16384K), 0 survivors (0K)
 Metaspace       used 142864K, committed 143744K, reserved 1179648K
  class space    used 17243K, committed 17664K, reserved 1048576K
}
Event: 1759.956 GC heap after
{Heap after GC invocations=9119 (full 9099):
 garbage-first heap   total 393216K, used 69859K [0x0000000082000000, 0x0000000800000000)
  region size 16384K, 0 young (0K), 0 survivors (0K)
 Metaspace       used 142864K, committed 143744K, reserved 1179648K
  class space    used 17243K, committed 17664K, reserved 1048576K
}
Event: 1759.982 GC heap before
{Heap before GC invocations=9119 (full 9099):
 garbage-first heap   total 393216K, used 69859K [0x0000000082000000, 0x0000000800000000)
  region size 16384K, 1 young (16384K), 0 survivors (0K)
 Metaspace       used 142951K, committed 143872K, reserved 1179648K
  class space    used 17260K, committed 17728K, reserved 1048576K
}
Event: 1760.078 GC heap after
{Heap after GC invocations=9120 (full 9100):
 garbage-first heap   total 393216K, used 55586K [0x0000000082000000, 0x0000000800000000)
  region size 16384K, 0 young (0K), 0 survivors (0K)
 Metaspace       used 142948K, committed 143872K, reserved 1179648K
  class space    used 17260K, committed 17728K, reserved 1048576K
}

