# JRE version: OpenJDK Runtime Environment (Red_Hat-17.0.7.0.7-1.fc36) (17.0.7+7) (build 17.0.7+7)
# Java VM: OpenJDK 64-Bit Server VM (Red_Hat-17.0.7.0.7-1.fc36) (17.0.7+7, mixed mode, sharing, tiered, compressed oops, compressed class ptrs, g1 gc, linux-amd64)
GC Precious Log:
 CPUs: 32 total, 32 available
 Memory: 125G
 Large Page Support: Disabled
 NUMA Support: Disabled
 Compressed Oops: Enabled (Zero based)
 Heap Region Size: 16M
 Heap Min Capacity: 16M
 Heap Initial Capacity: 2016M
 Heap Max Capacity: 30688M
 Pre-touch: Disabled
 Parallel Workers: 23
 Concurrent Workers: 6
 Concurrent Refinement Workers: 23
 Periodic GC: Disabled
Heap:
 garbage-first heap   total 606208K, used 122033K [0x0000000082000000, 0x0000000800000000)
  region size 16384K, 1 young (16384K), 0 survivors (0K)
 Metaspace       used 149306K, committed 150464K, reserved 1245184K
  class space    used 18004K, committed 18560K, reserved 1048576K
GC Heap History (20 events):
Event: 2158.220 GC heap before
{Heap before GC invocations=10693 (full 10586):
 garbage-first heap   total 606208K, used 121975K [0x0000000082000000, 0x0000000800000000)
  region size 16384K, 1 young (16384K), 0 survivors (0K)
 Metaspace       used 149306K, committed 150464K, reserved 1245184K
  class space    used 18004K, committed 18560K, reserved 1048576K
}
Event: 2158.324 GC heap after
{Heap after GC invocations=10694 (full 10587):
 garbage-first heap   total 606208K, used 121967K [0x0000000082000000, 0x0000000800000000)
  region size 16384K, 0 young (0K), 0 survivors (0K)
 Metaspace       used 149306K, committed 150464K, reserved 1245184K
  class space    used 18004K, committed 18560K, reserved 1048576K
}
Event: 2158.425 GC heap before
{Heap before GC invocations=10694 (full 10587):
 garbage-first heap   total 606208K, used 121967K [0x0000000082000000, 0x0000000800000000)
  region size 16384K, 1 young (16384K), 0 survivors (0K)
 Metaspace       used 149306K, committed 150464K, reserved 1245184K
  class space    used 18004K, committed 18560K, reserved 1048576K
}
Event: 2158.511 GC heap after
{Heap after GC invocations=10695 (full 10588):
 garbage-first heap   total 606208K, used 121979K [0x0000000082000000, 0x0000000800000000)
  region size 16384K, 0 young (0K), 0 survivors (0K)
 Metaspace       used 149306K, committed 150464K, reserved 1245184K
  class space    used 18004K, committed 18560K, reserved 1048576K
}
Event: 2158.613 GC heap before
{Heap before GC invocations=10695 (full 10588):
 garbage-first heap   total 606208K, used 121979K [0x0000000082000000, 0x0000000800000000)
  region size 16384K, 1 young (16384K), 0 survivors (0K)
 Metaspace       used 149306K, committed 150464K, reserved 1245184K
  class space    used 18004K, committed 18560K, reserved 1048576K
}
Event: 2158.704 GC heap after
{Heap after GC invocations=10696 (full 10589):
 garbage-first heap   total 606208K, used 121973K [0x0000000082000000, 0x0000000800000000)
  region size 16384K, 0 young (0K), 0 survivors (0K)
 Metaspace       used 149306K, committed 150464K, reserved 1245184K
  class space    used 18004K, committed 18560K, reserved 1048576K
}
Event: 2158.805 GC heap before
{Heap before GC invocations=10696 (full 10589):
 garbage-first heap   total 606208K, used 121973K [0x0000000082000000, 0x0000000800000000)
  region size 16384K, 1 young (16384K), 0 survivors (0K)
 Metaspace       used 149306K, committed 150464K, reserved 1245184K
  class space    used 18004K, committed 18560K, reserved 1048576K
}
Event: 2158.900 GC heap after
{Heap after GC invocations=10697 (full 10590):
 garbage-first heap   total 606208K, used 122049K [0x0000000082000000, 0x0000000800000000)
  region size 16384K, 0 young (0K), 0 survivors (0K)
 Metaspace       used 149306K, committed 150464K, reserved 1245184K
  class space    used 18004K, committed 18560K, reserved 1048576K
}
Event: 2159.001 GC heap before
{Heap before GC invocations=10697 (full 10590):
 garbage-first heap   total 606208K, used 122049K [0x0000000082000000, 0x0000000800000000)
  region size 16384K, 1 young (16384K), 0 survivors (0K)
 Metaspace       used 149306K, committed 150464K, reserved 1245184K
  class space    used 18004K, committed 18560K, reserved 1048576K
}
Event: 2159.110 GC heap after
{Heap after GC invocations=10698 (full 10591):
 garbage-first heap   total 606208K, used 122057K [0x0000000082000000, 0x0000000800000000)
  region size 16384K, 0 young (0K), 0 survivors (0K)
 Metaspace       used 149306K, committed 150464K, reserved 1245184K
  class space    used 18004K, committed 18560K, reserved 1048576K
}
Event: 2159.210 GC heap before
{Heap before GC invocations=10698 (full 10591):
 garbage-first heap   total 606208K, used 122057K [0x0000000082000000, 0x0000000800000000)
  region size 16384K, 1 young (16384K), 0 survivors (0K)
 Metaspace       used 149306K, committed 150464K, reserved 1245184K
  class space    used 18004K, committed 18560K, reserved 1048576K
}
Event: 2159.306 GC heap after
{Heap after GC invocations=10699 (full 10592):
 garbage-first heap   total 606208K, used 122028K [0x0000000082000000, 0x0000000800000000)
  region size 16384K, 0 young (0K), 0 survivors (0K)
 Metaspace       used 149306K, committed 150464K, reserved 1245184K
  class space    used 18004K, committed 18560K, reserved 1048576K
}
Event: 2159.420 GC heap before
{Heap before GC invocations=10699 (full 10592):
 garbage-first heap   total 606208K, used 122028K [0x0000000082000000, 0x0000000800000000)
  region size 16384K, 1 young (16384K), 0 survivors (0K)
 Metaspace       used 149306K, committed 150464K, reserved 1245184K
  class space    used 18004K, committed 18560K, reserved 1048576K
}
Event: 2159.517 GC heap after
{Heap after GC invocations=10700 (full 10593):
 garbage-first heap   total 606208K, used 122025K [0x0000000082000000, 0x0000000800000000)
  region size 16384K, 0 young (0K), 0 survivors (0K)
 Metaspace       used 149306K, committed 150464K, reserved 1245184K
  class space    used 18004K, committed 18560K, reserved 1048576K
}
Event: 2159.617 GC heap before
{Heap before GC invocations=10700 (full 10593):
 garbage-first heap   total 606208K, used 122025K [0x0000000082000000, 0x0000000800000000)
  region size 16384K, 1 young (16384K), 0 survivors (0K)
 Metaspace       used 149306K, committed 150464K, reserved 1245184K
  class space    used 18004K, committed 18560K, reserved 1048576K
}
Event: 2159.721 GC heap after
{Heap after GC invocations=10701 (full 10594):
 garbage-first heap   total 606208K, used 122036K [0x0000000082000000, 0x0000000800000000)
  region size 16384K, 0 young (0K), 0 survivors (0K)
 Metaspace       used 149306K, committed 150464K, reserved 1245184K
  class space    used 18004K, committed 18560K, reserved 1048576K
}
Event: 2159.822 GC heap before
{Heap before GC invocations=10701 (full 10594):
 garbage-first heap   total 606208K, used 122036K [0x0000000082000000, 0x0000000800000000)
  region size 16384K, 1 young (16384K), 0 survivors (0K)
 Metaspace       used 149306K, committed 150464K, reserved 1245184K
  class space    used 18004K, committed 18560K, reserved 1048576K
}
Event: 2159.913 GC heap after
{Heap after GC invocations=10702 (full 10595):
 garbage-first heap   total 606208K, used 122034K [0x0000000082000000, 0x0000000800000000)
  region size 16384K, 0 young (0K), 0 survivors (0K)
 Metaspace       used 149306K, committed 150464K, reserved 1245184K
  class space    used 18004K, committed 18560K, reserved 1048576K
}
Event: 2160.013 GC heap before
{Heap before GC invocations=10702 (full 10595):
 garbage-first heap   total 606208K, used 122034K [0x0000000082000000, 0x0000000800000000)
  region size 16384K, 1 young (16384K), 0 survivors (0K)
 Metaspace       used 149306K, committed 150464K, reserved 1245184K
  class space    used 18004K, committed 18560K, reserved 1048576K
}
Event: 2160.113 GC heap after
{Heap after GC invocations=10703 (full 10596):
 garbage-first heap   total 606208K, used 122033K [0x0000000082000000, 0x0000000800000000)
  region size 16384K, 0 young (0K), 0 survivors (0K)
 Metaspace       used 149306K, committed 150464K, reserved 1245184K
  class space    used 18004K, committed 18560K, reserved 1048576K
}

