# JRE version: OpenJDK Runtime Environment (Red_Hat-17.0.7.0.7-1.fc36) (17.0.7+7) (build 17.0.7+7)
# Java VM: OpenJDK 64-Bit Server VM (Red_Hat-17.0.7.0.7-1.fc36) (17.0.7+7, mixed mode, sharing, tiered, compressed oops, compressed class ptrs, g1 gc, linux-amd64)
GC Precious Log:
 CPUs: 32 total, 32 available
 Memory: 125G
 Large Page Support: Disabled
 NUMA Support: Disabled
 Compressed Oops: Enabled (Zero based)
 Heap Region Size: 16M
 Heap Min Capacity: 16M
 Heap Initial Capacity: 2016M
 Heap Max Capacity: 30688M
 Pre-touch: Disabled
 Parallel Workers: 23
 Concurrent Workers: 6
 Concurrent Refinement Workers: 23
 Periodic GC: Disabled
Heap:
 garbage-first heap   total 557056K, used 120704K [0x0000000082000000, 0x0000000800000000)
  region size 16384K, 1 young (16384K), 0 survivors (0K)
 Metaspace       used 149134K, committed 150208K, reserved 1245184K
  class space    used 18011K, committed 18560K, reserved 1048576K
GC Heap History (20 events):
Event: 1409.235 GC heap before
{Heap before GC invocations=6999 (full 6928):
 garbage-first heap   total 557056K, used 120644K [0x0000000082000000, 0x0000000800000000)
  region size 16384K, 1 young (16384K), 0 survivors (0K)
 Metaspace       used 149134K, committed 150208K, reserved 1245184K
  class space    used 18011K, committed 18560K, reserved 1048576K
}
Event: 1409.357 GC heap after
{Heap after GC invocations=7000 (full 6929):
 garbage-first heap   total 557056K, used 120636K [0x0000000082000000, 0x0000000800000000)
  region size 16384K, 0 young (0K), 0 survivors (0K)
 Metaspace       used 149134K, committed 150208K, reserved 1245184K
  class space    used 18011K, committed 18560K, reserved 1048576K
}
Event: 1409.459 GC heap before
{Heap before GC invocations=7000 (full 6929):
 garbage-first heap   total 557056K, used 120636K [0x0000000082000000, 0x0000000800000000)
  region size 16384K, 1 young (16384K), 0 survivors (0K)
 Metaspace       used 149134K, committed 150208K, reserved 1245184K
  class space    used 18011K, committed 18560K, reserved 1048576K
}
Event: 1409.561 GC heap after
{Heap after GC invocations=7001 (full 6930):
 garbage-first heap   total 557056K, used 120648K [0x0000000082000000, 0x0000000800000000)
  region size 16384K, 0 young (0K), 0 survivors (0K)
 Metaspace       used 149134K, committed 150208K, reserved 1245184K
  class space    used 18011K, committed 18560K, reserved 1048576K
}
Event: 1409.662 GC heap before
{Heap before GC invocations=7001 (full 6930):
 garbage-first heap   total 557056K, used 120648K [0x0000000082000000, 0x0000000800000000)
  region size 16384K, 1 young (16384K), 0 survivors (0K)
 Metaspace       used 149134K, committed 150208K, reserved 1245184K
  class space    used 18011K, committed 18560K, reserved 1048576K
}
Event: 1409.772 GC heap after
{Heap after GC invocations=7002 (full 6931):
 garbage-first heap   total 557056K, used 120642K [0x0000000082000000, 0x0000000800000000)
  region size 16384K, 0 young (0K), 0 survivors (0K)
 Metaspace       used 149134K, committed 150208K, reserved 1245184K
  class space    used 18011K, committed 18560K, reserved 1048576K
}
Event: 1409.873 GC heap before
{Heap before GC invocations=7002 (full 6931):
 garbage-first heap   total 557056K, used 120642K [0x0000000082000000, 0x0000000800000000)
  region size 16384K, 1 young (16384K), 0 survivors (0K)
 Metaspace       used 149134K, committed 150208K, reserved 1245184K
  class space    used 18011K, committed 18560K, reserved 1048576K
}
Event: 1409.969 GC heap after
{Heap after GC invocations=7003 (full 6932):
 garbage-first heap   total 557056K, used 120734K [0x0000000082000000, 0x0000000800000000)
  region size 16384K, 0 young (0K), 0 survivors (0K)
 Metaspace       used 149134K, committed 150208K, reserved 1245184K
  class space    used 18011K, committed 18560K, reserved 1048576K
}
Event: 1410.071 GC heap before
{Heap before GC invocations=7003 (full 6932):
 garbage-first heap   total 557056K, used 120734K [0x0000000082000000, 0x0000000800000000)
  region size 16384K, 1 young (16384K), 0 survivors (0K)
 Metaspace       used 149134K, committed 150208K, reserved 1245184K
  class space    used 18011K, committed 18560K, reserved 1048576K
}
Event: 1410.173 GC heap after
{Heap after GC invocations=7004 (full 6933):
 garbage-first heap   total 557056K, used 120696K [0x0000000082000000, 0x0000000800000000)
  region size 16384K, 0 young (0K), 0 survivors (0K)
 Metaspace       used 149134K, committed 150208K, reserved 1245184K
  class space    used 18011K, committed 18560K, reserved 1048576K
}
Event: 1410.273 GC heap before
{Heap before GC invocations=7004 (full 6933):
 garbage-first heap   total 557056K, used 120696K [0x0000000082000000, 0x0000000800000000)
  region size 16384K, 1 young (16384K), 0 survivors (0K)
 Metaspace       used 149134K, committed 150208K, reserved 1245184K
  class space    used 18011K, committed 18560K, reserved 1048576K
}
Event: 1410.368 GC heap after
{Heap after GC invocations=7005 (full 6934):
 garbage-first heap   total 557056K, used 120685K [0x0000000082000000, 0x0000000800000000)
  region size 16384K, 0 young (0K), 0 survivors (0K)
 Metaspace       used 149134K, committed 150208K, reserved 1245184K
  class space    used 18011K, committed 18560K, reserved 1048576K
}
Event: 1410.469 GC heap before
{Heap before GC invocations=7005 (full 6934):
 garbage-first heap   total 557056K, used 120685K [0x0000000082000000, 0x0000000800000000)
  region size 16384K, 1 young (16384K), 0 survivors (0K)
 Metaspace       used 149134K, committed 150208K, reserved 1245184K
  class space    used 18011K, committed 18560K, reserved 1048576K
}
Event: 1410.572 GC heap after
{Heap after GC invocations=7006 (full 6935):
 garbage-first heap   total 557056K, used 120693K [0x0000000082000000, 0x0000000800000000)
  region size 16384K, 0 young (0K), 0 survivors (0K)
 Metaspace       used 149134K, committed 150208K, reserved 1245184K
  class space    used 18011K, committed 18560K, reserved 1048576K
}
Event: 1410.673 GC heap before
{Heap before GC invocations=7006 (full 6935):
 garbage-first heap   total 557056K, used 120693K [0x0000000082000000, 0x0000000800000000)
  region size 16384K, 1 young (16384K), 0 survivors (0K)
 Metaspace       used 149134K, committed 150208K, reserved 1245184K
  class space    used 18011K, committed 18560K, reserved 1048576K
}
Event: 1410.774 GC heap after
{Heap after GC invocations=7007 (full 6936):
 garbage-first heap   total 557056K, used 120696K [0x0000000082000000, 0x0000000800000000)
  region size 16384K, 0 young (0K), 0 survivors (0K)
 Metaspace       used 149134K, committed 150208K, reserved 1245184K
  class space    used 18011K, committed 18560K, reserved 1048576K
}
Event: 1410.875 GC heap before
{Heap before GC invocations=7007 (full 6936):
 garbage-first heap   total 557056K, used 120696K [0x0000000082000000, 0x0000000800000000)
  region size 16384K, 1 young (16384K), 0 survivors (0K)
 Metaspace       used 149134K, committed 150208K, reserved 1245184K
  class space    used 18011K, committed 18560K, reserved 1048576K
}
Event: 1410.997 GC heap after
{Heap after GC invocations=7008 (full 6937):
 garbage-first heap   total 557056K, used 120697K [0x0000000082000000, 0x0000000800000000)
  region size 16384K, 0 young (0K), 0 survivors (0K)
 Metaspace       used 149134K, committed 150208K, reserved 1245184K
  class space    used 18011K, committed 18560K, reserved 1048576K
}
Event: 1411.098 GC heap before
{Heap before GC invocations=7008 (full 6937):
 garbage-first heap   total 557056K, used 120697K [0x0000000082000000, 0x0000000800000000)
  region size 16384K, 1 young (16384K), 0 survivors (0K)
 Metaspace       used 149134K, committed 150208K, reserved 1245184K
  class space    used 18011K, committed 18560K, reserved 1048576K
}
Event: 1411.194 GC heap after
{Heap after GC invocations=7009 (full 6938):
 garbage-first heap   total 557056K, used 120704K [0x0000000082000000, 0x0000000800000000)
  region size 16384K, 0 young (0K), 0 survivors (0K)
 Metaspace       used 149134K, committed 150208K, reserved 1245184K
  class space    used 18011K, committed 18560K, reserved 1048576K
}

