# JRE version: Java(TM) SE Runtime Environment Oracle GraalVM 24.0.1+9.1 (24.0.1+9) (build 24.0.1+9-jvmci-b01)
# Java VM: Java HotSpot(TM) 64-Bit Server VM Oracle GraalVM 24.0.1+9.1 (24.0.1+9-jvmci-b01, mixed mode, sharing, tiered, jvmci, jvmci compiler, compressed oops, compressed class ptrs, g1 gc, linux-amd64)
GC Precious Log:
 CardTable entry size: 512
 Card Set container configuration: InlinePtr #cards 4 size 8 Array Of Cards #cards 16 size 48 Howl #buckets 8 coarsen threshold 3686 Howl Bitmap #cards 512 size 80 coarsen threshold 460 Card regions per heap region 1 cards per card region 4096
 CPUs: 32 total, 32 available
 Memory: 125G
 Large Page Support: Disabled
 NUMA Support: Disabled
 Compressed Oops: Enabled (Zero based)
 Heap Region Size: 2M
 Heap Min Capacity: 8M
 Heap Initial Capacity: 2012M
 Heap Max Capacity: 4G
 Pre-touch: Disabled
 Parallel Workers: 23
 Concurrent Workers: 6
 Concurrent Refinement Workers: 23
 Periodic GC: Disabled
Heap:
 garbage-first heap   total reserved 4194304K, committed 266240K, used 76830K [0x0000000700000000, 0x0000000800000000)
  region size 2048K, 2 young (4096K), 0 survivors (0K)
 Metaspace       used 76630K, committed 77248K, reserved 1179648K
  class space    used 6384K, committed 6656K, reserved 1048576K
GC Heap History (20 events):
Event: 576.753 GC heap before
{Heap before GC invocations=4457 (full 4367):
 garbage-first heap   total reserved 4194304K, committed 266240K, used 74541K [0x0000000700000000, 0x0000000800000000)
  region size 2048K, 1 young (2048K), 0 survivors (0K)
 Metaspace       used 76602K, committed 77184K, reserved 1179648K
  class space    used 6384K, committed 6656K, reserved 1048576K
}
Event: 576.774 GC heap after
{Heap after GC invocations=4458 (full 4368):
 garbage-first heap   total reserved 4194304K, committed 266240K, used 74643K [0x0000000700000000, 0x0000000800000000)
  region size 2048K, 0 young (0K), 0 survivors (0K)
 Metaspace       used 76602K, committed 77184K, reserved 1179648K
  class space    used 6384K, committed 6656K, reserved 1048576K
}
Event: 576.879 GC heap before
{Heap before GC invocations=4458 (full 4368):
 garbage-first heap   total reserved 4194304K, committed 266240K, used 74643K [0x0000000700000000, 0x0000000800000000)
  region size 2048K, 1 young (2048K), 0 survivors (0K)
 Metaspace       used 76602K, committed 77184K, reserved 1179648K
  class space    used 6384K, committed 6656K, reserved 1048576K
}
Event: 576.904 GC heap after
{Heap after GC invocations=4459 (full 4369):
 garbage-first heap   total reserved 4194304K, committed 266240K, used 74583K [0x0000000700000000, 0x0000000800000000)
  region size 2048K, 0 young (0K), 0 survivors (0K)
 Metaspace       used 76602K, committed 77184K, reserved 1179648K
  class space    used 6384K, committed 6656K, reserved 1048576K
}
Event: 577.008 GC heap before
{Heap before GC invocations=4459 (full 4369):
 garbage-first heap   total reserved 4194304K, committed 266240K, used 74583K [0x0000000700000000, 0x0000000800000000)
  region size 2048K, 1 young (2048K), 0 survivors (0K)
 Metaspace       used 76602K, committed 77184K, reserved 1179648K
  class space    used 6384K, committed 6656K, reserved 1048576K
}
Event: 577.033 GC heap after
{Heap after GC invocations=4460 (full 4370):
 garbage-first heap   total reserved 4194304K, committed 266240K, used 74584K [0x0000000700000000, 0x0000000800000000)
  region size 2048K, 0 young (0K), 0 survivors (0K)
 Metaspace       used 76602K, committed 77184K, reserved 1179648K
  class space    used 6384K, committed 6656K, reserved 1048576K
}
Event: 577.147 GC heap before
{Heap before GC invocations=4460 (full 4370):
 garbage-first heap   total reserved 4194304K, committed 266240K, used 74584K [0x0000000700000000, 0x0000000800000000)
  region size 2048K, 1 young (2048K), 0 survivors (0K)
 Metaspace       used 76602K, committed 77184K, reserved 1179648K
  class space    used 6384K, committed 6656K, reserved 1048576K
}
Event: 577.170 GC heap after
{Heap after GC invocations=4461 (full 4371):
 garbage-first heap   total reserved 4194304K, committed 266240K, used 74665K [0x0000000700000000, 0x0000000800000000)
  region size 2048K, 0 young (0K), 0 survivors (0K)
 Metaspace       used 76602K, committed 77184K, reserved 1179648K
  class space    used 6384K, committed 6656K, reserved 1048576K
}
Event: 577.271 GC heap before
{Heap before GC invocations=4461 (full 4371):
 garbage-first heap   total reserved 4194304K, committed 266240K, used 74665K [0x0000000700000000, 0x0000000800000000)
  region size 2048K, 1 young (2048K), 0 survivors (0K)
 Metaspace       used 76602K, committed 77184K, reserved 1179648K
  class space    used 6384K, committed 6656K, reserved 1048576K
}
Event: 577.290 GC heap after
{Heap after GC invocations=4462 (full 4372):
 garbage-first heap   total reserved 4194304K, committed 266240K, used 74670K [0x0000000700000000, 0x0000000800000000)
  region size 2048K, 0 young (0K), 0 survivors (0K)
 Metaspace       used 76602K, committed 77184K, reserved 1179648K
  class space    used 6384K, committed 6656K, reserved 1048576K
}
Event: 577.438 GC heap before
{Heap before GC invocations=4462 (full 4372):
 garbage-first heap   total reserved 4194304K, committed 266240K, used 74670K [0x0000000700000000, 0x0000000800000000)
  region size 2048K, 1 young (2048K), 0 survivors (0K)
 Metaspace       used 76602K, committed 77184K, reserved 1179648K
  class space    used 6384K, committed 6656K, reserved 1048576K
}
Event: 577.461 GC heap after
{Heap after GC invocations=4463 (full 4373):
 garbage-first heap   total reserved 4194304K, committed 266240K, used 74746K [0x0000000700000000, 0x0000000800000000)
  region size 2048K, 0 young (0K), 0 survivors (0K)
 Metaspace       used 76602K, committed 77184K, reserved 1179648K
  class space    used 6384K, committed 6656K, reserved 1048576K
}
Event: 577.567 GC heap before
{Heap before GC invocations=4463 (full 4373):
 garbage-first heap   total reserved 4194304K, committed 266240K, used 74746K [0x0000000700000000, 0x0000000800000000)
  region size 2048K, 1 young (2048K), 0 survivors (0K)
 Metaspace       used 76602K, committed 77184K, reserved 1179648K
  class space    used 6384K, committed 6656K, reserved 1048576K
}
Event: 577.587 GC heap after
{Heap after GC invocations=4464 (full 4374):
 garbage-first heap   total reserved 4194304K, committed 266240K, used 74713K [0x0000000700000000, 0x0000000800000000)
  region size 2048K, 0 young (0K), 0 survivors (0K)
 Metaspace       used 76602K, committed 77184K, reserved 1179648K
  class space    used 6384K, committed 6656K, reserved 1048576K
}
Event: 577.688 GC heap before
{Heap before GC invocations=4464 (full 4374):
 garbage-first heap   total reserved 4194304K, committed 266240K, used 74713K [0x0000000700000000, 0x0000000800000000)
  region size 2048K, 1 young (2048K), 0 survivors (0K)
 Metaspace       used 76602K, committed 77184K, reserved 1179648K
  class space    used 6384K, committed 6656K, reserved 1048576K
}
Event: 577.709 GC heap after
{Heap after GC invocations=4465 (full 4375):
 garbage-first heap   total reserved 4194304K, committed 266240K, used 74687K [0x0000000700000000, 0x0000000800000000)
  region size 2048K, 0 young (0K), 0 survivors (0K)
 Metaspace       used 76602K, committed 77184K, reserved 1179648K
  class space    used 6384K, committed 6656K, reserved 1048576K
}
Event: 577.811 GC heap before
{Heap before GC invocations=4465 (full 4375):
 garbage-first heap   total reserved 4194304K, committed 266240K, used 74687K [0x0000000700000000, 0x0000000800000000)
  region size 2048K, 1 young (2048K), 0 survivors (0K)
 Metaspace       used 76602K, committed 77184K, reserved 1179648K
  class space    used 6384K, committed 6656K, reserved 1048576K
}
Event: 577.831 GC heap after
{Heap after GC invocations=4466 (full 4376):
 garbage-first heap   total reserved 4194304K, committed 266240K, used 74763K [0x0000000700000000, 0x0000000800000000)
  region size 2048K, 0 young (0K), 0 survivors (0K)
 Metaspace       used 76602K, committed 77184K, reserved 1179648K
  class space    used 6384K, committed 6656K, reserved 1048576K
}
Event: 577.932 GC heap before
{Heap before GC invocations=4466 (full 4376):
 garbage-first heap   total reserved 4194304K, committed 266240K, used 74763K [0x0000000700000000, 0x0000000800000000)
  region size 2048K, 1 young (2048K), 0 survivors (0K)
 Metaspace       used 76602K, committed 77184K, reserved 1179648K
  class space    used 6384K, committed 6656K, reserved 1048576K
}
Event: 577.953 GC heap after
{Heap after GC invocations=4467 (full 4377):
 garbage-first heap   total reserved 4194304K, committed 266240K, used 74782K [0x0000000700000000, 0x0000000800000000)
  region size 2048K, 0 young (0K), 0 survivors (0K)
 Metaspace       used 76602K, committed 77184K, reserved 1179648K
  class space    used 6384K, committed 6656K, reserved 1048576K
}

