# JRE version: OpenJDK Runtime Environment (Red_Hat-17.0.7.0.7-1.fc36) (17.0.7+7) (build 17.0.7+7)
# Java VM: OpenJDK 64-Bit Server VM (Red_Hat-17.0.7.0.7-1.fc36) (17.0.7+7, mixed mode, sharing, tiered, compressed oops, compressed class ptrs, g1 gc, linux-amd64)
Heap:
 garbage-first heap   total 655360K, used 399930K [0x0000000082000000, 0x0000000800000000)
  region size 16384K, 18 young (294912K), 2 survivors (32768K)
 Metaspace       used 129879K, committed 130688K, reserved 1179648K
  class space    used 16336K, committed 16704K, reserved 1048576K
GC Heap History (20 events):
Event: 26.957 GC heap before
{Heap before GC invocations=83 (full 52):
 garbage-first heap   total 1228800K, used 204390K [0x0000000082000000, 0x0000000800000000)
  region size 16384K, 8 young (131072K), 1 survivors (16384K)
 Metaspace       used 127417K, committed 128192K, reserved 1179648K
  class space    used 16033K, committed 16384K, reserved 1048576K
}
Event: 27.000 GC heap after
{Heap after GC invocations=84 (full 53):
 garbage-first heap   total 720896K, used 105905K [0x0000000082000000, 0x0000000800000000)
  region size 16384K, 0 young (0K), 0 survivors (0K)
 Metaspace       used 127417K, committed 128192K, reserved 1179648K
  class space    used 16033K, committed 16384K, reserved 1048576K
}
Event: 27.101 GC heap before
{Heap before GC invocations=84 (full 53):
 garbage-first heap   total 720896K, used 236977K [0x0000000082000000, 0x0000000800000000)
  region size 16384K, 9 young (147456K), 0 survivors (0K)
 Metaspace       used 129085K, committed 129792K, reserved 1179648K
  class space    used 16242K, committed 16576K, reserved 1048576K
}
Event: 27.148 GC heap after
{Heap after GC invocations=85 (full 54):
 garbage-first heap   total 655360K, used 108759K [0x0000000082000000, 0x0000000800000000)
  region size 16384K, 0 young (0K), 0 survivors (0K)
 Metaspace       used 129083K, committed 129792K, reserved 1179648K
  class space    used 16241K, committed 16576K, reserved 1048576K
}
Event: 27.249 GC heap before
{Heap before GC invocations=85 (full 54):
 garbage-first heap   total 655360K, used 141527K [0x0000000082000000, 0x0000000800000000)
  region size 16384K, 3 young (49152K), 0 survivors (0K)
 Metaspace       used 129794K, committed 130560K, reserved 1179648K
  class space    used 16334K, committed 16704K, reserved 1048576K
}
Event: 27.297 GC heap after
{Heap after GC invocations=86 (full 55):
 garbage-first heap   total 655360K, used 110522K [0x0000000082000000, 0x0000000800000000)
  region size 16384K, 0 young (0K), 0 survivors (0K)
 Metaspace       used 129782K, committed 130560K, reserved 1179648K
  class space    used 16331K, committed 16704K, reserved 1048576K
}
Event: 28.397 GC heap before
{Heap before GC invocations=86 (full 55):
 garbage-first heap   total 655360K, used 257978K [0x0000000082000000, 0x0000000800000000)
  region size 16384K, 10 young (163840K), 0 survivors (0K)
 Metaspace       used 129785K, committed 130560K, reserved 1179648K
  class space    used 16331K, committed 16704K, reserved 1048576K
}
Event: 28.441 GC heap after
{Heap after GC invocations=87 (full 56):
 garbage-first heap   total 655360K, used 118613K [0x0000000082000000, 0x0000000800000000)
  region size 16384K, 0 young (0K), 0 survivors (0K)
 Metaspace       used 129785K, committed 130560K, reserved 1179648K
  class space    used 16331K, committed 16704K, reserved 1048576K
}
Event: 28.542 GC heap before
{Heap before GC invocations=87 (full 56):
 garbage-first heap   total 655360K, used 134997K [0x0000000082000000, 0x0000000800000000)
  region size 16384K, 2 young (32768K), 0 survivors (0K)
 Metaspace       used 129787K, committed 130560K, reserved 1179648K
  class space    used 16331K, committed 16704K, reserved 1048576K
}
Event: 28.584 GC heap after
{Heap after GC invocations=88 (full 57):
 garbage-first heap   total 655360K, used 119203K [0x0000000082000000, 0x0000000800000000)
  region size 16384K, 0 young (0K), 0 survivors (0K)
 Metaspace       used 129787K, committed 130560K, reserved 1179648K
  class space    used 16331K, committed 16704K, reserved 1048576K
}
Event: 28.684 GC heap before
{Heap before GC invocations=88 (full 57):
 garbage-first heap   total 655360K, used 119203K [0x0000000082000000, 0x0000000800000000)
  region size 16384K, 1 young (16384K), 0 survivors (0K)
 Metaspace       used 129787K, committed 130560K, reserved 1179648K
  class space    used 16331K, committed 16704K, reserved 1048576K
}
Event: 28.723 GC heap after
{Heap after GC invocations=89 (full 58):
 garbage-first heap   total 655360K, used 111647K [0x0000000082000000, 0x0000000800000000)
  region size 16384K, 0 young (0K), 0 survivors (0K)
 Metaspace       used 129787K, committed 130560K, reserved 1179648K
  class space    used 16331K, committed 16704K, reserved 1048576K
}
Event: 31.218 GC heap before
{Heap before GC invocations=89 (full 58):
 garbage-first heap   total 655360K, used 472095K [0x0000000082000000, 0x0000000800000000)
  region size 16384K, 22 young (360448K), 0 survivors (0K)
 Metaspace       used 129874K, committed 130688K, reserved 1179648K
  class space    used 16336K, committed 16704K, reserved 1048576K
}
Event: 31.223 GC heap after
{Heap after GC invocations=90 (full 58):
 garbage-first heap   total 655360K, used 133772K [0x0000000082000000, 0x0000000800000000)
  region size 16384K, 2 young (32768K), 2 survivors (32768K)
 Metaspace       used 129874K, committed 130688K, reserved 1179648K
  class space    used 16336K, committed 16704K, reserved 1048576K
}
Event: 33.588 GC heap before
{Heap before GC invocations=90 (full 58):
 garbage-first heap   total 655360K, used 428684K [0x0000000082000000, 0x0000000800000000)
  region size 16384K, 20 young (327680K), 2 survivors (32768K)
 Metaspace       used 129875K, committed 130688K, reserved 1179648K
  class space    used 16336K, committed 16704K, reserved 1048576K
}
Event: 33.594 GC heap after
{Heap after GC invocations=91 (full 58):
 garbage-first heap   total 655360K, used 151861K [0x0000000082000000, 0x0000000800000000)
  region size 16384K, 3 young (49152K), 3 survivors (49152K)
 Metaspace       used 129875K, committed 130688K, reserved 1179648K
  class space    used 16336K, committed 16704K, reserved 1048576K
}
Event: 34.180 GC heap before
{Heap before GC invocations=91 (full 58):
 garbage-first heap   total 655360K, used 430389K [0x0000000082000000, 0x0000000800000000)
  region size 16384K, 20 young (327680K), 3 survivors (49152K)
 Metaspace       used 129878K, committed 130688K, reserved 1179648K
  class space    used 16336K, committed 16704K, reserved 1048576K
}
Event: 34.185 GC heap after
{Heap after GC invocations=92 (full 58):
 garbage-first heap   total 655360K, used 154944K [0x0000000082000000, 0x0000000800000000)
  region size 16384K, 2 young (32768K), 2 survivors (32768K)
 Metaspace       used 129878K, committed 130688K, reserved 1179648K
  class space    used 16336K, committed 16704K, reserved 1048576K
}
Event: 34.280 GC heap before
{Heap before GC invocations=92 (full 58):
 garbage-first heap   total 655360K, used 433472K [0x0000000082000000, 0x0000000800000000)
  region size 16384K, 19 young (311296K), 2 survivors (32768K)
 Metaspace       used 129878K, committed 130688K, reserved 1179648K
  class space    used 16336K, committed 16704K, reserved 1048576K
}
Event: 34.283 GC heap after
{Heap after GC invocations=93 (full 58):
 garbage-first heap   total 655360K, used 154161K [0x0000000082000000, 0x0000000800000000)
  region size 16384K, 2 young (32768K), 2 survivors (32768K)
 Metaspace       used 129878K, committed 130688K, reserved 1179648K
  class space    used 16336K, committed 16704K, reserved 1048576K
}

