# JRE version: OpenJDK Runtime Environment (Red_Hat-17.0.7.0.7-1.fc36) (17.0.7+7) (build 17.0.7+7)
# Java VM: OpenJDK 64-Bit Server VM (Red_Hat-17.0.7.0.7-1.fc36) (17.0.7+7, mixed mode, sharing, tiered, compressed oops, compressed class ptrs, g1 gc, linux-amd64)
GC Precious Log:
 CPUs: 32 total, 32 available
 Memory: 125G
 Large Page Support: Disabled
 NUMA Support: Disabled
 Compressed Oops: Enabled (Zero based)
 Heap Region Size: 16M
 Heap Min Capacity: 16M
 Heap Initial Capacity: 2016M
 Heap Max Capacity: 30688M
 Pre-touch: Disabled
 Parallel Workers: 23
 Concurrent Workers: 6
 Concurrent Refinement Workers: 23
 Periodic GC: Disabled
Heap:
 garbage-first heap   total 720896K, used 178329K [0x0000000082000000, 0x0000000800000000)
  region size 16384K, 1 young (16384K), 0 survivors (0K)
 Metaspace       used 145489K, committed 146432K, reserved 1179648K
  class space    used 17660K, committed 18176K, reserved 1048576K
GC Heap History (20 events):
Event: 10044.165 GC heap before
{Heap before GC invocations=21793 (full 21772):
 garbage-first heap   total 720896K, used 194519K [0x0000000082000000, 0x0000000800000000)
  region size 16384K, 2 young (32768K), 0 survivors (0K)
 Metaspace       used 145489K, committed 146432K, reserved 1179648K
  class space    used 17660K, committed 18176K, reserved 1048576K
}
Event: 10044.232 GC heap after
{Heap after GC invocations=21794 (full 21773):
 garbage-first heap   total 720896K, used 178668K [0x0000000082000000, 0x0000000800000000)
  region size 16384K, 0 young (0K), 0 survivors (0K)
 Metaspace       used 145489K, committed 146432K, reserved 1179648K
  class space    used 17660K, committed 18176K, reserved 1048576K
}
Event: 10044.333 GC heap before
{Heap before GC invocations=21794 (full 21773):
 garbage-first heap   total 720896K, used 178668K [0x0000000082000000, 0x0000000800000000)
  region size 16384K, 1 young (16384K), 0 survivors (0K)
 Metaspace       used 145489K, committed 146432K, reserved 1179648K
  class space    used 17660K, committed 18176K, reserved 1048576K
}
Event: 10044.399 GC heap after
{Heap after GC invocations=21795 (full 21774):
 garbage-first heap   total 720896K, used 178408K [0x0000000082000000, 0x0000000800000000)
  region size 16384K, 0 young (0K), 0 survivors (0K)
 Metaspace       used 145489K, committed 146432K, reserved 1179648K
  class space    used 17660K, committed 18176K, reserved 1048576K
}
Event: 10044.501 GC heap before
{Heap before GC invocations=21795 (full 21774):
 garbage-first heap   total 720896K, used 178408K [0x0000000082000000, 0x0000000800000000)
  region size 16384K, 1 young (16384K), 0 survivors (0K)
 Metaspace       used 145489K, committed 146432K, reserved 1179648K
  class space    used 17660K, committed 18176K, reserved 1048576K
}
Event: 10044.563 GC heap after
{Heap after GC invocations=21796 (full 21775):
 garbage-first heap   total 720896K, used 178303K [0x0000000082000000, 0x0000000800000000)
  region size 16384K, 0 young (0K), 0 survivors (0K)
 Metaspace       used 145489K, committed 146432K, reserved 1179648K
  class space    used 17660K, committed 18176K, reserved 1048576K
}
Event: 10044.864 GC heap before
{Heap before GC invocations=21796 (full 21775):
 garbage-first heap   total 720896K, used 178303K [0x0000000082000000, 0x0000000800000000)
  region size 16384K, 1 young (16384K), 0 survivors (0K)
 Metaspace       used 145489K, committed 146432K, reserved 1179648K
  class space    used 17660K, committed 18176K, reserved 1048576K
}
Event: 10044.931 GC heap after
{Heap after GC invocations=21797 (full 21776):
 garbage-first heap   total 720896K, used 178477K [0x0000000082000000, 0x0000000800000000)
  region size 16384K, 0 young (0K), 0 survivors (0K)
 Metaspace       used 145489K, committed 146432K, reserved 1179648K
  class space    used 17660K, committed 18176K, reserved 1048576K
}
Event: 10045.032 GC heap before
{Heap before GC invocations=21797 (full 21776):
 garbage-first heap   total 720896K, used 178477K [0x0000000082000000, 0x0000000800000000)
  region size 16384K, 1 young (16384K), 0 survivors (0K)
 Metaspace       used 145489K, committed 146432K, reserved 1179648K
  class space    used 17660K, committed 18176K, reserved 1048576K
}
Event: 10045.099 GC heap after
{Heap after GC invocations=21798 (full 21777):
 garbage-first heap   total 720896K, used 178159K [0x0000000082000000, 0x0000000800000000)
  region size 16384K, 0 young (0K), 0 survivors (0K)
 Metaspace       used 145489K, committed 146432K, reserved 1179648K
  class space    used 17660K, committed 18176K, reserved 1048576K
}
Event: 10045.333 GC heap before
{Heap before GC invocations=21798 (full 21777):
 garbage-first heap   total 720896K, used 178159K [0x0000000082000000, 0x0000000800000000)
  region size 16384K, 1 young (16384K), 0 survivors (0K)
 Metaspace       used 145489K, committed 146432K, reserved 1179648K
  class space    used 17660K, committed 18176K, reserved 1048576K
}
Event: 10045.394 GC heap after
{Heap after GC invocations=21799 (full 21778):
 garbage-first heap   total 720896K, used 178308K [0x0000000082000000, 0x0000000800000000)
  region size 16384K, 0 young (0K), 0 survivors (0K)
 Metaspace       used 145489K, committed 146432K, reserved 1179648K
  class space    used 17660K, committed 18176K, reserved 1048576K
}
Event: 10045.500 GC heap before
{Heap before GC invocations=21799 (full 21778):
 garbage-first heap   total 720896K, used 178308K [0x0000000082000000, 0x0000000800000000)
  region size 16384K, 1 young (16384K), 0 survivors (0K)
 Metaspace       used 145489K, committed 146432K, reserved 1179648K
  class space    used 17660K, committed 18176K, reserved 1048576K
}
Event: 10045.561 GC heap after
{Heap after GC invocations=21800 (full 21779):
 garbage-first heap   total 720896K, used 178419K [0x0000000082000000, 0x0000000800000000)
  region size 16384K, 0 young (0K), 0 survivors (0K)
 Metaspace       used 145489K, committed 146432K, reserved 1179648K
  class space    used 17660K, committed 18176K, reserved 1048576K
}
Event: 10045.661 GC heap before
{Heap before GC invocations=21800 (full 21779):
 garbage-first heap   total 720896K, used 178419K [0x0000000082000000, 0x0000000800000000)
  region size 16384K, 1 young (16384K), 0 survivors (0K)
 Metaspace       used 145489K, committed 146432K, reserved 1179648K
  class space    used 17660K, committed 18176K, reserved 1048576K
}
Event: 10045.723 GC heap after
{Heap after GC invocations=21801 (full 21780):
 garbage-first heap   total 720896K, used 178567K [0x0000000082000000, 0x0000000800000000)
  region size 16384K, 0 young (0K), 0 survivors (0K)
 Metaspace       used 145489K, committed 146432K, reserved 1179648K
  class space    used 17660K, committed 18176K, reserved 1048576K
}
Event: 10045.827 GC heap before
{Heap before GC invocations=21801 (full 21780):
 garbage-first heap   total 720896K, used 178567K [0x0000000082000000, 0x0000000800000000)
  region size 16384K, 1 young (16384K), 0 survivors (0K)
 Metaspace       used 145489K, committed 146432K, reserved 1179648K
  class space    used 17660K, committed 18176K, reserved 1048576K
}
Event: 10045.901 GC heap after
{Heap after GC invocations=21802 (full 21781):
 garbage-first heap   total 720896K, used 178433K [0x0000000082000000, 0x0000000800000000)
  region size 16384K, 0 young (0K), 0 survivors (0K)
 Metaspace       used 145489K, committed 146432K, reserved 1179648K
  class space    used 17660K, committed 18176K, reserved 1048576K
}
Event: 10046.003 GC heap before
{Heap before GC invocations=21802 (full 21781):
 garbage-first heap   total 720896K, used 178433K [0x0000000082000000, 0x0000000800000000)
  region size 16384K, 1 young (16384K), 0 survivors (0K)
 Metaspace       used 145489K, committed 146432K, reserved 1179648K
  class space    used 17660K, committed 18176K, reserved 1048576K
}
Event: 10046.071 GC heap after
{Heap after GC invocations=21803 (full 21782):
 garbage-first heap   total 720896K, used 178329K [0x0000000082000000, 0x0000000800000000)
  region size 16384K, 0 young (0K), 0 survivors (0K)
 Metaspace       used 145489K, committed 146432K, reserved 1179648K
  class space    used 17660K, committed 18176K, reserved 1048576K
}

