# JRE version: OpenJDK Runtime Environment (Red_Hat-17.0.7.0.7-1.fc36) (17.0.7+7) (build 17.0.7+7)
# Java VM: OpenJDK 64-Bit Server VM (Red_Hat-17.0.7.0.7-1.fc36) (17.0.7+7, mixed mode, sharing, tiered, compressed oops, compressed class ptrs, g1 gc, linux-amd64)
GC Precious Log:
 CPUs: 32 total, 32 available
 Memory: 125G
 Large Page Support: Disabled
 NUMA Support: Disabled
 Compressed Oops: Enabled (Zero based)
 Heap Region Size: 16M
 Heap Min Capacity: 16M
 Heap Initial Capacity: 2016M
 Heap Max Capacity: 30688M
 Pre-touch: Disabled
 Parallel Workers: 23
 Concurrent Workers: 6
 Concurrent Refinement Workers: 23
 Periodic GC: Disabled
Heap:
 garbage-first heap   total 2949120K, used 503857K [0x0000000082000000, 0x0000000800000000)
  region size 16384K, 17 young (278528K), 6 survivors (98304K)
 Metaspace       used 141102K, committed 142016K, reserved 1179648K
  class space    used 17428K, committed 17856K, reserved 1048576K
GC Heap History (20 events):
Event: 822.891 GC heap before
{Heap before GC invocations=758 (full 395):
 garbage-first heap   total 1048576K, used 471590K [0x0000000082000000, 0x0000000800000000)
  region size 16384K, 15 young (245760K), 2 survivors (32768K)
 Metaspace       used 141102K, committed 142016K, reserved 1179648K
  class space    used 17428K, committed 17856K, reserved 1048576K
}
Event: 822.958 GC heap after
{Heap after GC invocations=759 (full 396):
 garbage-first heap   total 983040K, used 233808K [0x0000000082000000, 0x0000000800000000)
  region size 16384K, 0 young (0K), 0 survivors (0K)
 Metaspace       used 141102K, committed 142016K, reserved 1179648K
  class space    used 17428K, committed 17856K, reserved 1048576K
}
Event: 823.852 GC heap before
{Heap before GC invocations=759 (full 396):
 garbage-first heap   total 983040K, used 758096K [0x0000000082000000, 0x0000000800000000)
  region size 16384K, 32 young (524288K), 0 survivors (0K)
 Metaspace       used 141102K, committed 142016K, reserved 1179648K
  class space    used 17428K, committed 17856K, reserved 1048576K
}
Event: 823.856 GC heap after
{Heap after GC invocations=760 (full 396):
 garbage-first heap   total 983040K, used 243442K [0x0000000082000000, 0x0000000800000000)
  region size 16384K, 1 young (16384K), 1 survivors (16384K)
 Metaspace       used 141102K, committed 142016K, reserved 1179648K
  class space    used 17428K, committed 17856K, reserved 1048576K
}
Event: 825.770 GC heap before
{Heap before GC invocations=760 (full 396):
 garbage-first heap   total 983040K, used 767730K [0x0000000082000000, 0x0000000800000000)
  region size 16384K, 33 young (540672K), 1 survivors (16384K)
 Metaspace       used 141102K, committed 142016K, reserved 1179648K
  class space    used 17428K, committed 17856K, reserved 1048576K
}
Event: 825.775 GC heap after
{Heap after GC invocations=761 (full 396):
 garbage-first heap   total 983040K, used 257209K [0x0000000082000000, 0x0000000800000000)
  region size 16384K, 2 young (32768K), 2 survivors (32768K)
 Metaspace       used 141102K, committed 142016K, reserved 1179648K
  class space    used 17428K, committed 17856K, reserved 1048576K
}
Event: 830.923 GC heap before
{Heap before GC invocations=761 (full 396):
 garbage-first heap   total 983040K, used 765113K [0x0000000082000000, 0x0000000800000000)
  region size 16384K, 33 young (540672K), 2 survivors (32768K)
 Metaspace       used 141102K, committed 142016K, reserved 1179648K
  class space    used 17428K, committed 17856K, reserved 1048576K
}
Event: 830.931 GC heap after
{Heap after GC invocations=762 (full 396):
 garbage-first heap   total 983040K, used 289141K [0x0000000082000000, 0x0000000800000000)
  region size 16384K, 4 young (65536K), 4 survivors (65536K)
 Metaspace       used 141102K, committed 142016K, reserved 1179648K
  class space    used 17428K, committed 17856K, reserved 1048576K
}
Event: 835.050 GC heap before
{Heap before GC invocations=762 (full 396):
 garbage-first heap   total 983040K, used 747893K [0x0000000082000000, 0x0000000800000000)
  region size 16384K, 32 young (524288K), 4 survivors (65536K)
 Metaspace       used 141102K, committed 142016K, reserved 1179648K
  class space    used 17428K, committed 17856K, reserved 1048576K
}
Event: 835.060 GC heap after
{Heap after GC invocations=763 (full 396):
 garbage-first heap   total 983040K, used 280614K [0x0000000082000000, 0x0000000800000000)
  region size 16384K, 3 young (49152K), 3 survivors (49152K)
 Metaspace       used 141102K, committed 142016K, reserved 1179648K
  class space    used 17428K, committed 17856K, reserved 1048576K
}
Event: 835.065 GC heap before
{Heap before GC invocations=763 (full 396):
 garbage-first heap   total 983040K, used 280614K [0x0000000082000000, 0x0000000800000000)
  region size 16384K, 4 young (65536K), 3 survivors (49152K)
 Metaspace       used 141102K, committed 142016K, reserved 1179648K
  class space    used 17428K, committed 17856K, reserved 1048576K
}
Event: 835.134 GC heap after
{Heap after GC invocations=764 (full 397):
 garbage-first heap   total 983040K, used 253318K [0x0000000082000000, 0x0000000800000000)
  region size 16384K, 0 young (0K), 0 survivors (0K)
 Metaspace       used 141102K, committed 142016K, reserved 1179648K
  class space    used 17428K, committed 17856K, reserved 1048576K
}
Event: 837.466 GC heap before
{Heap before GC invocations=764 (full 397):
 garbage-first heap   total 983040K, used 744838K [0x0000000082000000, 0x0000000800000000)
  region size 16384K, 30 young (491520K), 0 survivors (0K)
 Metaspace       used 141102K, committed 142016K, reserved 1179648K
  class space    used 17428K, committed 17856K, reserved 1048576K
}
Event: 837.470 GC heap after
{Heap after GC invocations=765 (full 397):
 garbage-first heap   total 983040K, used 275266K [0x0000000082000000, 0x0000000800000000)
  region size 16384K, 2 young (32768K), 2 survivors (32768K)
 Metaspace       used 141102K, committed 142016K, reserved 1179648K
  class space    used 17428K, committed 17856K, reserved 1048576K
}
Event: 837.677 GC heap before
{Heap before GC invocations=765 (full 397):
 garbage-first heap   total 983040K, used 750402K [0x0000000082000000, 0x0000000800000000)
  region size 16384K, 31 young (507904K), 2 survivors (32768K)
 Metaspace       used 141102K, committed 142016K, reserved 1179648K
  class space    used 17428K, committed 17856K, reserved 1048576K
}
Event: 837.701 GC heap after
{Heap after GC invocations=766 (full 397):
 garbage-first heap   total 983040K, used 273642K [0x0000000082000000, 0x0000000800000000)
  region size 16384K, 2 young (32768K), 2 survivors (32768K)
 Metaspace       used 141102K, committed 142016K, reserved 1179648K
  class space    used 17428K, committed 17856K, reserved 1048576K
}
Event: 840.402 GC heap before
{Heap before GC invocations=766 (full 397):
 garbage-first heap   total 983040K, used 748778K [0x0000000082000000, 0x0000000800000000)
  region size 16384K, 31 young (507904K), 2 survivors (32768K)
 Metaspace       used 141102K, committed 142016K, reserved 1179648K
  class space    used 17428K, committed 17856K, reserved 1048576K
}
Event: 840.414 GC heap after
{Heap after GC invocations=767 (full 397):
 garbage-first heap   total 2949120K, used 293369K [0x0000000082000000, 0x0000000800000000)
  region size 16384K, 3 young (49152K), 3 survivors (49152K)
 Metaspace       used 141102K, committed 142016K, reserved 1179648K
  class space    used 17428K, committed 17856K, reserved 1048576K
}
Event: 850.726 GC heap before
{Heap before GC invocations=767 (full 397):
 garbage-first heap   total 2949120K, used 2013689K [0x0000000082000000, 0x0000000800000000)
  region size 16384K, 108 young (1769472K), 3 survivors (49152K)
 Metaspace       used 141102K, committed 142016K, reserved 1179648K
  class space    used 17428K, committed 17856K, reserved 1048576K
}
Event: 850.744 GC heap after
{Heap after GC invocations=768 (full 397):
 garbage-first heap   total 2949120K, used 340017K [0x0000000082000000, 0x0000000800000000)
  region size 16384K, 6 young (98304K), 6 survivors (98304K)
 Metaspace       used 141102K, committed 142016K, reserved 1179648K
  class space    used 17428K, committed 17856K, reserved 1048576K
}

