# JRE version: OpenJDK Runtime Environment (Red_Hat-17.0.7.0.7-1.fc36) (17.0.7+7) (build 17.0.7+7)
# Java VM: OpenJDK 64-Bit Server VM (Red_Hat-17.0.7.0.7-1.fc36) (17.0.7+7, mixed mode, sharing, tiered, compressed oops, compressed class ptrs, g1 gc, linux-amd64)
GC Precious Log:
 CPUs: 32 total, 32 available
 Memory: 125G
 Large Page Support: Disabled
 NUMA Support: Disabled
 Compressed Oops: Enabled (Zero based)
 Heap Region Size: 16M
 Heap Min Capacity: 16M
 Heap Initial Capacity: 2016M
 Heap Max Capacity: 30688M
 Pre-touch: Disabled
 Parallel Workers: 23
 Concurrent Workers: 6
 Concurrent Refinement Workers: 23
 Periodic GC: Disabled
Heap:
 garbage-first heap   total 393216K, used 70211K [0x0000000082000000, 0x0000000800000000)
  region size 16384K, 1 young (16384K), 0 survivors (0K)
 Metaspace       used 138540K, committed 139520K, reserved 1179648K
  class space    used 17206K, committed 17664K, reserved 1048576K
GC Heap History (20 events):
Event: 256.075 GC heap before
{Heap before GC invocations=1350 (full 1334):
 garbage-first heap   total 393216K, used 84369K [0x0000000082000000, 0x0000000800000000)
  region size 16384K, 1 young (16384K), 0 survivors (0K)
 Metaspace       used 138219K, committed 139136K, reserved 1179648K
  class space    used 17169K, committed 17600K, reserved 1048576K
}
Event: 256.148 GC heap after
{Heap after GC invocations=1351 (full 1335):
 garbage-first heap   total 393216K, used 84370K [0x0000000082000000, 0x0000000800000000)
  region size 16384K, 0 young (0K), 0 survivors (0K)
 Metaspace       used 138219K, committed 139136K, reserved 1179648K
  class space    used 17169K, committed 17600K, reserved 1048576K
}
Event: 256.156 GC heap before
{Heap before GC invocations=1351 (full 1335):
 garbage-first heap   total 393216K, used 84370K [0x0000000082000000, 0x0000000800000000)
  region size 16384K, 1 young (16384K), 0 survivors (0K)
 Metaspace       used 138424K, committed 139392K, reserved 1179648K
  class space    used 17189K, committed 17664K, reserved 1048576K
}
Event: 256.242 GC heap after
{Heap after GC invocations=1352 (full 1336):
 garbage-first heap   total 393216K, used 70199K [0x0000000082000000, 0x0000000800000000)
  region size 16384K, 0 young (0K), 0 survivors (0K)
 Metaspace       used 138424K, committed 139392K, reserved 1179648K
  class space    used 17189K, committed 17664K, reserved 1048576K
}
Event: 256.242 GC heap before
{Heap before GC invocations=1352 (full 1336):
 garbage-first heap   total 393216K, used 70199K [0x0000000082000000, 0x0000000800000000)
  region size 16384K, 0 young (0K), 0 survivors (0K)
 Metaspace       used 138424K, committed 139392K, reserved 1179648K
  class space    used 17189K, committed 17664K, reserved 1048576K
}
Event: 256.305 GC heap after
{Heap after GC invocations=1353 (full 1337):
 garbage-first heap   total 393216K, used 70199K [0x0000000082000000, 0x0000000800000000)
  region size 16384K, 0 young (0K), 0 survivors (0K)
 Metaspace       used 138424K, committed 139392K, reserved 1179648K
  class space    used 17189K, committed 17664K, reserved 1048576K
}
Event: 256.305 GC heap before
{Heap before GC invocations=1353 (full 1337):
 garbage-first heap   total 393216K, used 70199K [0x0000000082000000, 0x0000000800000000)
  region size 16384K, 0 young (0K), 0 survivors (0K)
 Metaspace       used 138424K, committed 139392K, reserved 1179648K
  class space    used 17189K, committed 17664K, reserved 1048576K
}
Event: 256.369 GC heap after
{Heap after GC invocations=1354 (full 1338):
 garbage-first heap   total 393216K, used 70199K [0x0000000082000000, 0x0000000800000000)
  region size 16384K, 0 young (0K), 0 survivors (0K)
 Metaspace       used 138424K, committed 139392K, reserved 1179648K
  class space    used 17189K, committed 17664K, reserved 1048576K
}
Event: 256.370 GC heap before
{Heap before GC invocations=1354 (full 1338):
 garbage-first heap   total 393216K, used 70199K [0x0000000082000000, 0x0000000800000000)
  region size 16384K, 1 young (16384K), 0 survivors (0K)
 Metaspace       used 138424K, committed 139392K, reserved 1179648K
  class space    used 17189K, committed 17664K, reserved 1048576K
}
Event: 256.437 GC heap after
{Heap after GC invocations=1355 (full 1339):
 garbage-first heap   total 393216K, used 70199K [0x0000000082000000, 0x0000000800000000)
  region size 16384K, 0 young (0K), 0 survivors (0K)
 Metaspace       used 138424K, committed 139392K, reserved 1179648K
  class space    used 17189K, committed 17664K, reserved 1048576K
}
Event: 256.437 GC heap before
{Heap before GC invocations=1355 (full 1339):
 garbage-first heap   total 393216K, used 70199K [0x0000000082000000, 0x0000000800000000)
  region size 16384K, 1 young (16384K), 0 survivors (0K)
 Metaspace       used 138425K, committed 139392K, reserved 1179648K
  class space    used 17189K, committed 17664K, reserved 1048576K
}
Event: 256.507 GC heap after
{Heap after GC invocations=1356 (full 1340):
 garbage-first heap   total 393216K, used 70199K [0x0000000082000000, 0x0000000800000000)
  region size 16384K, 0 young (0K), 0 survivors (0K)
 Metaspace       used 138425K, committed 139392K, reserved 1179648K
  class space    used 17189K, committed 17664K, reserved 1048576K
}
Event: 256.507 GC heap before
{Heap before GC invocations=1356 (full 1340):
 garbage-first heap   total 393216K, used 70199K [0x0000000082000000, 0x0000000800000000)
  region size 16384K, 0 young (0K), 0 survivors (0K)
 Metaspace       used 138425K, committed 139392K, reserved 1179648K
  class space    used 17189K, committed 17664K, reserved 1048576K
}
Event: 256.577 GC heap after
{Heap after GC invocations=1357 (full 1341):
 garbage-first heap   total 393216K, used 70199K [0x0000000082000000, 0x0000000800000000)
  region size 16384K, 0 young (0K), 0 survivors (0K)
 Metaspace       used 138425K, committed 139392K, reserved 1179648K
  class space    used 17189K, committed 17664K, reserved 1048576K
}
Event: 256.577 GC heap before
{Heap before GC invocations=1357 (full 1341):
 garbage-first heap   total 393216K, used 70199K [0x0000000082000000, 0x0000000800000000)
  region size 16384K, 1 young (16384K), 0 survivors (0K)
 Metaspace       used 138425K, committed 139392K, reserved 1179648K
  class space    used 17189K, committed 17664K, reserved 1048576K
}
Event: 256.650 GC heap after
{Heap after GC invocations=1358 (full 1342):
 garbage-first heap   total 393216K, used 70199K [0x0000000082000000, 0x0000000800000000)
  region size 16384K, 0 young (0K), 0 survivors (0K)
 Metaspace       used 138425K, committed 139392K, reserved 1179648K
  class space    used 17189K, committed 17664K, reserved 1048576K
}
Event: 256.651 GC heap before
{Heap before GC invocations=1358 (full 1342):
 garbage-first heap   total 393216K, used 70199K [0x0000000082000000, 0x0000000800000000)
  region size 16384K, 1 young (16384K), 0 survivors (0K)
 Metaspace       used 138425K, committed 139392K, reserved 1179648K
  class space    used 17189K, committed 17664K, reserved 1048576K
}
Event: 256.740 GC heap after
{Heap after GC invocations=1359 (full 1343):
 garbage-first heap   total 393216K, used 70211K [0x0000000082000000, 0x0000000800000000)
  region size 16384K, 0 young (0K), 0 survivors (0K)
 Metaspace       used 138425K, committed 139392K, reserved 1179648K
  class space    used 17189K, committed 17664K, reserved 1048576K
}
Event: 256.741 GC heap before
{Heap before GC invocations=1359 (full 1343):
 garbage-first heap   total 393216K, used 70211K [0x0000000082000000, 0x0000000800000000)
  region size 16384K, 0 young (0K), 0 survivors (0K)
 Metaspace       used 138425K, committed 139392K, reserved 1179648K
  class space    used 17189K, committed 17664K, reserved 1048576K
}
Event: 256.832 GC heap after
{Heap after GC invocations=1360 (full 1344):
 garbage-first heap   total 393216K, used 70211K [0x0000000082000000, 0x0000000800000000)
  region size 16384K, 0 young (0K), 0 survivors (0K)
 Metaspace       used 138425K, committed 139392K, reserved 1179648K
  class space    used 17189K, committed 17664K, reserved 1048576K
}

