# JRE version: Java(TM) SE Runtime Environment Oracle GraalVM 24.0.1+9.1 (24.0.1+9) (build 24.0.1+9-jvmci-b01)
# Java VM: Java HotSpot(TM) 64-Bit Server VM Oracle GraalVM 24.0.1+9.1 (24.0.1+9-jvmci-b01, mixed mode, sharing, tiered, jvmci, jvmci compiler, compressed oops, compressed class ptrs, g1 gc, linux-amd64)
GC Precious Log:
 CardTable entry size: 512
 Card Set container configuration: InlinePtr #cards 4 size 8 Array Of Cards #cards 16 size 48 Howl #buckets 8 coarsen threshold 3686 Howl Bitmap #cards 512 size 80 coarsen threshold 460 Card regions per heap region 1 cards per card region 4096
 CPUs: 32 total, 32 available
 Memory: 125G
 Large Page Support: Disabled
 NUMA Support: Disabled
 Compressed Oops: Enabled (Zero based)
 Heap Region Size: 2M
 Heap Min Capacity: 8M
 Heap Initial Capacity: 2012M
 Heap Max Capacity: 4G
 Pre-touch: Disabled
 Parallel Workers: 23
 Concurrent Workers: 6
 Concurrent Refinement Workers: 23
 Periodic GC: Disabled
Heap:
 garbage-first heap   total reserved 4194304K, committed 274432K, used 78974K [0x0000000700000000, 0x0000000800000000)
  region size 2048K, 3 young (6144K), 0 survivors (0K)
 Metaspace       used 77968K, committed 78656K, reserved 1179648K
  class space    used 6637K, committed 6912K, reserved 1048576K
GC Heap History (20 events):
Event: 1370.225 GC heap before
{Heap before GC invocations=8423 (full 8322):
 garbage-first heap   total reserved 4194304K, committed 274432K, used 74771K [0x0000000700000000, 0x0000000800000000)
  region size 2048K, 1 young (2048K), 0 survivors (0K)
 Metaspace       used 77941K, committed 78592K, reserved 1179648K
  class space    used 6637K, committed 6912K, reserved 1048576K
}
Event: 1370.246 GC heap after
{Heap after GC invocations=8424 (full 8323):
 garbage-first heap   total reserved 4194304K, committed 274432K, used 74843K [0x0000000700000000, 0x0000000800000000)
  region size 2048K, 0 young (0K), 0 survivors (0K)
 Metaspace       used 77941K, committed 78592K, reserved 1179648K
  class space    used 6637K, committed 6912K, reserved 1048576K
}
Event: 1370.357 GC heap before
{Heap before GC invocations=8424 (full 8323):
 garbage-first heap   total reserved 4194304K, committed 274432K, used 74843K [0x0000000700000000, 0x0000000800000000)
  region size 2048K, 1 young (2048K), 0 survivors (0K)
 Metaspace       used 77941K, committed 78592K, reserved 1179648K
  class space    used 6637K, committed 6912K, reserved 1048576K
}
Event: 1370.383 GC heap after
{Heap after GC invocations=8425 (full 8324):
 garbage-first heap   total reserved 4194304K, committed 274432K, used 74856K [0x0000000700000000, 0x0000000800000000)
  region size 2048K, 0 young (0K), 0 survivors (0K)
 Metaspace       used 77941K, committed 78592K, reserved 1179648K
  class space    used 6637K, committed 6912K, reserved 1048576K
}
Event: 1370.638 GC heap before
{Heap before GC invocations=8425 (full 8324):
 garbage-first heap   total reserved 4194304K, committed 274432K, used 74856K [0x0000000700000000, 0x0000000800000000)
  region size 2048K, 1 young (2048K), 0 survivors (0K)
 Metaspace       used 77941K, committed 78592K, reserved 1179648K
  class space    used 6637K, committed 6912K, reserved 1048576K
}
Event: 1370.660 GC heap after
{Heap after GC invocations=8426 (full 8325):
 garbage-first heap   total reserved 4194304K, committed 274432K, used 74829K [0x0000000700000000, 0x0000000800000000)
  region size 2048K, 0 young (0K), 0 survivors (0K)
 Metaspace       used 77941K, committed 78592K, reserved 1179648K
  class space    used 6637K, committed 6912K, reserved 1048576K
}
Event: 1370.844 GC heap before
{Heap before GC invocations=8426 (full 8325):
 garbage-first heap   total reserved 4194304K, committed 274432K, used 74829K [0x0000000700000000, 0x0000000800000000)
  region size 2048K, 1 young (2048K), 0 survivors (0K)
 Metaspace       used 77941K, committed 78592K, reserved 1179648K
  class space    used 6637K, committed 6912K, reserved 1048576K
}
Event: 1370.865 GC heap after
{Heap after GC invocations=8427 (full 8326):
 garbage-first heap   total reserved 4194304K, committed 274432K, used 74828K [0x0000000700000000, 0x0000000800000000)
  region size 2048K, 0 young (0K), 0 survivors (0K)
 Metaspace       used 77941K, committed 78592K, reserved 1179648K
  class space    used 6637K, committed 6912K, reserved 1048576K
}
Event: 1371.041 GC heap before
{Heap before GC invocations=8427 (full 8326):
 garbage-first heap   total reserved 4194304K, committed 274432K, used 74828K [0x0000000700000000, 0x0000000800000000)
  region size 2048K, 1 young (2048K), 0 survivors (0K)
 Metaspace       used 77941K, committed 78592K, reserved 1179648K
  class space    used 6637K, committed 6912K, reserved 1048576K
}
Event: 1371.060 GC heap after
{Heap after GC invocations=8428 (full 8327):
 garbage-first heap   total reserved 4194304K, committed 274432K, used 74860K [0x0000000700000000, 0x0000000800000000)
  region size 2048K, 0 young (0K), 0 survivors (0K)
 Metaspace       used 77941K, committed 78592K, reserved 1179648K
  class space    used 6637K, committed 6912K, reserved 1048576K
}
Event: 1371.170 GC heap before
{Heap before GC invocations=8428 (full 8327):
 garbage-first heap   total reserved 4194304K, committed 274432K, used 74860K [0x0000000700000000, 0x0000000800000000)
  region size 2048K, 1 young (2048K), 0 survivors (0K)
 Metaspace       used 77941K, committed 78592K, reserved 1179648K
  class space    used 6637K, committed 6912K, reserved 1048576K
}
Event: 1371.191 GC heap after
{Heap after GC invocations=8429 (full 8328):
 garbage-first heap   total reserved 4194304K, committed 274432K, used 74862K [0x0000000700000000, 0x0000000800000000)
  region size 2048K, 0 young (0K), 0 survivors (0K)
 Metaspace       used 77941K, committed 78592K, reserved 1179648K
  class space    used 6637K, committed 6912K, reserved 1048576K
}
Event: 1371.292 GC heap before
{Heap before GC invocations=8429 (full 8328):
 garbage-first heap   total reserved 4194304K, committed 274432K, used 74862K [0x0000000700000000, 0x0000000800000000)
  region size 2048K, 1 young (2048K), 0 survivors (0K)
 Metaspace       used 77941K, committed 78592K, reserved 1179648K
  class space    used 6637K, committed 6912K, reserved 1048576K
}
Event: 1371.310 GC heap after
{Heap after GC invocations=8430 (full 8329):
 garbage-first heap   total reserved 4194304K, committed 274432K, used 74855K [0x0000000700000000, 0x0000000800000000)
  region size 2048K, 0 young (0K), 0 survivors (0K)
 Metaspace       used 77941K, committed 78592K, reserved 1179648K
  class space    used 6637K, committed 6912K, reserved 1048576K
}
Event: 1371.411 GC heap before
{Heap before GC invocations=8430 (full 8329):
 garbage-first heap   total reserved 4194304K, committed 274432K, used 74855K [0x0000000700000000, 0x0000000800000000)
  region size 2048K, 1 young (2048K), 0 survivors (0K)
 Metaspace       used 77941K, committed 78592K, reserved 1179648K
  class space    used 6637K, committed 6912K, reserved 1048576K
}
Event: 1371.432 GC heap after
{Heap after GC invocations=8431 (full 8330):
 garbage-first heap   total reserved 4194304K, committed 274432K, used 74853K [0x0000000700000000, 0x0000000800000000)
  region size 2048K, 0 young (0K), 0 survivors (0K)
 Metaspace       used 77941K, committed 78592K, reserved 1179648K
  class space    used 6637K, committed 6912K, reserved 1048576K
}
Event: 1371.533 GC heap before
{Heap before GC invocations=8431 (full 8330):
 garbage-first heap   total reserved 4194304K, committed 274432K, used 74853K [0x0000000700000000, 0x0000000800000000)
  region size 2048K, 1 young (2048K), 0 survivors (0K)
 Metaspace       used 77941K, committed 78592K, reserved 1179648K
  class space    used 6637K, committed 6912K, reserved 1048576K
}
Event: 1371.548 GC heap after
{Heap after GC invocations=8432 (full 8331):
 garbage-first heap   total reserved 4194304K, committed 274432K, used 74857K [0x0000000700000000, 0x0000000800000000)
  region size 2048K, 0 young (0K), 0 survivors (0K)
 Metaspace       used 77941K, committed 78592K, reserved 1179648K
  class space    used 6637K, committed 6912K, reserved 1048576K
}
Event: 1371.649 GC heap before
{Heap before GC invocations=8432 (full 8331):
 garbage-first heap   total reserved 4194304K, committed 274432K, used 74857K [0x0000000700000000, 0x0000000800000000)
  region size 2048K, 1 young (2048K), 0 survivors (0K)
 Metaspace       used 77941K, committed 78592K, reserved 1179648K
  class space    used 6637K, committed 6912K, reserved 1048576K
}
Event: 1371.666 GC heap after
{Heap after GC invocations=8433 (full 8332):
 garbage-first heap   total reserved 4194304K, committed 274432K, used 74878K [0x0000000700000000, 0x0000000800000000)
  region size 2048K, 0 young (0K), 0 survivors (0K)
 Metaspace       used 77941K, committed 78592K, reserved 1179648K
  class space    used 6637K, committed 6912K, reserved 1048576K
}

