# JRE version: OpenJDK Runtime Environment (Red_Hat-17.0.7.0.7-1.fc36) (17.0.7+7) (build 17.0.7+7)
# Java VM: OpenJDK 64-Bit Server VM (Red_Hat-17.0.7.0.7-1.fc36) (17.0.7+7, mixed mode, sharing, tiered, compressed oops, compressed class ptrs, g1 gc, linux-amd64)
GC Precious Log:
 CPUs: 32 total, 32 available
 Memory: 125G
 Large Page Support: Disabled
 NUMA Support: Disabled
 Compressed Oops: Enabled (Zero based)
 Heap Region Size: 16M
 Heap Min Capacity: 16M
 Heap Initial Capacity: 2016M
 Heap Max Capacity: 30688M
 Pre-touch: Disabled
 Parallel Workers: 23
 Concurrent Workers: 6
 Concurrent Refinement Workers: 23
 Periodic GC: Disabled
Heap:
 garbage-first heap   total 393216K, used 63473K [0x0000000082000000, 0x0000000800000000)
  region size 16384K, 1 young (16384K), 0 survivors (0K)
 Metaspace       used 146622K, committed 147776K, reserved 1179648K
  class space    used 17423K, committed 17984K, reserved 1048576K
GC Heap History (20 events):
Event: 38724.482 GC heap before
{Heap before GC invocations=179663 (full 179635):
 garbage-first heap   total 393216K, used 81279K [0x0000000082000000, 0x0000000800000000)
  region size 16384K, 1 young (16384K), 0 survivors (0K)
 Metaspace       used 146506K, committed 147776K, reserved 1179648K
  class space    used 17399K, committed 17984K, reserved 1048576K
}
Event: 38724.607 GC heap after
{Heap after GC invocations=179664 (full 179636):
 garbage-first heap   total 393216K, used 63617K [0x0000000082000000, 0x0000000800000000)
  region size 16384K, 0 young (0K), 0 survivors (0K)
 Metaspace       used 146506K, committed 147776K, reserved 1179648K
  class space    used 17399K, committed 17984K, reserved 1048576K
}
Event: 38724.607 GC heap before
{Heap before GC invocations=179664 (full 179636):
 garbage-first heap   total 393216K, used 63617K [0x0000000082000000, 0x0000000800000000)
  region size 16384K, 0 young (0K), 0 survivors (0K)
 Metaspace       used 146506K, committed 147776K, reserved 1179648K
  class space    used 17399K, committed 17984K, reserved 1048576K
}
Event: 38724.716 GC heap after
{Heap after GC invocations=179665 (full 179637):
 garbage-first heap   total 393216K, used 63617K [0x0000000082000000, 0x0000000800000000)
  region size 16384K, 0 young (0K), 0 survivors (0K)
 Metaspace       used 146506K, committed 147776K, reserved 1179648K
  class space    used 17399K, committed 17984K, reserved 1048576K
}
Event: 38724.716 GC heap before
{Heap before GC invocations=179665 (full 179637):
 garbage-first heap   total 393216K, used 63617K [0x0000000082000000, 0x0000000800000000)
  region size 16384K, 0 young (0K), 0 survivors (0K)
 Metaspace       used 146506K, committed 147776K, reserved 1179648K
  class space    used 17399K, committed 17984K, reserved 1048576K
}
Event: 38724.813 GC heap after
{Heap after GC invocations=179666 (full 179638):
 garbage-first heap   total 393216K, used 63617K [0x0000000082000000, 0x0000000800000000)
  region size 16384K, 0 young (0K), 0 survivors (0K)
 Metaspace       used 146506K, committed 147776K, reserved 1179648K
  class space    used 17399K, committed 17984K, reserved 1048576K
}
Event: 38724.814 GC heap before
{Heap before GC invocations=179666 (full 179638):
 garbage-first heap   total 393216K, used 63617K [0x0000000082000000, 0x0000000800000000)
  region size 16384K, 1 young (16384K), 0 survivors (0K)
 Metaspace       used 146506K, committed 147776K, reserved 1179648K
  class space    used 17399K, committed 17984K, reserved 1048576K
}
Event: 38724.907 GC heap after
{Heap after GC invocations=179667 (full 179639):
 garbage-first heap   total 393216K, used 63604K [0x0000000082000000, 0x0000000800000000)
  region size 16384K, 0 young (0K), 0 survivors (0K)
 Metaspace       used 146506K, committed 147776K, reserved 1179648K
  class space    used 17399K, committed 17984K, reserved 1048576K
}
Event: 38724.907 GC heap before
{Heap before GC invocations=179667 (full 179639):
 garbage-first heap   total 393216K, used 63604K [0x0000000082000000, 0x0000000800000000)
  region size 16384K, 0 young (0K), 0 survivors (0K)
 Metaspace       used 146506K, committed 147776K, reserved 1179648K
  class space    used 17399K, committed 17984K, reserved 1048576K
}
Event: 38724.989 GC heap after
{Heap after GC invocations=179668 (full 179640):
 garbage-first heap   total 393216K, used 63603K [0x0000000082000000, 0x0000000800000000)
  region size 16384K, 0 young (0K), 0 survivors (0K)
 Metaspace       used 146506K, committed 147776K, reserved 1179648K
  class space    used 17399K, committed 17984K, reserved 1048576K
}
Event: 38724.990 GC heap before
{Heap before GC invocations=179668 (full 179640):
 garbage-first heap   total 393216K, used 63603K [0x0000000082000000, 0x0000000800000000)
  region size 16384K, 1 young (16384K), 0 survivors (0K)
 Metaspace       used 146506K, committed 147776K, reserved 1179648K
  class space    used 17399K, committed 17984K, reserved 1048576K
}
Event: 38725.091 GC heap after
{Heap after GC invocations=179669 (full 179641):
 garbage-first heap   total 393216K, used 63584K [0x0000000082000000, 0x0000000800000000)
  region size 16384K, 0 young (0K), 0 survivors (0K)
 Metaspace       used 146506K, committed 147776K, reserved 1179648K
  class space    used 17399K, committed 17984K, reserved 1048576K
}
Event: 38725.092 GC heap before
{Heap before GC invocations=179669 (full 179641):
 garbage-first heap   total 393216K, used 63584K [0x0000000082000000, 0x0000000800000000)
  region size 16384K, 0 young (0K), 0 survivors (0K)
 Metaspace       used 146506K, committed 147776K, reserved 1179648K
  class space    used 17399K, committed 17984K, reserved 1048576K
}
Event: 38725.195 GC heap after
{Heap after GC invocations=179670 (full 179642):
 garbage-first heap   total 393216K, used 63582K [0x0000000082000000, 0x0000000800000000)
  region size 16384K, 0 young (0K), 0 survivors (0K)
 Metaspace       used 146506K, committed 147776K, reserved 1179648K
  class space    used 17399K, committed 17984K, reserved 1048576K
}
Event: 38725.195 GC heap before
{Heap before GC invocations=179670 (full 179642):
 garbage-first heap   total 393216K, used 63582K [0x0000000082000000, 0x0000000800000000)
  region size 16384K, 1 young (16384K), 0 survivors (0K)
 Metaspace       used 146506K, committed 147776K, reserved 1179648K
  class space    used 17399K, committed 17984K, reserved 1048576K
}
Event: 38725.287 GC heap after
{Heap after GC invocations=179671 (full 179643):
 garbage-first heap   total 393216K, used 63498K [0x0000000082000000, 0x0000000800000000)
  region size 16384K, 0 young (0K), 0 survivors (0K)
 Metaspace       used 146506K, committed 147776K, reserved 1179648K
  class space    used 17399K, committed 17984K, reserved 1048576K
}
Event: 38725.287 GC heap before
{Heap before GC invocations=179671 (full 179643):
 garbage-first heap   total 393216K, used 63498K [0x0000000082000000, 0x0000000800000000)
  region size 16384K, 1 young (16384K), 0 survivors (0K)
 Metaspace       used 146506K, committed 147776K, reserved 1179648K
  class space    used 17399K, committed 17984K, reserved 1048576K
}
Event: 38725.355 GC heap after
{Heap after GC invocations=179672 (full 179644):
 garbage-first heap   total 393216K, used 63473K [0x0000000082000000, 0x0000000800000000)
  region size 16384K, 0 young (0K), 0 survivors (0K)
 Metaspace       used 146506K, committed 147776K, reserved 1179648K
  class space    used 17399K, committed 17984K, reserved 1048576K
}
Event: 38725.356 GC heap before
{Heap before GC invocations=179672 (full 179644):
 garbage-first heap   total 393216K, used 63473K [0x0000000082000000, 0x0000000800000000)
  region size 16384K, 1 young (16384K), 0 survivors (0K)
 Metaspace       used 146506K, committed 147776K, reserved 1179648K
  class space    used 17399K, committed 17984K, reserved 1048576K
}
Event: 38725.444 GC heap after
{Heap after GC invocations=179673 (full 179645):
 garbage-first heap   total 393216K, used 63473K [0x0000000082000000, 0x0000000800000000)
  region size 16384K, 0 young (0K), 0 survivors (0K)
 Metaspace       used 146506K, committed 147776K, reserved 1179648K
  class space    used 17399K, committed 17984K, reserved 1048576K
}

