# JRE version: OpenJDK Runtime Environment (Red_Hat-17.0.7.0.7-1.fc36) (17.0.7+7) (build 17.0.7+7)
# Java VM: OpenJDK 64-Bit Server VM (Red_Hat-17.0.7.0.7-1.fc36) (17.0.7+7, mixed mode, sharing, tiered, compressed oops, compressed class ptrs, g1 gc, linux-amd64)
Heap:
 garbage-first heap   total 557056K, used 121550K [0x0000000082000000, 0x0000000800000000)
  region size 16384K, 1 young (16384K), 0 survivors (0K)
 Metaspace       used 143186K, committed 144256K, reserved 1179648K
  class space    used 17755K, committed 18304K, reserved 1048576K
GC Heap History (20 events):
Event: 1136.330 GC heap before
{Heap before GC invocations=5982 (full 5838):
 garbage-first heap   total 557056K, used 115249K [0x0000000082000000, 0x0000000800000000)
  region size 16384K, 1 young (16384K), 0 survivors (0K)
 Metaspace       used 143186K, committed 144256K, reserved 1179648K
  class space    used 17755K, committed 18304K, reserved 1048576K
}
Event: 1136.415 GC heap after
{Heap after GC invocations=5983 (full 5839):
 garbage-first heap   total 557056K, used 115217K [0x0000000082000000, 0x0000000800000000)
  region size 16384K, 0 young (0K), 0 survivors (0K)
 Metaspace       used 143186K, committed 144256K, reserved 1179648K
  class space    used 17755K, committed 18304K, reserved 1048576K
}
Event: 1136.516 GC heap before
{Heap before GC invocations=5983 (full 5839):
 garbage-first heap   total 557056K, used 115217K [0x0000000082000000, 0x0000000800000000)
  region size 16384K, 1 young (16384K), 0 survivors (0K)
 Metaspace       used 143186K, committed 144256K, reserved 1179648K
  class space    used 17755K, committed 18304K, reserved 1048576K
}
Event: 1136.616 GC heap after
{Heap after GC invocations=5984 (full 5840):
 garbage-first heap   total 557056K, used 115267K [0x0000000082000000, 0x0000000800000000)
  region size 16384K, 0 young (0K), 0 survivors (0K)
 Metaspace       used 143186K, committed 144256K, reserved 1179648K
  class space    used 17755K, committed 18304K, reserved 1048576K
}
Event: 1136.716 GC heap before
{Heap before GC invocations=5984 (full 5840):
 garbage-first heap   total 557056K, used 115267K [0x0000000082000000, 0x0000000800000000)
  region size 16384K, 1 young (16384K), 0 survivors (0K)
 Metaspace       used 143186K, committed 144256K, reserved 1179648K
  class space    used 17755K, committed 18304K, reserved 1048576K
}
Event: 1136.824 GC heap after
{Heap after GC invocations=5985 (full 5841):
 garbage-first heap   total 557056K, used 115258K [0x0000000082000000, 0x0000000800000000)
  region size 16384K, 0 young (0K), 0 survivors (0K)
 Metaspace       used 143186K, committed 144256K, reserved 1179648K
  class space    used 17755K, committed 18304K, reserved 1048576K
}
Event: 1136.925 GC heap before
{Heap before GC invocations=5985 (full 5841):
 garbage-first heap   total 557056K, used 115258K [0x0000000082000000, 0x0000000800000000)
  region size 16384K, 1 young (16384K), 0 survivors (0K)
 Metaspace       used 143186K, committed 144256K, reserved 1179648K
  class space    used 17755K, committed 18304K, reserved 1048576K
}
Event: 1137.013 GC heap after
{Heap after GC invocations=5986 (full 5842):
 garbage-first heap   total 557056K, used 115272K [0x0000000082000000, 0x0000000800000000)
  region size 16384K, 0 young (0K), 0 survivors (0K)
 Metaspace       used 143186K, committed 144256K, reserved 1179648K
  class space    used 17755K, committed 18304K, reserved 1048576K
}
Event: 1137.114 GC heap before
{Heap before GC invocations=5986 (full 5842):
 garbage-first heap   total 557056K, used 115272K [0x0000000082000000, 0x0000000800000000)
  region size 16384K, 1 young (16384K), 0 survivors (0K)
 Metaspace       used 143186K, committed 144256K, reserved 1179648K
  class space    used 17755K, committed 18304K, reserved 1048576K
}
Event: 1137.202 GC heap after
{Heap after GC invocations=5987 (full 5843):
 garbage-first heap   total 557056K, used 115258K [0x0000000082000000, 0x0000000800000000)
  region size 16384K, 0 young (0K), 0 survivors (0K)
 Metaspace       used 143186K, committed 144256K, reserved 1179648K
  class space    used 17755K, committed 18304K, reserved 1048576K
}
Event: 1137.506 GC heap before
{Heap before GC invocations=5987 (full 5843):
 garbage-first heap   total 557056K, used 115258K [0x0000000082000000, 0x0000000800000000)
  region size 16384K, 1 young (16384K), 0 survivors (0K)
 Metaspace       used 143186K, committed 144256K, reserved 1179648K
  class space    used 17755K, committed 18304K, reserved 1048576K
}
Event: 1137.588 GC heap after
{Heap after GC invocations=5988 (full 5844):
 garbage-first heap   total 557056K, used 115264K [0x0000000082000000, 0x0000000800000000)
  region size 16384K, 0 young (0K), 0 survivors (0K)
 Metaspace       used 143186K, committed 144256K, reserved 1179648K
  class space    used 17755K, committed 18304K, reserved 1048576K
}
Event: 1137.701 GC heap before
{Heap before GC invocations=5988 (full 5844):
 garbage-first heap   total 557056K, used 115264K [0x0000000082000000, 0x0000000800000000)
  region size 16384K, 1 young (16384K), 0 survivors (0K)
 Metaspace       used 143186K, committed 144256K, reserved 1179648K
  class space    used 17755K, committed 18304K, reserved 1048576K
}
Event: 1137.779 GC heap after
{Heap after GC invocations=5989 (full 5845):
 garbage-first heap   total 557056K, used 115281K [0x0000000082000000, 0x0000000800000000)
  region size 16384K, 0 young (0K), 0 survivors (0K)
 Metaspace       used 143186K, committed 144256K, reserved 1179648K
  class space    used 17755K, committed 18304K, reserved 1048576K
}
Event: 1137.916 GC heap before
{Heap before GC invocations=5989 (full 5845):
 garbage-first heap   total 557056K, used 115281K [0x0000000082000000, 0x0000000800000000)
  region size 16384K, 1 young (16384K), 0 survivors (0K)
 Metaspace       used 143186K, committed 144256K, reserved 1179648K
  class space    used 17755K, committed 18304K, reserved 1048576K
}
Event: 1138.005 GC heap after
{Heap after GC invocations=5990 (full 5846):
 garbage-first heap   total 557056K, used 115271K [0x0000000082000000, 0x0000000800000000)
  region size 16384K, 0 young (0K), 0 survivors (0K)
 Metaspace       used 143186K, committed 144256K, reserved 1179648K
  class space    used 17755K, committed 18304K, reserved 1048576K
}
Event: 1138.106 GC heap before
{Heap before GC invocations=5990 (full 5846):
 garbage-first heap   total 557056K, used 115271K [0x0000000082000000, 0x0000000800000000)
  region size 16384K, 1 young (16384K), 0 survivors (0K)
 Metaspace       used 143186K, committed 144256K, reserved 1179648K
  class space    used 17755K, committed 18304K, reserved 1048576K
}
Event: 1138.223 GC heap after
{Heap after GC invocations=5991 (full 5847):
 garbage-first heap   total 557056K, used 115286K [0x0000000082000000, 0x0000000800000000)
  region size 16384K, 0 young (0K), 0 survivors (0K)
 Metaspace       used 143186K, committed 144256K, reserved 1179648K
  class space    used 17755K, committed 18304K, reserved 1048576K
}
Event: 1138.323 GC heap before
{Heap before GC invocations=5991 (full 5847):
 garbage-first heap   total 557056K, used 115286K [0x0000000082000000, 0x0000000800000000)
  region size 16384K, 1 young (16384K), 0 survivors (0K)
 Metaspace       used 143186K, committed 144256K, reserved 1179648K
  class space    used 17755K, committed 18304K, reserved 1048576K
}
Event: 1138.403 GC heap after
{Heap after GC invocations=5992 (full 5848):
 garbage-first heap   total 557056K, used 115276K [0x0000000082000000, 0x0000000800000000)
  region size 16384K, 0 young (0K), 0 survivors (0K)
 Metaspace       used 143186K, committed 144256K, reserved 1179648K
  class space    used 17755K, committed 18304K, reserved 1048576K
}

