# JRE version: OpenJDK Runtime Environment (Red_Hat-17.0.7.0.7-1.fc36) (17.0.7+7) (build 17.0.7+7)
# Java VM: OpenJDK 64-Bit Server VM (Red_Hat-17.0.7.0.7-1.fc36) (17.0.7+7, mixed mode, sharing, tiered, compressed oops, compressed class ptrs, g1 gc, linux-amd64)
GC Precious Log:
 CPUs: 32 total, 32 available
 Memory: 125G
 Large Page Support: Disabled
 NUMA Support: Disabled
 Compressed Oops: Enabled (Zero based)
 Heap Region Size: 16M
 Heap Min Capacity: 16M
 Heap Initial Capacity: 2016M
 Heap Max Capacity: 30688M
 Pre-touch: Disabled
 Parallel Workers: 23
 Concurrent Workers: 6
 Concurrent Refinement Workers: 23
 Periodic GC: Disabled
Heap:
 garbage-first heap   total 1228800K, used 343484K [0x0000000082000000, 0x0000000800000000)
  region size 16384K, 15 young (245760K), 3 survivors (49152K)
 Metaspace       used 130009K, committed 130752K, reserved 1179648K
  class space    used 16354K, committed 16704K, reserved 1048576K
GC Heap History (20 events):
Event: 68.274 GC heap before
{Heap before GC invocations=82 (full 54):
 garbage-first heap   total 393216K, used 258155K [0x0000000082000000, 0x0000000800000000)
  region size 16384K, 9 young (147456K), 0 survivors (0K)
 Metaspace       used 127313K, committed 128064K, reserved 1179648K
  class space    used 16008K, committed 16384K, reserved 1048576K
}
Event: 68.276 GC heap after
{Heap after GC invocations=83 (full 54):
 garbage-first heap   total 393216K, used 113266K [0x0000000082000000, 0x0000000800000000)
  region size 16384K, 1 young (16384K), 1 survivors (16384K)
 Metaspace       used 127313K, committed 128064K, reserved 1179648K
  class space    used 16008K, committed 16384K, reserved 1048576K
}
Event: 68.305 GC heap before
{Heap before GC invocations=83 (full 54):
 garbage-first heap   total 393216K, used 195186K [0x0000000082000000, 0x0000000800000000)
  region size 16384K, 7 young (114688K), 1 survivors (16384K)
 Metaspace       used 127497K, committed 128256K, reserved 1179648K
  class space    used 16039K, committed 16384K, reserved 1048576K
}
Event: 68.382 GC heap after
{Heap after GC invocations=84 (full 55):
 garbage-first heap   total 393216K, used 105395K [0x0000000082000000, 0x0000000800000000)
  region size 16384K, 0 young (0K), 0 survivors (0K)
 Metaspace       used 127497K, committed 128256K, reserved 1179648K
  class space    used 16039K, committed 16384K, reserved 1048576K
}
Event: 68.434 GC heap before
{Heap before GC invocations=84 (full 55):
 garbage-first heap   total 393216K, used 269235K [0x0000000082000000, 0x0000000800000000)
  region size 16384K, 10 young (163840K), 0 survivors (0K)
 Metaspace       used 127497K, committed 128256K, reserved 1179648K
  class space    used 16039K, committed 16384K, reserved 1048576K
}
Event: 68.435 GC heap after
{Heap after GC invocations=85 (full 55):
 garbage-first heap   total 393216K, used 106142K [0x0000000082000000, 0x0000000800000000)
  region size 16384K, 1 young (16384K), 1 survivors (16384K)
 Metaspace       used 127497K, committed 128256K, reserved 1179648K
  class space    used 16039K, committed 16384K, reserved 1048576K
}
Event: 68.483 GC heap before
{Heap before GC invocations=85 (full 55):
 garbage-first heap   total 393216K, used 220830K [0x0000000082000000, 0x0000000800000000)
  region size 16384K, 9 young (147456K), 1 survivors (16384K)
 Metaspace       used 127497K, committed 128256K, reserved 1179648K
  class space    used 16039K, committed 16384K, reserved 1048576K
}
Event: 68.570 GC heap after
{Heap after GC invocations=86 (full 56):
 garbage-first heap   total 393216K, used 105768K [0x0000000082000000, 0x0000000800000000)
  region size 16384K, 0 young (0K), 0 survivors (0K)
 Metaspace       used 127497K, committed 128256K, reserved 1179648K
  class space    used 16039K, committed 16384K, reserved 1048576K
}
Event: 68.620 GC heap before
{Heap before GC invocations=86 (full 56):
 garbage-first heap   total 393216K, used 269608K [0x0000000082000000, 0x0000000800000000)
  region size 16384K, 10 young (163840K), 0 survivors (0K)
 Metaspace       used 127497K, committed 128256K, reserved 1179648K
  class space    used 16039K, committed 16384K, reserved 1048576K
}
Event: 68.621 GC heap after
{Heap after GC invocations=87 (full 56):
 garbage-first heap   total 393216K, used 105982K [0x0000000082000000, 0x0000000800000000)
  region size 16384K, 1 young (16384K), 1 survivors (16384K)
 Metaspace       used 127497K, committed 128256K, reserved 1179648K
  class space    used 16039K, committed 16384K, reserved 1048576K
}
Event: 68.670 GC heap before
{Heap before GC invocations=87 (full 56):
 garbage-first heap   total 393216K, used 171518K [0x0000000082000000, 0x0000000800000000)
  region size 16384K, 6 young (98304K), 1 survivors (16384K)
 Metaspace       used 127498K, committed 128256K, reserved 1179648K
  class space    used 16039K, committed 16384K, reserved 1048576K
}
Event: 68.777 GC heap after
{Heap after GC invocations=88 (full 57):
 garbage-first heap   total 393216K, used 107935K [0x0000000082000000, 0x0000000800000000)
  region size 16384K, 0 young (0K), 0 survivors (0K)
 Metaspace       used 127498K, committed 128256K, reserved 1179648K
  class space    used 16039K, committed 16384K, reserved 1048576K
}
Event: 68.877 GC heap before
{Heap before GC invocations=88 (full 57):
 garbage-first heap   total 393216K, used 124319K [0x0000000082000000, 0x0000000800000000)
  region size 16384K, 2 young (32768K), 0 survivors (0K)
 Metaspace       used 127498K, committed 128256K, reserved 1179648K
  class space    used 16039K, committed 16384K, reserved 1048576K
}
Event: 68.964 GC heap after
{Heap after GC invocations=89 (full 58):
 garbage-first heap   total 393216K, used 109500K [0x0000000082000000, 0x0000000800000000)
  region size 16384K, 0 young (0K), 0 survivors (0K)
 Metaspace       used 127498K, committed 128256K, reserved 1179648K
  class space    used 16039K, committed 16384K, reserved 1048576K
}
Event: 75.449 GC heap before
{Heap before GC invocations=89 (full 58):
 garbage-first heap   total 393216K, used 273340K [0x0000000082000000, 0x0000000800000000)
  region size 16384K, 10 young (163840K), 0 survivors (0K)
 Metaspace       used 129967K, committed 130752K, reserved 1179648K
  class space    used 16353K, committed 16704K, reserved 1048576K
}
Event: 75.453 GC heap after
{Heap after GC invocations=90 (full 58):
 garbage-first heap   total 1228800K, used 118535K [0x0000000082000000, 0x0000000800000000)
  region size 16384K, 1 young (16384K), 1 survivors (16384K)
 Metaspace       used 129967K, committed 130752K, reserved 1179648K
  class space    used 16353K, committed 16704K, reserved 1048576K
}
Event: 110.786 GC heap before
{Heap before GC invocations=90 (full 58):
 garbage-first heap   total 1228800K, used 839431K [0x0000000082000000, 0x0000000800000000)
  region size 16384K, 45 young (737280K), 1 survivors (16384K)
 Metaspace       used 130002K, committed 130752K, reserved 1179648K
  class space    used 16354K, committed 16704K, reserved 1048576K
}
Event: 110.798 GC heap after
{Heap after GC invocations=91 (full 58):
 garbage-first heap   total 1228800K, used 159636K [0x0000000082000000, 0x0000000800000000)
  region size 16384K, 4 young (65536K), 4 survivors (65536K)
 Metaspace       used 130002K, committed 130752K, reserved 1179648K
  class space    used 16354K, committed 16704K, reserved 1048576K
}
Event: 115.152 GC heap before
{Heap before GC invocations=91 (full 58):
 garbage-first heap   total 1228800K, used 831380K [0x0000000082000000, 0x0000000800000000)
  region size 16384K, 45 young (737280K), 4 survivors (65536K)
 Metaspace       used 130009K, committed 130752K, reserved 1179648K
  class space    used 16354K, committed 16704K, reserved 1048576K
}
Event: 115.158 GC heap after
{Heap after GC invocations=92 (full 58):
 garbage-first heap   total 1228800K, used 163260K [0x0000000082000000, 0x0000000800000000)
  region size 16384K, 3 young (49152K), 3 survivors (49152K)
 Metaspace       used 130009K, committed 130752K, reserved 1179648K
  class space    used 16354K, committed 16704K, reserved 1048576K
}

