# JRE version: OpenJDK Runtime Environment (Red_Hat-17.0.7.0.7-1.fc36) (17.0.7+7) (build 17.0.7+7)
# Java VM: OpenJDK 64-Bit Server VM (Red_Hat-17.0.7.0.7-1.fc36) (17.0.7+7, mixed mode, sharing, tiered, compressed oops, compressed class ptrs, g1 gc, linux-amd64)
GC Precious Log:
 CPUs: 32 total, 32 available
 Memory: 125G
 Large Page Support: Disabled
 NUMA Support: Disabled
 Compressed Oops: Enabled (Zero based)
 Heap Region Size: 16M
 Heap Min Capacity: 16M
 Heap Initial Capacity: 2016M
 Heap Max Capacity: 30688M
 Pre-touch: Disabled
 Parallel Workers: 23
 Concurrent Workers: 6
 Concurrent Refinement Workers: 23
 Periodic GC: Disabled
Heap:
 garbage-first heap   total 557056K, used 119906K [0x0000000082000000, 0x0000000800000000)
  region size 16384K, 1 young (16384K), 0 survivors (0K)
 Metaspace       used 147964K, committed 148992K, reserved 1179648K
  class space    used 17992K, committed 18496K, reserved 1048576K
GC Heap History (20 events):
Event: 1118.769 GC heap before
{Heap before GC invocations=5543 (full 5484):
 garbage-first heap   total 557056K, used 119807K [0x0000000082000000, 0x0000000800000000)
  region size 16384K, 1 young (16384K), 0 survivors (0K)
 Metaspace       used 147964K, committed 148992K, reserved 1179648K
  class space    used 17992K, committed 18496K, reserved 1048576K
}
Event: 1118.866 GC heap after
{Heap after GC invocations=5544 (full 5485):
 garbage-first heap   total 557056K, used 119818K [0x0000000082000000, 0x0000000800000000)
  region size 16384K, 0 young (0K), 0 survivors (0K)
 Metaspace       used 147964K, committed 148992K, reserved 1179648K
  class space    used 17992K, committed 18496K, reserved 1048576K
}
Event: 1118.967 GC heap before
{Heap before GC invocations=5544 (full 5485):
 garbage-first heap   total 557056K, used 119818K [0x0000000082000000, 0x0000000800000000)
  region size 16384K, 1 young (16384K), 0 survivors (0K)
 Metaspace       used 147964K, committed 148992K, reserved 1179648K
  class space    used 17992K, committed 18496K, reserved 1048576K
}
Event: 1119.067 GC heap after
{Heap after GC invocations=5545 (full 5486):
 garbage-first heap   total 557056K, used 119815K [0x0000000082000000, 0x0000000800000000)
  region size 16384K, 0 young (0K), 0 survivors (0K)
 Metaspace       used 147964K, committed 148992K, reserved 1179648K
  class space    used 17992K, committed 18496K, reserved 1048576K
}
Event: 1119.169 GC heap before
{Heap before GC invocations=5545 (full 5486):
 garbage-first heap   total 557056K, used 119815K [0x0000000082000000, 0x0000000800000000)
  region size 16384K, 1 young (16384K), 0 survivors (0K)
 Metaspace       used 147964K, committed 148992K, reserved 1179648K
  class space    used 17992K, committed 18496K, reserved 1048576K
}
Event: 1119.262 GC heap after
{Heap after GC invocations=5546 (full 5487):
 garbage-first heap   total 557056K, used 119813K [0x0000000082000000, 0x0000000800000000)
  region size 16384K, 0 young (0K), 0 survivors (0K)
 Metaspace       used 147964K, committed 148992K, reserved 1179648K
  class space    used 17992K, committed 18496K, reserved 1048576K
}
Event: 1119.362 GC heap before
{Heap before GC invocations=5546 (full 5487):
 garbage-first heap   total 557056K, used 119813K [0x0000000082000000, 0x0000000800000000)
  region size 16384K, 1 young (16384K), 0 survivors (0K)
 Metaspace       used 147964K, committed 148992K, reserved 1179648K
  class space    used 17992K, committed 18496K, reserved 1048576K
}
Event: 1119.463 GC heap after
{Heap after GC invocations=5547 (full 5488):
 garbage-first heap   total 557056K, used 119816K [0x0000000082000000, 0x0000000800000000)
  region size 16384K, 0 young (0K), 0 survivors (0K)
 Metaspace       used 147964K, committed 148992K, reserved 1179648K
  class space    used 17992K, committed 18496K, reserved 1048576K
}
Event: 1119.563 GC heap before
{Heap before GC invocations=5547 (full 5488):
 garbage-first heap   total 557056K, used 119816K [0x0000000082000000, 0x0000000800000000)
  region size 16384K, 1 young (16384K), 0 survivors (0K)
 Metaspace       used 147964K, committed 148992K, reserved 1179648K
  class space    used 17992K, committed 18496K, reserved 1048576K
}
Event: 1119.657 GC heap after
{Heap after GC invocations=5548 (full 5489):
 garbage-first heap   total 557056K, used 119836K [0x0000000082000000, 0x0000000800000000)
  region size 16384K, 0 young (0K), 0 survivors (0K)
 Metaspace       used 147964K, committed 148992K, reserved 1179648K
  class space    used 17992K, committed 18496K, reserved 1048576K
}
Event: 1119.757 GC heap before
{Heap before GC invocations=5548 (full 5489):
 garbage-first heap   total 557056K, used 119836K [0x0000000082000000, 0x0000000800000000)
  region size 16384K, 1 young (16384K), 0 survivors (0K)
 Metaspace       used 147964K, committed 148992K, reserved 1179648K
  class space    used 17992K, committed 18496K, reserved 1048576K
}
Event: 1119.870 GC heap after
{Heap after GC invocations=5549 (full 5490):
 garbage-first heap   total 557056K, used 119820K [0x0000000082000000, 0x0000000800000000)
  region size 16384K, 0 young (0K), 0 survivors (0K)
 Metaspace       used 147964K, committed 148992K, reserved 1179648K
  class space    used 17992K, committed 18496K, reserved 1048576K
}
Event: 1119.972 GC heap before
{Heap before GC invocations=5549 (full 5490):
 garbage-first heap   total 557056K, used 119820K [0x0000000082000000, 0x0000000800000000)
  region size 16384K, 1 young (16384K), 0 survivors (0K)
 Metaspace       used 147964K, committed 148992K, reserved 1179648K
  class space    used 17992K, committed 18496K, reserved 1048576K
}
Event: 1120.054 GC heap after
{Heap after GC invocations=5550 (full 5491):
 garbage-first heap   total 557056K, used 119834K [0x0000000082000000, 0x0000000800000000)
  region size 16384K, 0 young (0K), 0 survivors (0K)
 Metaspace       used 147964K, committed 148992K, reserved 1179648K
  class space    used 17992K, committed 18496K, reserved 1048576K
}
Event: 1120.156 GC heap before
{Heap before GC invocations=5550 (full 5491):
 garbage-first heap   total 557056K, used 119834K [0x0000000082000000, 0x0000000800000000)
  region size 16384K, 1 young (16384K), 0 survivors (0K)
 Metaspace       used 147964K, committed 148992K, reserved 1179648K
  class space    used 17992K, committed 18496K, reserved 1048576K
}
Event: 1120.249 GC heap after
{Heap after GC invocations=5551 (full 5492):
 garbage-first heap   total 557056K, used 119828K [0x0000000082000000, 0x0000000800000000)
  region size 16384K, 0 young (0K), 0 survivors (0K)
 Metaspace       used 147964K, committed 148992K, reserved 1179648K
  class space    used 17992K, committed 18496K, reserved 1048576K
}
Event: 1120.350 GC heap before
{Heap before GC invocations=5551 (full 5492):
 garbage-first heap   total 557056K, used 119828K [0x0000000082000000, 0x0000000800000000)
  region size 16384K, 1 young (16384K), 0 survivors (0K)
 Metaspace       used 147964K, committed 148992K, reserved 1179648K
  class space    used 17992K, committed 18496K, reserved 1048576K
}
Event: 1120.453 GC heap after
{Heap after GC invocations=5552 (full 5493):
 garbage-first heap   total 557056K, used 119901K [0x0000000082000000, 0x0000000800000000)
  region size 16384K, 0 young (0K), 0 survivors (0K)
 Metaspace       used 147964K, committed 148992K, reserved 1179648K
  class space    used 17992K, committed 18496K, reserved 1048576K
}
Event: 1120.553 GC heap before
{Heap before GC invocations=5552 (full 5493):
 garbage-first heap   total 557056K, used 119901K [0x0000000082000000, 0x0000000800000000)
  region size 16384K, 1 young (16384K), 0 survivors (0K)
 Metaspace       used 147964K, committed 148992K, reserved 1179648K
  class space    used 17992K, committed 18496K, reserved 1048576K
}
Event: 1120.661 GC heap after
{Heap after GC invocations=5553 (full 5494):
 garbage-first heap   total 557056K, used 119906K [0x0000000082000000, 0x0000000800000000)
  region size 16384K, 0 young (0K), 0 survivors (0K)
 Metaspace       used 147964K, committed 148992K, reserved 1179648K
  class space    used 17992K, committed 18496K, reserved 1048576K
}

