# JRE version: OpenJDK Runtime Environment (Red_Hat-17.0.7.0.7-1.fc36) (17.0.7+7) (build 17.0.7+7)
# Java VM: OpenJDK 64-Bit Server VM (Red_Hat-17.0.7.0.7-1.fc36) (17.0.7+7, mixed mode, sharing, tiered, compressed oops, compressed class ptrs, g1 gc, linux-amd64)
GC Precious Log:
 CPUs: 32 total, 32 available
 Memory: 125G
 Large Page Support: Disabled
 NUMA Support: Disabled
 Compressed Oops: Enabled (Zero based)
 Heap Region Size: 16M
 Heap Min Capacity: 16M
 Heap Initial Capacity: 2016M
 Heap Max Capacity: 30688M
 Pre-touch: Disabled
 Parallel Workers: 23
 Concurrent Workers: 6
 Concurrent Refinement Workers: 23
 Periodic GC: Disabled
Heap:
 garbage-first heap   total 393216K, used 74495K [0x0000000082000000, 0x0000000800000000)
  region size 16384K, 1 young (16384K), 0 survivors (0K)
 Metaspace       used 142689K, committed 143616K, reserved 1179648K
  class space    used 17384K, committed 17792K, reserved 1048576K
GC Heap History (20 events):
Event: 1305.932 GC heap before
{Heap before GC invocations=6826 (full 6805):
 garbage-first heap   total 442368K, used 89767K [0x0000000082000000, 0x0000000800000000)
  region size 16384K, 1 young (16384K), 0 survivors (0K)
 Metaspace       used 142585K, committed 143488K, reserved 1179648K
  class space    used 17366K, committed 17792K, reserved 1048576K
}
Event: 1306.043 GC heap after
{Heap after GC invocations=6827 (full 6806):
 garbage-first heap   total 393216K, used 74743K [0x0000000082000000, 0x0000000800000000)
  region size 16384K, 0 young (0K), 0 survivors (0K)
 Metaspace       used 142585K, committed 143488K, reserved 1179648K
  class space    used 17366K, committed 17792K, reserved 1048576K
}
Event: 1306.044 GC heap before
{Heap before GC invocations=6827 (full 6806):
 garbage-first heap   total 393216K, used 74743K [0x0000000082000000, 0x0000000800000000)
  region size 16384K, 0 young (0K), 0 survivors (0K)
 Metaspace       used 142585K, committed 143488K, reserved 1179648K
  class space    used 17366K, committed 17792K, reserved 1048576K
}
Event: 1306.141 GC heap after
{Heap after GC invocations=6828 (full 6807):
 garbage-first heap   total 393216K, used 74743K [0x0000000082000000, 0x0000000800000000)
  region size 16384K, 0 young (0K), 0 survivors (0K)
 Metaspace       used 142585K, committed 143488K, reserved 1179648K
  class space    used 17366K, committed 17792K, reserved 1048576K
}
Event: 1306.145 GC heap before
{Heap before GC invocations=6828 (full 6807):
 garbage-first heap   total 393216K, used 74743K [0x0000000082000000, 0x0000000800000000)
  region size 16384K, 0 young (0K), 0 survivors (0K)
 Metaspace       used 142585K, committed 143488K, reserved 1179648K
  class space    used 17366K, committed 17792K, reserved 1048576K
}
Event: 1306.232 GC heap after
{Heap after GC invocations=6829 (full 6808):
 garbage-first heap   total 393216K, used 74743K [0x0000000082000000, 0x0000000800000000)
  region size 16384K, 0 young (0K), 0 survivors (0K)
 Metaspace       used 142585K, committed 143488K, reserved 1179648K
  class space    used 17366K, committed 17792K, reserved 1048576K
}
Event: 1306.233 GC heap before
{Heap before GC invocations=6829 (full 6808):
 garbage-first heap   total 393216K, used 74743K [0x0000000082000000, 0x0000000800000000)
  region size 16384K, 1 young (16384K), 0 survivors (0K)
 Metaspace       used 142585K, committed 143488K, reserved 1179648K
  class space    used 17366K, committed 17792K, reserved 1048576K
}
Event: 1306.336 GC heap after
{Heap after GC invocations=6830 (full 6809):
 garbage-first heap   total 393216K, used 74721K [0x0000000082000000, 0x0000000800000000)
  region size 16384K, 0 young (0K), 0 survivors (0K)
 Metaspace       used 142585K, committed 143488K, reserved 1179648K
  class space    used 17366K, committed 17792K, reserved 1048576K
}
Event: 1306.337 GC heap before
{Heap before GC invocations=6830 (full 6809):
 garbage-first heap   total 393216K, used 74721K [0x0000000082000000, 0x0000000800000000)
  region size 16384K, 0 young (0K), 0 survivors (0K)
 Metaspace       used 142585K, committed 143488K, reserved 1179648K
  class space    used 17366K, committed 17792K, reserved 1048576K
}
Event: 1306.435 GC heap after
{Heap after GC invocations=6831 (full 6810):
 garbage-first heap   total 393216K, used 74720K [0x0000000082000000, 0x0000000800000000)
  region size 16384K, 0 young (0K), 0 survivors (0K)
 Metaspace       used 142585K, committed 143488K, reserved 1179648K
  class space    used 17366K, committed 17792K, reserved 1048576K
}
Event: 1306.435 GC heap before
{Heap before GC invocations=6831 (full 6810):
 garbage-first heap   total 393216K, used 74720K [0x0000000082000000, 0x0000000800000000)
  region size 16384K, 1 young (16384K), 0 survivors (0K)
 Metaspace       used 142585K, committed 143488K, reserved 1179648K
  class space    used 17366K, committed 17792K, reserved 1048576K
}
Event: 1306.535 GC heap after
{Heap after GC invocations=6832 (full 6811):
 garbage-first heap   total 393216K, used 74713K [0x0000000082000000, 0x0000000800000000)
  region size 16384K, 0 young (0K), 0 survivors (0K)
 Metaspace       used 142585K, committed 143488K, reserved 1179648K
  class space    used 17366K, committed 17792K, reserved 1048576K
}
Event: 1306.535 GC heap before
{Heap before GC invocations=6832 (full 6811):
 garbage-first heap   total 393216K, used 74713K [0x0000000082000000, 0x0000000800000000)
  region size 16384K, 0 young (0K), 0 survivors (0K)
 Metaspace       used 142585K, committed 143488K, reserved 1179648K
  class space    used 17366K, committed 17792K, reserved 1048576K
}
Event: 1306.621 GC heap after
{Heap after GC invocations=6833 (full 6812):
 garbage-first heap   total 393216K, used 74713K [0x0000000082000000, 0x0000000800000000)
  region size 16384K, 0 young (0K), 0 survivors (0K)
 Metaspace       used 142585K, committed 143488K, reserved 1179648K
  class space    used 17366K, committed 17792K, reserved 1048576K
}
Event: 1306.621 GC heap before
{Heap before GC invocations=6833 (full 6812):
 garbage-first heap   total 393216K, used 74713K [0x0000000082000000, 0x0000000800000000)
  region size 16384K, 0 young (0K), 0 survivors (0K)
 Metaspace       used 142585K, committed 143488K, reserved 1179648K
  class space    used 17366K, committed 17792K, reserved 1048576K
}
Event: 1306.731 GC heap after
{Heap after GC invocations=6834 (full 6813):
 garbage-first heap   total 393216K, used 74713K [0x0000000082000000, 0x0000000800000000)
  region size 16384K, 0 young (0K), 0 survivors (0K)
 Metaspace       used 142585K, committed 143488K, reserved 1179648K
  class space    used 17366K, committed 17792K, reserved 1048576K
}
Event: 1306.731 GC heap before
{Heap before GC invocations=6834 (full 6813):
 garbage-first heap   total 393216K, used 74713K [0x0000000082000000, 0x0000000800000000)
  region size 16384K, 1 young (16384K), 0 survivors (0K)
 Metaspace       used 142585K, committed 143488K, reserved 1179648K
  class space    used 17366K, committed 17792K, reserved 1048576K
}
Event: 1306.817 GC heap after
{Heap after GC invocations=6835 (full 6814):
 garbage-first heap   total 393216K, used 74713K [0x0000000082000000, 0x0000000800000000)
  region size 16384K, 0 young (0K), 0 survivors (0K)
 Metaspace       used 142585K, committed 143488K, reserved 1179648K
  class space    used 17366K, committed 17792K, reserved 1048576K
}
Event: 1306.831 GC heap before
{Heap before GC invocations=6835 (full 6814):
 garbage-first heap   total 393216K, used 74713K [0x0000000082000000, 0x0000000800000000)
  region size 16384K, 1 young (16384K), 0 survivors (0K)
 Metaspace       used 142611K, committed 143488K, reserved 1179648K
  class space    used 17369K, committed 17792K, reserved 1048576K
}
Event: 1306.939 GC heap after
{Heap after GC invocations=6836 (full 6815):
 garbage-first heap   total 393216K, used 74495K [0x0000000082000000, 0x0000000800000000)
  region size 16384K, 0 young (0K), 0 survivors (0K)
 Metaspace       used 142611K, committed 143488K, reserved 1179648K
  class space    used 17369K, committed 17792K, reserved 1048576K
}

