# JRE version: OpenJDK Runtime Environment (Red_Hat-17.0.7.0.7-1.fc36) (17.0.7+7) (build 17.0.7+7)
# Java VM: OpenJDK 64-Bit Server VM (Red_Hat-17.0.7.0.7-1.fc36) (17.0.7+7, mixed mode, sharing, tiered, compressed oops, compressed class ptrs, g1 gc, linux-amd64)
Heap:
 garbage-first heap   total 491520K, used 118730K [0x0000000082000000, 0x0000000800000000)
  region size 16384K, 1 young (16384K), 0 survivors (0K)
 Metaspace       used 145470K, committed 146560K, reserved 1179648K
  class space    used 17886K, committed 18432K, reserved 1048576K
GC Heap History (20 events):
Event: 639.161 GC heap before
{Heap before GC invocations=3373 (full 3312):
 garbage-first heap   total 491520K, used 113308K [0x0000000082000000, 0x0000000800000000)
  region size 16384K, 1 young (16384K), 0 survivors (0K)
 Metaspace       used 145468K, committed 146560K, reserved 1179648K
  class space    used 17886K, committed 18432K, reserved 1048576K
}
Event: 639.257 GC heap after
{Heap after GC invocations=3374 (full 3313):
 garbage-first heap   total 491520K, used 113370K [0x0000000082000000, 0x0000000800000000)
  region size 16384K, 0 young (0K), 0 survivors (0K)
 Metaspace       used 145468K, committed 146560K, reserved 1179648K
  class space    used 17886K, committed 18432K, reserved 1048576K
}
Event: 639.359 GC heap before
{Heap before GC invocations=3374 (full 3313):
 garbage-first heap   total 491520K, used 113370K [0x0000000082000000, 0x0000000800000000)
  region size 16384K, 1 young (16384K), 0 survivors (0K)
 Metaspace       used 145468K, committed 146560K, reserved 1179648K
  class space    used 17886K, committed 18432K, reserved 1048576K
}
Event: 639.444 GC heap after
{Heap after GC invocations=3375 (full 3314):
 garbage-first heap   total 491520K, used 113347K [0x0000000082000000, 0x0000000800000000)
  region size 16384K, 0 young (0K), 0 survivors (0K)
 Metaspace       used 145468K, committed 146560K, reserved 1179648K
  class space    used 17886K, committed 18432K, reserved 1048576K
}
Event: 639.552 GC heap before
{Heap before GC invocations=3375 (full 3314):
 garbage-first heap   total 491520K, used 113347K [0x0000000082000000, 0x0000000800000000)
  region size 16384K, 1 young (16384K), 0 survivors (0K)
 Metaspace       used 145468K, committed 146560K, reserved 1179648K
  class space    used 17886K, committed 18432K, reserved 1048576K
}
Event: 639.638 GC heap after
{Heap after GC invocations=3376 (full 3315):
 garbage-first heap   total 491520K, used 113398K [0x0000000082000000, 0x0000000800000000)
  region size 16384K, 0 young (0K), 0 survivors (0K)
 Metaspace       used 145468K, committed 146560K, reserved 1179648K
  class space    used 17886K, committed 18432K, reserved 1048576K
}
Event: 639.752 GC heap before
{Heap before GC invocations=3376 (full 3315):
 garbage-first heap   total 491520K, used 113398K [0x0000000082000000, 0x0000000800000000)
  region size 16384K, 1 young (16384K), 0 survivors (0K)
 Metaspace       used 145468K, committed 146560K, reserved 1179648K
  class space    used 17886K, committed 18432K, reserved 1048576K
}
Event: 639.835 GC heap after
{Heap after GC invocations=3377 (full 3316):
 garbage-first heap   total 491520K, used 113445K [0x0000000082000000, 0x0000000800000000)
  region size 16384K, 0 young (0K), 0 survivors (0K)
 Metaspace       used 145468K, committed 146560K, reserved 1179648K
  class space    used 17886K, committed 18432K, reserved 1048576K
}
Event: 639.936 GC heap before
{Heap before GC invocations=3377 (full 3316):
 garbage-first heap   total 491520K, used 113445K [0x0000000082000000, 0x0000000800000000)
  region size 16384K, 1 young (16384K), 0 survivors (0K)
 Metaspace       used 145468K, committed 146560K, reserved 1179648K
  class space    used 17886K, committed 18432K, reserved 1048576K
}
Event: 640.031 GC heap after
{Heap after GC invocations=3378 (full 3317):
 garbage-first heap   total 491520K, used 113411K [0x0000000082000000, 0x0000000800000000)
  region size 16384K, 0 young (0K), 0 survivors (0K)
 Metaspace       used 145468K, committed 146560K, reserved 1179648K
  class space    used 17886K, committed 18432K, reserved 1048576K
}
Event: 640.133 GC heap before
{Heap before GC invocations=3378 (full 3317):
 garbage-first heap   total 491520K, used 113411K [0x0000000082000000, 0x0000000800000000)
  region size 16384K, 1 young (16384K), 0 survivors (0K)
 Metaspace       used 145468K, committed 146560K, reserved 1179648K
  class space    used 17886K, committed 18432K, reserved 1048576K
}
Event: 640.224 GC heap after
{Heap after GC invocations=3379 (full 3318):
 garbage-first heap   total 491520K, used 113470K [0x0000000082000000, 0x0000000800000000)
  region size 16384K, 0 young (0K), 0 survivors (0K)
 Metaspace       used 145468K, committed 146560K, reserved 1179648K
  class space    used 17886K, committed 18432K, reserved 1048576K
}
Event: 640.325 GC heap before
{Heap before GC invocations=3379 (full 3318):
 garbage-first heap   total 491520K, used 113470K [0x0000000082000000, 0x0000000800000000)
  region size 16384K, 1 young (16384K), 0 survivors (0K)
 Metaspace       used 145468K, committed 146560K, reserved 1179648K
  class space    used 17886K, committed 18432K, reserved 1048576K
}
Event: 640.419 GC heap after
{Heap after GC invocations=3380 (full 3319):
 garbage-first heap   total 491520K, used 113463K [0x0000000082000000, 0x0000000800000000)
  region size 16384K, 0 young (0K), 0 survivors (0K)
 Metaspace       used 145468K, committed 146560K, reserved 1179648K
  class space    used 17886K, committed 18432K, reserved 1048576K
}
Event: 640.523 GC heap before
{Heap before GC invocations=3380 (full 3319):
 garbage-first heap   total 491520K, used 113463K [0x0000000082000000, 0x0000000800000000)
  region size 16384K, 1 young (16384K), 0 survivors (0K)
 Metaspace       used 145470K, committed 146560K, reserved 1179648K
  class space    used 17886K, committed 18432K, reserved 1048576K
}
Event: 640.603 GC heap after
{Heap after GC invocations=3381 (full 3320):
 garbage-first heap   total 491520K, used 113537K [0x0000000082000000, 0x0000000800000000)
  region size 16384K, 0 young (0K), 0 survivors (0K)
 Metaspace       used 145470K, committed 146560K, reserved 1179648K
  class space    used 17886K, committed 18432K, reserved 1048576K
}
Event: 640.703 GC heap before
{Heap before GC invocations=3381 (full 3320):
 garbage-first heap   total 491520K, used 113537K [0x0000000082000000, 0x0000000800000000)
  region size 16384K, 1 young (16384K), 0 survivors (0K)
 Metaspace       used 145470K, committed 146560K, reserved 1179648K
  class space    used 17886K, committed 18432K, reserved 1048576K
}
Event: 640.790 GC heap after
{Heap after GC invocations=3382 (full 3321):
 garbage-first heap   total 491520K, used 113531K [0x0000000082000000, 0x0000000800000000)
  region size 16384K, 0 young (0K), 0 survivors (0K)
 Metaspace       used 145470K, committed 146560K, reserved 1179648K
  class space    used 17886K, committed 18432K, reserved 1048576K
}
Event: 640.892 GC heap before
{Heap before GC invocations=3382 (full 3321):
 garbage-first heap   total 491520K, used 113531K [0x0000000082000000, 0x0000000800000000)
  region size 16384K, 1 young (16384K), 0 survivors (0K)
 Metaspace       used 145470K, committed 146560K, reserved 1179648K
  class space    used 17886K, committed 18432K, reserved 1048576K
}
Event: 640.979 GC heap after
{Heap after GC invocations=3383 (full 3322):
 garbage-first heap   total 491520K, used 113510K [0x0000000082000000, 0x0000000800000000)
  region size 16384K, 0 young (0K), 0 survivors (0K)
 Metaspace       used 145470K, committed 146560K, reserved 1179648K
  class space    used 17886K, committed 18432K, reserved 1048576K
}

