# JRE version: Java(TM) SE Runtime Environment Oracle GraalVM 24.0.1+9.1 (24.0.1+9) (build 24.0.1+9-jvmci-b01)
# Java VM: Java HotSpot(TM) 64-Bit Server VM Oracle GraalVM 24.0.1+9.1 (24.0.1+9-jvmci-b01, mixed mode, sharing, tiered, jvmci, jvmci compiler, compressed oops, compressed class ptrs, g1 gc, linux-amd64)
GC Precious Log:
 CardTable entry size: 512
 Card Set container configuration: InlinePtr #cards 4 size 8 Array Of Cards #cards 16 size 48 Howl #buckets 8 coarsen threshold 3686 Howl Bitmap #cards 512 size 80 coarsen threshold 460 Card regions per heap region 1 cards per card region 4096
 CPUs: 32 total, 32 available
 Memory: 125G
 Large Page Support: Disabled
 NUMA Support: Disabled
 Compressed Oops: Enabled (Zero based)
 Heap Region Size: 2M
 Heap Min Capacity: 8M
 Heap Initial Capacity: 2012M
 Heap Max Capacity: 4G
 Pre-touch: Disabled
 Parallel Workers: 23
 Concurrent Workers: 6
 Concurrent Refinement Workers: 23
 Periodic GC: Disabled
Heap:
 garbage-first heap   total reserved 4194304K, committed 225280K, used 69592K [0x0000000700000000, 0x0000000800000000)
  region size 2048K, 4 young (8192K), 0 survivors (0K)
 Metaspace       used 75405K, committed 75968K, reserved 1179648K
  class space    used 6394K, committed 6656K, reserved 1048576K
GC Heap History (20 events):
Event: 160.295 GC heap before
{Heap before GC invocations=1225 (full 1186):
 garbage-first heap   total reserved 4194304K, committed 225280K, used 65322K [0x0000000700000000, 0x0000000800000000)
  region size 2048K, 1 young (2048K), 0 survivors (0K)
 Metaspace       used 75358K, committed 75904K, reserved 1179648K
  class space    used 6390K, committed 6656K, reserved 1048576K
}
Event: 160.324 GC heap after
{Heap after GC invocations=1226 (full 1187):
 garbage-first heap   total reserved 4194304K, committed 225280K, used 65325K [0x0000000700000000, 0x0000000800000000)
  region size 2048K, 0 young (0K), 0 survivors (0K)
 Metaspace       used 75358K, committed 75904K, reserved 1179648K
  class space    used 6390K, committed 6656K, reserved 1048576K
}
Event: 160.425 GC heap before
{Heap before GC invocations=1226 (full 1187):
 garbage-first heap   total reserved 4194304K, committed 225280K, used 65325K [0x0000000700000000, 0x0000000800000000)
  region size 2048K, 1 young (2048K), 0 survivors (0K)
 Metaspace       used 75358K, committed 75904K, reserved 1179648K
  class space    used 6390K, committed 6656K, reserved 1048576K
}
Event: 160.451 GC heap after
{Heap after GC invocations=1227 (full 1188):
 garbage-first heap   total reserved 4194304K, committed 225280K, used 65399K [0x0000000700000000, 0x0000000800000000)
  region size 2048K, 0 young (0K), 0 survivors (0K)
 Metaspace       used 75358K, committed 75904K, reserved 1179648K
  class space    used 6390K, committed 6656K, reserved 1048576K
}
Event: 160.552 GC heap before
{Heap before GC invocations=1227 (full 1188):
 garbage-first heap   total reserved 4194304K, committed 225280K, used 65399K [0x0000000700000000, 0x0000000800000000)
  region size 2048K, 1 young (2048K), 0 survivors (0K)
 Metaspace       used 75358K, committed 75904K, reserved 1179648K
  class space    used 6390K, committed 6656K, reserved 1048576K
}
Event: 160.579 GC heap after
{Heap after GC invocations=1228 (full 1189):
 garbage-first heap   total reserved 4194304K, committed 225280K, used 65423K [0x0000000700000000, 0x0000000800000000)
  region size 2048K, 0 young (0K), 0 survivors (0K)
 Metaspace       used 75358K, committed 75904K, reserved 1179648K
  class space    used 6390K, committed 6656K, reserved 1048576K
}
Event: 160.680 GC heap before
{Heap before GC invocations=1228 (full 1189):
 garbage-first heap   total reserved 4194304K, committed 225280K, used 65423K [0x0000000700000000, 0x0000000800000000)
  region size 2048K, 1 young (2048K), 0 survivors (0K)
 Metaspace       used 75358K, committed 75904K, reserved 1179648K
  class space    used 6390K, committed 6656K, reserved 1048576K
}
Event: 160.710 GC heap after
{Heap after GC invocations=1229 (full 1190):
 garbage-first heap   total reserved 4194304K, committed 225280K, used 65460K [0x0000000700000000, 0x0000000800000000)
  region size 2048K, 0 young (0K), 0 survivors (0K)
 Metaspace       used 75358K, committed 75904K, reserved 1179648K
  class space    used 6390K, committed 6656K, reserved 1048576K
}
Event: 160.811 GC heap before
{Heap before GC invocations=1229 (full 1190):
 garbage-first heap   total reserved 4194304K, committed 225280K, used 65460K [0x0000000700000000, 0x0000000800000000)
  region size 2048K, 1 young (2048K), 0 survivors (0K)
 Metaspace       used 75358K, committed 75904K, reserved 1179648K
  class space    used 6390K, committed 6656K, reserved 1048576K
}
Event: 160.841 GC heap after
{Heap after GC invocations=1230 (full 1191):
 garbage-first heap   total reserved 4194304K, committed 225280K, used 65549K [0x0000000700000000, 0x0000000800000000)
  region size 2048K, 0 young (0K), 0 survivors (0K)
 Metaspace       used 75358K, committed 75904K, reserved 1179648K
  class space    used 6390K, committed 6656K, reserved 1048576K
}
Event: 160.945 GC heap before
{Heap before GC invocations=1230 (full 1191):
 garbage-first heap   total reserved 4194304K, committed 225280K, used 65549K [0x0000000700000000, 0x0000000800000000)
  region size 2048K, 1 young (2048K), 0 survivors (0K)
 Metaspace       used 75358K, committed 75904K, reserved 1179648K
  class space    used 6390K, committed 6656K, reserved 1048576K
}
Event: 160.975 GC heap after
{Heap after GC invocations=1231 (full 1192):
 garbage-first heap   total reserved 4194304K, committed 225280K, used 65464K [0x0000000700000000, 0x0000000800000000)
  region size 2048K, 0 young (0K), 0 survivors (0K)
 Metaspace       used 75358K, committed 75904K, reserved 1179648K
  class space    used 6390K, committed 6656K, reserved 1048576K
}
Event: 161.077 GC heap before
{Heap before GC invocations=1231 (full 1192):
 garbage-first heap   total reserved 4194304K, committed 225280K, used 65464K [0x0000000700000000, 0x0000000800000000)
  region size 2048K, 1 young (2048K), 0 survivors (0K)
 Metaspace       used 75358K, committed 75904K, reserved 1179648K
  class space    used 6390K, committed 6656K, reserved 1048576K
}
Event: 161.105 GC heap after
{Heap after GC invocations=1232 (full 1193):
 garbage-first heap   total reserved 4194304K, committed 225280K, used 65443K [0x0000000700000000, 0x0000000800000000)
  region size 2048K, 0 young (0K), 0 survivors (0K)
 Metaspace       used 75358K, committed 75904K, reserved 1179648K
  class space    used 6390K, committed 6656K, reserved 1048576K
}
Event: 161.205 GC heap before
{Heap before GC invocations=1232 (full 1193):
 garbage-first heap   total reserved 4194304K, committed 225280K, used 65443K [0x0000000700000000, 0x0000000800000000)
  region size 2048K, 1 young (2048K), 0 survivors (0K)
 Metaspace       used 75358K, committed 75904K, reserved 1179648K
  class space    used 6390K, committed 6656K, reserved 1048576K
}
Event: 161.227 GC heap after
{Heap after GC invocations=1233 (full 1194):
 garbage-first heap   total reserved 4194304K, committed 225280K, used 65476K [0x0000000700000000, 0x0000000800000000)
  region size 2048K, 0 young (0K), 0 survivors (0K)
 Metaspace       used 75358K, committed 75904K, reserved 1179648K
  class space    used 6390K, committed 6656K, reserved 1048576K
}
Event: 161.334 GC heap before
{Heap before GC invocations=1233 (full 1194):
 garbage-first heap   total reserved 4194304K, committed 225280K, used 65476K [0x0000000700000000, 0x0000000800000000)
  region size 2048K, 1 young (2048K), 0 survivors (0K)
 Metaspace       used 75358K, committed 75904K, reserved 1179648K
  class space    used 6390K, committed 6656K, reserved 1048576K
}
Event: 161.355 GC heap after
{Heap after GC invocations=1234 (full 1195):
 garbage-first heap   total reserved 4194304K, committed 225280K, used 65480K [0x0000000700000000, 0x0000000800000000)
  region size 2048K, 0 young (0K), 0 survivors (0K)
 Metaspace       used 75358K, committed 75904K, reserved 1179648K
  class space    used 6390K, committed 6656K, reserved 1048576K
}
Event: 161.458 GC heap before
{Heap before GC invocations=1234 (full 1195):
 garbage-first heap   total reserved 4194304K, committed 225280K, used 65480K [0x0000000700000000, 0x0000000800000000)
  region size 2048K, 1 young (2048K), 0 survivors (0K)
 Metaspace       used 75379K, committed 75968K, reserved 1179648K
  class space    used 6390K, committed 6656K, reserved 1048576K
}
Event: 161.480 GC heap after
{Heap after GC invocations=1235 (full 1196):
 garbage-first heap   total reserved 4194304K, committed 225280K, used 65496K [0x0000000700000000, 0x0000000800000000)
  region size 2048K, 0 young (0K), 0 survivors (0K)
 Metaspace       used 75379K, committed 75968K, reserved 1179648K
  class space    used 6390K, committed 6656K, reserved 1048576K
}

