# JRE version: OpenJDK Runtime Environment (Red_Hat-17.0.7.0.7-1.fc36) (17.0.7+7) (build 17.0.7+7)
# Java VM: OpenJDK 64-Bit Server VM (Red_Hat-17.0.7.0.7-1.fc36) (17.0.7+7, mixed mode, sharing, tiered, compressed oops, compressed class ptrs, g1 gc, linux-amd64)
Heap:
 garbage-first heap   total 393216K, used 81545K [0x0000000082000000, 0x0000000800000000)
  region size 16384K, 1 young (16384K), 0 survivors (0K)
 Metaspace       used 98132K, committed 98688K, reserved 1179648K
  class space    used 11865K, committed 12096K, reserved 1048576K
GC Heap History (20 events):
Event: 13.036 GC heap before
{Heap before GC invocations=18 (full 4):
 garbage-first heap   total 327680K, used 71426K [0x0000000082000000, 0x0000000800000000)
  region size 16384K, 1 young (16384K), 0 survivors (0K)
 Metaspace       used 97237K, committed 97792K, reserved 1179648K
  class space    used 11778K, committed 12032K, reserved 1048576K
}
Event: 13.094 GC heap after
{Heap after GC invocations=19 (full 5):
 garbage-first heap   total 327680K, used 71905K [0x0000000082000000, 0x0000000800000000)
  region size 16384K, 0 young (0K), 0 survivors (0K)
 Metaspace       used 97237K, committed 97792K, reserved 1179648K
  class space    used 11778K, committed 12032K, reserved 1048576K
}
Event: 13.194 GC heap before
{Heap before GC invocations=19 (full 5):
 garbage-first heap   total 327680K, used 71905K [0x0000000082000000, 0x0000000800000000)
  region size 16384K, 1 young (16384K), 0 survivors (0K)
 Metaspace       used 97255K, committed 97792K, reserved 1179648K
  class space    used 11778K, committed 12032K, reserved 1048576K
}
Event: 13.254 GC heap after
{Heap after GC invocations=20 (full 6):
 garbage-first heap   total 327680K, used 72447K [0x0000000082000000, 0x0000000800000000)
  region size 16384K, 0 young (0K), 0 survivors (0K)
 Metaspace       used 97255K, committed 97792K, reserved 1179648K
  class space    used 11778K, committed 12032K, reserved 1048576K
}
Event: 13.354 GC heap before
{Heap before GC invocations=20 (full 6):
 garbage-first heap   total 327680K, used 121599K [0x0000000082000000, 0x0000000800000000)
  region size 16384K, 4 young (65536K), 0 survivors (0K)
 Metaspace       used 97764K, committed 98368K, reserved 1179648K
  class space    used 11828K, committed 12096K, reserved 1048576K
}
Event: 13.418 GC heap after
{Heap after GC invocations=21 (full 7):
 garbage-first heap   total 327680K, used 72615K [0x0000000082000000, 0x0000000800000000)
  region size 16384K, 0 young (0K), 0 survivors (0K)
 Metaspace       used 97764K, committed 98368K, reserved 1179648K
  class space    used 11828K, committed 12096K, reserved 1048576K
}
Event: 13.468 GC heap before
{Heap before GC invocations=21 (full 7):
 garbage-first heap   total 327680K, used 203687K [0x0000000082000000, 0x0000000800000000)
  region size 16384K, 8 young (131072K), 0 survivors (0K)
 Metaspace       used 97764K, committed 98368K, reserved 1179648K
  class space    used 11828K, committed 12096K, reserved 1048576K
}
Event: 13.470 GC heap after
{Heap after GC invocations=22 (full 7):
 garbage-first heap   total 1196032K, used 74089K [0x0000000082000000, 0x0000000800000000)
  region size 16384K, 1 young (16384K), 1 survivors (16384K)
 Metaspace       used 97764K, committed 98368K, reserved 1179648K
  class space    used 11828K, committed 12096K, reserved 1048576K
}
Event: 13.519 GC heap before
{Heap before GC invocations=22 (full 7):
 garbage-first heap   total 1196032K, used 156009K [0x0000000082000000, 0x0000000800000000)
  region size 16384K, 7 young (114688K), 1 survivors (16384K)
 Metaspace       used 97764K, committed 98368K, reserved 1179648K
  class space    used 11828K, committed 12096K, reserved 1048576K
}
Event: 13.552 GC heap after
{Heap after GC invocations=23 (full 8):
 garbage-first heap   total 557056K, used 72796K [0x0000000082000000, 0x0000000800000000)
  region size 16384K, 0 young (0K), 0 survivors (0K)
 Metaspace       used 97764K, committed 98368K, reserved 1179648K
  class space    used 11828K, committed 12096K, reserved 1048576K
}
Event: 13.652 GC heap before
{Heap before GC invocations=23 (full 8):
 garbage-first heap   total 557056K, used 203868K [0x0000000082000000, 0x0000000800000000)
  region size 16384K, 9 young (147456K), 0 survivors (0K)
 Metaspace       used 97764K, committed 98368K, reserved 1179648K
  class space    used 11828K, committed 12096K, reserved 1048576K
}
Event: 13.705 GC heap after
{Heap after GC invocations=24 (full 9):
 garbage-first heap   total 393216K, used 72839K [0x0000000082000000, 0x0000000800000000)
  region size 16384K, 0 young (0K), 0 survivors (0K)
 Metaspace       used 97764K, committed 98368K, reserved 1179648K
  class space    used 11828K, committed 12096K, reserved 1048576K
}
Event: 13.792 GC heap before
{Heap before GC invocations=24 (full 9):
 garbage-first heap   total 393216K, used 269447K [0x0000000082000000, 0x0000000800000000)
  region size 16384K, 12 young (196608K), 0 survivors (0K)
 Metaspace       used 97787K, committed 98368K, reserved 1179648K
  class space    used 11830K, committed 12096K, reserved 1048576K
}
Event: 13.793 GC heap after
{Heap after GC invocations=25 (full 9):
 garbage-first heap   total 393216K, used 73670K [0x0000000082000000, 0x0000000800000000)
  region size 16384K, 1 young (16384K), 1 survivors (16384K)
 Metaspace       used 97787K, committed 98368K, reserved 1179648K
  class space    used 11830K, committed 12096K, reserved 1048576K
}
Event: 13.806 GC heap before
{Heap before GC invocations=25 (full 9):
 garbage-first heap   total 393216K, used 106438K [0x0000000082000000, 0x0000000800000000)
  region size 16384K, 4 young (65536K), 1 survivors (16384K)
 Metaspace       used 97787K, committed 98368K, reserved 1179648K
  class space    used 11830K, committed 12096K, reserved 1048576K
}
Event: 13.849 GC heap after
{Heap after GC invocations=26 (full 10):
 garbage-first heap   total 393216K, used 73247K [0x0000000082000000, 0x0000000800000000)
  region size 16384K, 0 young (0K), 0 survivors (0K)
 Metaspace       used 97787K, committed 98368K, reserved 1179648K
  class space    used 11830K, committed 12096K, reserved 1048576K
}
Event: 13.949 GC heap before
{Heap before GC invocations=26 (full 10):
 garbage-first heap   total 393216K, used 187935K [0x0000000082000000, 0x0000000800000000)
  region size 16384K, 8 young (131072K), 0 survivors (0K)
 Metaspace       used 98076K, committed 98624K, reserved 1179648K
  class space    used 11858K, committed 12096K, reserved 1048576K
}
Event: 13.999 GC heap after
{Heap after GC invocations=27 (full 11):
 garbage-first heap   total 393216K, used 75768K [0x0000000082000000, 0x0000000800000000)
  region size 16384K, 0 young (0K), 0 survivors (0K)
 Metaspace       used 98076K, committed 98624K, reserved 1179648K
  class space    used 11858K, committed 12096K, reserved 1048576K
}
Event: 14.099 GC heap before
{Heap before GC invocations=27 (full 11):
 garbage-first heap   total 393216K, used 92152K [0x0000000082000000, 0x0000000800000000)
  region size 16384K, 2 young (32768K), 0 survivors (0K)
 Metaspace       used 98129K, committed 98688K, reserved 1179648K
  class space    used 11865K, committed 12096K, reserved 1048576K
}
Event: 14.152 GC heap after
{Heap after GC invocations=28 (full 12):
 garbage-first heap   total 393216K, used 76496K [0x0000000082000000, 0x0000000800000000)
  region size 16384K, 0 young (0K), 0 survivors (0K)
 Metaspace       used 98129K, committed 98688K, reserved 1179648K
  class space    used 11865K, committed 12096K, reserved 1048576K
}

