# JRE version: Java(TM) SE Runtime Environment Oracle GraalVM 24.0.1+9.1 (24.0.1+9) (build 24.0.1+9-jvmci-b01)
# Java VM: Java HotSpot(TM) 64-Bit Server VM Oracle GraalVM 24.0.1+9.1 (24.0.1+9-jvmci-b01, mixed mode, sharing, tiered, jvmci, jvmci compiler, compressed oops, compressed class ptrs, g1 gc, linux-amd64)
GC Precious Log:
 CardTable entry size: 512
 Card Set container configuration: InlinePtr #cards 4 size 8 Array Of Cards #cards 64 size 144 Howl #buckets 8 coarsen threshold 14745 Howl Bitmap #cards 2048 size 272 coarsen threshold 1843 Card regions per heap region 1 cards per card region 16384
 CPUs: 32 total, 32 available
 Memory: 125G
 Large Page Support: Disabled
 NUMA Support: Disabled
 Compressed Oops: Enabled (Zero based)
 Heap Region Size: 8M
 Heap Min Capacity: 8M
 Heap Initial Capacity: 2016M
 Heap Max Capacity: 16G
 Pre-touch: Disabled
 Parallel Workers: 23
 Concurrent Workers: 6
 Concurrent Refinement Workers: 23
 Periodic GC: Disabled
Heap:
 garbage-first heap   total reserved 16777216K, committed 327680K, used 85203K [0x0000000400000000, 0x0000000800000000)
  region size 8192K, 2 young (16384K), 0 survivors (0K)
 Metaspace       used 74486K, committed 75136K, reserved 1179648K
  class space    used 6454K, committed 6720K, reserved 1048576K
GC Heap History (20 events):
Event: 550.286 GC heap before
{Heap before GC invocations=3613 (full 3566):
 garbage-first heap   total reserved 16777216K, committed 327680K, used 76892K [0x0000000400000000, 0x0000000800000000)
  region size 8192K, 1 young (8192K), 0 survivors (0K)
 Metaspace       used 74444K, committed 75072K, reserved 1179648K
  class space    used 6454K, committed 6720K, reserved 1048576K
}
Event: 550.323 GC heap after
{Heap after GC invocations=3614 (full 3567):
 garbage-first heap   total reserved 16777216K, committed 327680K, used 76909K [0x0000000400000000, 0x0000000800000000)
  region size 8192K, 0 young (0K), 0 survivors (0K)
 Metaspace       used 74444K, committed 75072K, reserved 1179648K
  class space    used 6454K, committed 6720K, reserved 1048576K
}
Event: 550.433 GC heap before
{Heap before GC invocations=3614 (full 3567):
 garbage-first heap   total reserved 16777216K, committed 327680K, used 76909K [0x0000000400000000, 0x0000000800000000)
  region size 8192K, 1 young (8192K), 0 survivors (0K)
 Metaspace       used 74444K, committed 75072K, reserved 1179648K
  class space    used 6454K, committed 6720K, reserved 1048576K
}
Event: 550.466 GC heap after
{Heap after GC invocations=3615 (full 3568):
 garbage-first heap   total reserved 16777216K, committed 327680K, used 76911K [0x0000000400000000, 0x0000000800000000)
  region size 8192K, 0 young (0K), 0 survivors (0K)
 Metaspace       used 74444K, committed 75072K, reserved 1179648K
  class space    used 6454K, committed 6720K, reserved 1048576K
}
Event: 550.619 GC heap before
{Heap before GC invocations=3615 (full 3568):
 garbage-first heap   total reserved 16777216K, committed 327680K, used 76911K [0x0000000400000000, 0x0000000800000000)
  region size 8192K, 1 young (8192K), 0 survivors (0K)
 Metaspace       used 74444K, committed 75072K, reserved 1179648K
  class space    used 6454K, committed 6720K, reserved 1048576K
}
Event: 550.653 GC heap after
{Heap after GC invocations=3616 (full 3569):
 garbage-first heap   total reserved 16777216K, committed 327680K, used 77019K [0x0000000400000000, 0x0000000800000000)
  region size 8192K, 0 young (0K), 0 survivors (0K)
 Metaspace       used 74444K, committed 75072K, reserved 1179648K
  class space    used 6454K, committed 6720K, reserved 1048576K
}
Event: 550.754 GC heap before
{Heap before GC invocations=3616 (full 3569):
 garbage-first heap   total reserved 16777216K, committed 327680K, used 77019K [0x0000000400000000, 0x0000000800000000)
  region size 8192K, 1 young (8192K), 0 survivors (0K)
 Metaspace       used 74444K, committed 75072K, reserved 1179648K
  class space    used 6454K, committed 6720K, reserved 1048576K
}
Event: 550.785 GC heap after
{Heap after GC invocations=3617 (full 3570):
 garbage-first heap   total reserved 16777216K, committed 327680K, used 76963K [0x0000000400000000, 0x0000000800000000)
  region size 8192K, 0 young (0K), 0 survivors (0K)
 Metaspace       used 74444K, committed 75072K, reserved 1179648K
  class space    used 6454K, committed 6720K, reserved 1048576K
}
Event: 550.920 GC heap before
{Heap before GC invocations=3617 (full 3570):
 garbage-first heap   total reserved 16777216K, committed 327680K, used 76963K [0x0000000400000000, 0x0000000800000000)
  region size 8192K, 1 young (8192K), 0 survivors (0K)
 Metaspace       used 74444K, committed 75072K, reserved 1179648K
  class space    used 6454K, committed 6720K, reserved 1048576K
}
Event: 550.952 GC heap after
{Heap after GC invocations=3618 (full 3571):
 garbage-first heap   total reserved 16777216K, committed 327680K, used 76963K [0x0000000400000000, 0x0000000800000000)
  region size 8192K, 0 young (0K), 0 survivors (0K)
 Metaspace       used 74444K, committed 75072K, reserved 1179648K
  class space    used 6454K, committed 6720K, reserved 1048576K
}
Event: 551.066 GC heap before
{Heap before GC invocations=3618 (full 3571):
 garbage-first heap   total reserved 16777216K, committed 327680K, used 76963K [0x0000000400000000, 0x0000000800000000)
  region size 8192K, 1 young (8192K), 0 survivors (0K)
 Metaspace       used 74444K, committed 75072K, reserved 1179648K
  class space    used 6454K, committed 6720K, reserved 1048576K
}
Event: 551.096 GC heap after
{Heap after GC invocations=3619 (full 3572):
 garbage-first heap   total reserved 16777216K, committed 327680K, used 76962K [0x0000000400000000, 0x0000000800000000)
  region size 8192K, 0 young (0K), 0 survivors (0K)
 Metaspace       used 74444K, committed 75072K, reserved 1179648K
  class space    used 6454K, committed 6720K, reserved 1048576K
}
Event: 551.224 GC heap before
{Heap before GC invocations=3619 (full 3572):
 garbage-first heap   total reserved 16777216K, committed 327680K, used 76962K [0x0000000400000000, 0x0000000800000000)
  region size 8192K, 1 young (8192K), 0 survivors (0K)
 Metaspace       used 74444K, committed 75072K, reserved 1179648K
  class space    used 6454K, committed 6720K, reserved 1048576K
}
Event: 551.255 GC heap after
{Heap after GC invocations=3620 (full 3573):
 garbage-first heap   total reserved 16777216K, committed 327680K, used 77002K [0x0000000400000000, 0x0000000800000000)
  region size 8192K, 0 young (0K), 0 survivors (0K)
 Metaspace       used 74444K, committed 75072K, reserved 1179648K
  class space    used 6454K, committed 6720K, reserved 1048576K
}
Event: 551.374 GC heap before
{Heap before GC invocations=3620 (full 3573):
 garbage-first heap   total reserved 16777216K, committed 327680K, used 77002K [0x0000000400000000, 0x0000000800000000)
  region size 8192K, 1 young (8192K), 0 survivors (0K)
 Metaspace       used 74444K, committed 75072K, reserved 1179648K
  class space    used 6454K, committed 6720K, reserved 1048576K
}
Event: 551.409 GC heap after
{Heap after GC invocations=3621 (full 3574):
 garbage-first heap   total reserved 16777216K, committed 327680K, used 76998K [0x0000000400000000, 0x0000000800000000)
  region size 8192K, 0 young (0K), 0 survivors (0K)
 Metaspace       used 74444K, committed 75072K, reserved 1179648K
  class space    used 6454K, committed 6720K, reserved 1048576K
}
Event: 551.514 GC heap before
{Heap before GC invocations=3621 (full 3574):
 garbage-first heap   total reserved 16777216K, committed 327680K, used 76998K [0x0000000400000000, 0x0000000800000000)
  region size 8192K, 1 young (8192K), 0 survivors (0K)
 Metaspace       used 74444K, committed 75072K, reserved 1179648K
  class space    used 6454K, committed 6720K, reserved 1048576K
}
Event: 551.545 GC heap after
{Heap after GC invocations=3622 (full 3575):
 garbage-first heap   total reserved 16777216K, committed 327680K, used 76993K [0x0000000400000000, 0x0000000800000000)
  region size 8192K, 0 young (0K), 0 survivors (0K)
 Metaspace       used 74444K, committed 75072K, reserved 1179648K
  class space    used 6454K, committed 6720K, reserved 1048576K
}
Event: 551.646 GC heap before
{Heap before GC invocations=3622 (full 3575):
 garbage-first heap   total reserved 16777216K, committed 327680K, used 76993K [0x0000000400000000, 0x0000000800000000)
  region size 8192K, 1 young (8192K), 0 survivors (0K)
 Metaspace       used 74444K, committed 75072K, reserved 1179648K
  class space    used 6454K, committed 6720K, reserved 1048576K
}
Event: 551.682 GC heap after
{Heap after GC invocations=3623 (full 3576):
 garbage-first heap   total reserved 16777216K, committed 327680K, used 77011K [0x0000000400000000, 0x0000000800000000)
  region size 8192K, 0 young (0K), 0 survivors (0K)
 Metaspace       used 74444K, committed 75072K, reserved 1179648K
  class space    used 6454K, committed 6720K, reserved 1048576K
}

