# JRE version: Java(TM) SE Runtime Environment Oracle GraalVM 24.0.1+9.1 (24.0.1+9) (build 24.0.1+9-jvmci-b01)
# Java VM: Java HotSpot(TM) 64-Bit Server VM Oracle GraalVM 24.0.1+9.1 (24.0.1+9-jvmci-b01, mixed mode, sharing, tiered, jvmci, jvmci compiler, compressed oops, compressed class ptrs, g1 gc, linux-amd64)
GC Precious Log:
 CardTable entry size: 512
 Card Set container configuration: InlinePtr #cards 4 size 8 Array Of Cards #cards 16 size 48 Howl #buckets 8 coarsen threshold 3686 Howl Bitmap #cards 512 size 80 coarsen threshold 460 Card regions per heap region 1 cards per card region 4096
 CPUs: 32 total, 32 available
 Memory: 125G
 Large Page Support: Disabled
 NUMA Support: Disabled
 Compressed Oops: Enabled (Zero based)
 Heap Region Size: 2M
 Heap Min Capacity: 8M
 Heap Initial Capacity: 2012M
 Heap Max Capacity: 4G
 Pre-touch: Disabled
 Parallel Workers: 23
 Concurrent Workers: 6
 Concurrent Refinement Workers: 23
 Periodic GC: Disabled
Heap:
 garbage-first heap   total reserved 4194304K, committed 253952K, used 73556K [0x0000000700000000, 0x0000000800000000)
  region size 2048K, 3 young (6144K), 0 survivors (0K)
 Metaspace       used 75787K, committed 76352K, reserved 1179648K
  class space    used 6389K, committed 6656K, reserved 1048576K
GC Heap History (20 events):
Event: 438.308 GC heap before
{Heap before GC invocations=3379 (full 3308):
 garbage-first heap   total reserved 4194304K, committed 253952K, used 71245K [0x0000000700000000, 0x0000000800000000)
  region size 2048K, 1 young (2048K), 0 survivors (0K)
 Metaspace       used 75768K, committed 76352K, reserved 1179648K
  class space    used 6389K, committed 6656K, reserved 1048576K
}
Event: 438.331 GC heap after
{Heap after GC invocations=3380 (full 3309):
 garbage-first heap   total reserved 4194304K, committed 253952K, used 71236K [0x0000000700000000, 0x0000000800000000)
  region size 2048K, 0 young (0K), 0 survivors (0K)
 Metaspace       used 75768K, committed 76352K, reserved 1179648K
  class space    used 6389K, committed 6656K, reserved 1048576K
}
Event: 438.560 GC heap before
{Heap before GC invocations=3380 (full 3309):
 garbage-first heap   total reserved 4194304K, committed 253952K, used 71236K [0x0000000700000000, 0x0000000800000000)
  region size 2048K, 1 young (2048K), 0 survivors (0K)
 Metaspace       used 75768K, committed 76352K, reserved 1179648K
  class space    used 6389K, committed 6656K, reserved 1048576K
}
Event: 438.579 GC heap after
{Heap after GC invocations=3381 (full 3310):
 garbage-first heap   total reserved 4194304K, committed 253952K, used 71386K [0x0000000700000000, 0x0000000800000000)
  region size 2048K, 0 young (0K), 0 survivors (0K)
 Metaspace       used 75768K, committed 76352K, reserved 1179648K
  class space    used 6389K, committed 6656K, reserved 1048576K
}
Event: 438.698 GC heap before
{Heap before GC invocations=3381 (full 3310):
 garbage-first heap   total reserved 4194304K, committed 253952K, used 71386K [0x0000000700000000, 0x0000000800000000)
  region size 2048K, 1 young (2048K), 0 survivors (0K)
 Metaspace       used 75768K, committed 76352K, reserved 1179648K
  class space    used 6389K, committed 6656K, reserved 1048576K
}
Event: 438.718 GC heap after
{Heap after GC invocations=3382 (full 3311):
 garbage-first heap   total reserved 4194304K, committed 253952K, used 71318K [0x0000000700000000, 0x0000000800000000)
  region size 2048K, 0 young (0K), 0 survivors (0K)
 Metaspace       used 75768K, committed 76352K, reserved 1179648K
  class space    used 6389K, committed 6656K, reserved 1048576K
}
Event: 438.832 GC heap before
{Heap before GC invocations=3382 (full 3311):
 garbage-first heap   total reserved 4194304K, committed 253952K, used 71318K [0x0000000700000000, 0x0000000800000000)
  region size 2048K, 1 young (2048K), 0 survivors (0K)
 Metaspace       used 75768K, committed 76352K, reserved 1179648K
  class space    used 6389K, committed 6656K, reserved 1048576K
}
Event: 438.852 GC heap after
{Heap after GC invocations=3383 (full 3312):
 garbage-first heap   total reserved 4194304K, committed 253952K, used 71367K [0x0000000700000000, 0x0000000800000000)
  region size 2048K, 0 young (0K), 0 survivors (0K)
 Metaspace       used 75768K, committed 76352K, reserved 1179648K
  class space    used 6389K, committed 6656K, reserved 1048576K
}
Event: 438.962 GC heap before
{Heap before GC invocations=3383 (full 3312):
 garbage-first heap   total reserved 4194304K, committed 253952K, used 71367K [0x0000000700000000, 0x0000000800000000)
  region size 2048K, 1 young (2048K), 0 survivors (0K)
 Metaspace       used 75783K, committed 76352K, reserved 1179648K
  class space    used 6389K, committed 6656K, reserved 1048576K
}
Event: 438.983 GC heap after
{Heap after GC invocations=3384 (full 3313):
 garbage-first heap   total reserved 4194304K, committed 253952K, used 71357K [0x0000000700000000, 0x0000000800000000)
  region size 2048K, 0 young (0K), 0 survivors (0K)
 Metaspace       used 75783K, committed 76352K, reserved 1179648K
  class space    used 6389K, committed 6656K, reserved 1048576K
}
Event: 439.163 GC heap before
{Heap before GC invocations=3384 (full 3313):
 garbage-first heap   total reserved 4194304K, committed 253952K, used 71357K [0x0000000700000000, 0x0000000800000000)
  region size 2048K, 1 young (2048K), 0 survivors (0K)
 Metaspace       used 75783K, committed 76352K, reserved 1179648K
  class space    used 6389K, committed 6656K, reserved 1048576K
}
Event: 439.182 GC heap after
{Heap after GC invocations=3385 (full 3314):
 garbage-first heap   total reserved 4194304K, committed 253952K, used 71465K [0x0000000700000000, 0x0000000800000000)
  region size 2048K, 0 young (0K), 0 survivors (0K)
 Metaspace       used 75783K, committed 76352K, reserved 1179648K
  class space    used 6389K, committed 6656K, reserved 1048576K
}
Event: 439.289 GC heap before
{Heap before GC invocations=3385 (full 3314):
 garbage-first heap   total reserved 4194304K, committed 253952K, used 71465K [0x0000000700000000, 0x0000000800000000)
  region size 2048K, 1 young (2048K), 0 survivors (0K)
 Metaspace       used 75783K, committed 76352K, reserved 1179648K
  class space    used 6389K, committed 6656K, reserved 1048576K
}
Event: 439.305 GC heap after
{Heap after GC invocations=3386 (full 3315):
 garbage-first heap   total reserved 4194304K, committed 253952K, used 71457K [0x0000000700000000, 0x0000000800000000)
  region size 2048K, 0 young (0K), 0 survivors (0K)
 Metaspace       used 75783K, committed 76352K, reserved 1179648K
  class space    used 6389K, committed 6656K, reserved 1048576K
}
Event: 439.407 GC heap before
{Heap before GC invocations=3386 (full 3315):
 garbage-first heap   total reserved 4194304K, committed 253952K, used 71457K [0x0000000700000000, 0x0000000800000000)
  region size 2048K, 1 young (2048K), 0 survivors (0K)
 Metaspace       used 75783K, committed 76352K, reserved 1179648K
  class space    used 6389K, committed 6656K, reserved 1048576K
}
Event: 439.428 GC heap after
{Heap after GC invocations=3387 (full 3316):
 garbage-first heap   total reserved 4194304K, committed 253952K, used 71455K [0x0000000700000000, 0x0000000800000000)
  region size 2048K, 0 young (0K), 0 survivors (0K)
 Metaspace       used 75783K, committed 76352K, reserved 1179648K
  class space    used 6389K, committed 6656K, reserved 1048576K
}
Event: 439.537 GC heap before
{Heap before GC invocations=3387 (full 3316):
 garbage-first heap   total reserved 4194304K, committed 253952K, used 71455K [0x0000000700000000, 0x0000000800000000)
  region size 2048K, 1 young (2048K), 0 survivors (0K)
 Metaspace       used 75783K, committed 76352K, reserved 1179648K
  class space    used 6389K, committed 6656K, reserved 1048576K
}
Event: 439.558 GC heap after
{Heap after GC invocations=3388 (full 3317):
 garbage-first heap   total reserved 4194304K, committed 253952K, used 71508K [0x0000000700000000, 0x0000000800000000)
  region size 2048K, 0 young (0K), 0 survivors (0K)
 Metaspace       used 75783K, committed 76352K, reserved 1179648K
  class space    used 6389K, committed 6656K, reserved 1048576K
}
Event: 439.659 GC heap before
{Heap before GC invocations=3388 (full 3317):
 garbage-first heap   total reserved 4194304K, committed 253952K, used 71508K [0x0000000700000000, 0x0000000800000000)
  region size 2048K, 1 young (2048K), 0 survivors (0K)
 Metaspace       used 75783K, committed 76352K, reserved 1179648K
  class space    used 6389K, committed 6656K, reserved 1048576K
}
Event: 439.679 GC heap after
{Heap after GC invocations=3389 (full 3318):
 garbage-first heap   total reserved 4194304K, committed 253952K, used 71508K [0x0000000700000000, 0x0000000800000000)
  region size 2048K, 0 young (0K), 0 survivors (0K)
 Metaspace       used 75783K, committed 76352K, reserved 1179648K
  class space    used 6389K, committed 6656K, reserved 1048576K
}

