# JRE version: OpenJDK Runtime Environment (Red_Hat-17.0.7.0.7-1.fc36) (17.0.7+7) (build 17.0.7+7)
# Java VM: OpenJDK 64-Bit Server VM (Red_Hat-17.0.7.0.7-1.fc36) (17.0.7+7, mixed mode, sharing, tiered, compressed oops, compressed class ptrs, g1 gc, linux-amd64)
GC Precious Log:
 CPUs: 32 total, 32 available
 Memory: 125G
 Large Page Support: Disabled
 NUMA Support: Disabled
 Compressed Oops: Enabled (Zero based)
 Heap Region Size: 16M
 Heap Min Capacity: 16M
 Heap Initial Capacity: 2016M
 Heap Max Capacity: 30688M
 Pre-touch: Disabled
 Parallel Workers: 23
 Concurrent Workers: 6
 Concurrent Refinement Workers: 23
 Periodic GC: Disabled
Heap:
 garbage-first heap   total 557056K, used 123954K [0x0000000082000000, 0x0000000800000000)
  region size 16384K, 1 young (16384K), 0 survivors (0K)
 Metaspace       used 149516K, committed 150592K, reserved 1245184K
  class space    used 18011K, committed 18560K, reserved 1048576K
GC Heap History (20 events):
Event: 2035.821 GC heap before
{Heap before GC invocations=10105 (full 10009):
 garbage-first heap   total 557056K, used 123852K [0x0000000082000000, 0x0000000800000000)
  region size 16384K, 1 young (16384K), 0 survivors (0K)
 Metaspace       used 149516K, committed 150592K, reserved 1245184K
  class space    used 18011K, committed 18560K, reserved 1048576K
}
Event: 2035.943 GC heap after
{Heap after GC invocations=10106 (full 10010):
 garbage-first heap   total 557056K, used 123866K [0x0000000082000000, 0x0000000800000000)
  region size 16384K, 0 young (0K), 0 survivors (0K)
 Metaspace       used 149516K, committed 150592K, reserved 1245184K
  class space    used 18011K, committed 18560K, reserved 1048576K
}
Event: 2036.044 GC heap before
{Heap before GC invocations=10106 (full 10010):
 garbage-first heap   total 557056K, used 123866K [0x0000000082000000, 0x0000000800000000)
  region size 16384K, 1 young (16384K), 0 survivors (0K)
 Metaspace       used 149516K, committed 150592K, reserved 1245184K
  class space    used 18011K, committed 18560K, reserved 1048576K
}
Event: 2036.164 GC heap after
{Heap after GC invocations=10107 (full 10011):
 garbage-first heap   total 557056K, used 123856K [0x0000000082000000, 0x0000000800000000)
  region size 16384K, 0 young (0K), 0 survivors (0K)
 Metaspace       used 149516K, committed 150592K, reserved 1245184K
  class space    used 18011K, committed 18560K, reserved 1048576K
}
Event: 2036.265 GC heap before
{Heap before GC invocations=10107 (full 10011):
 garbage-first heap   total 557056K, used 123856K [0x0000000082000000, 0x0000000800000000)
  region size 16384K, 1 young (16384K), 0 survivors (0K)
 Metaspace       used 149516K, committed 150592K, reserved 1245184K
  class space    used 18011K, committed 18560K, reserved 1048576K
}
Event: 2036.378 GC heap after
{Heap after GC invocations=10108 (full 10012):
 garbage-first heap   total 557056K, used 123858K [0x0000000082000000, 0x0000000800000000)
  region size 16384K, 0 young (0K), 0 survivors (0K)
 Metaspace       used 149516K, committed 150592K, reserved 1245184K
  class space    used 18011K, committed 18560K, reserved 1048576K
}
Event: 2036.479 GC heap before
{Heap before GC invocations=10108 (full 10012):
 garbage-first heap   total 557056K, used 123858K [0x0000000082000000, 0x0000000800000000)
  region size 16384K, 1 young (16384K), 0 survivors (0K)
 Metaspace       used 149516K, committed 150592K, reserved 1245184K
  class space    used 18011K, committed 18560K, reserved 1048576K
}
Event: 2036.595 GC heap after
{Heap after GC invocations=10109 (full 10013):
 garbage-first heap   total 557056K, used 123860K [0x0000000082000000, 0x0000000800000000)
  region size 16384K, 0 young (0K), 0 survivors (0K)
 Metaspace       used 149516K, committed 150592K, reserved 1245184K
  class space    used 18011K, committed 18560K, reserved 1048576K
}
Event: 2036.695 GC heap before
{Heap before GC invocations=10109 (full 10013):
 garbage-first heap   total 557056K, used 123860K [0x0000000082000000, 0x0000000800000000)
  region size 16384K, 1 young (16384K), 0 survivors (0K)
 Metaspace       used 149516K, committed 150592K, reserved 1245184K
  class space    used 18011K, committed 18560K, reserved 1048576K
}
Event: 2036.795 GC heap after
{Heap after GC invocations=10110 (full 10014):
 garbage-first heap   total 557056K, used 123874K [0x0000000082000000, 0x0000000800000000)
  region size 16384K, 0 young (0K), 0 survivors (0K)
 Metaspace       used 149516K, committed 150592K, reserved 1245184K
  class space    used 18011K, committed 18560K, reserved 1048576K
}
Event: 2036.896 GC heap before
{Heap before GC invocations=10110 (full 10014):
 garbage-first heap   total 557056K, used 123874K [0x0000000082000000, 0x0000000800000000)
  region size 16384K, 1 young (16384K), 0 survivors (0K)
 Metaspace       used 149516K, committed 150592K, reserved 1245184K
  class space    used 18011K, committed 18560K, reserved 1048576K
}
Event: 2037.010 GC heap after
{Heap after GC invocations=10111 (full 10015):
 garbage-first heap   total 557056K, used 123866K [0x0000000082000000, 0x0000000800000000)
  region size 16384K, 0 young (0K), 0 survivors (0K)
 Metaspace       used 149516K, committed 150592K, reserved 1245184K
  class space    used 18011K, committed 18560K, reserved 1048576K
}
Event: 2037.111 GC heap before
{Heap before GC invocations=10111 (full 10015):
 garbage-first heap   total 557056K, used 123866K [0x0000000082000000, 0x0000000800000000)
  region size 16384K, 1 young (16384K), 0 survivors (0K)
 Metaspace       used 149516K, committed 150592K, reserved 1245184K
  class space    used 18011K, committed 18560K, reserved 1048576K
}
Event: 2037.219 GC heap after
{Heap after GC invocations=10112 (full 10016):
 garbage-first heap   total 557056K, used 123878K [0x0000000082000000, 0x0000000800000000)
  region size 16384K, 0 young (0K), 0 survivors (0K)
 Metaspace       used 149516K, committed 150592K, reserved 1245184K
  class space    used 18011K, committed 18560K, reserved 1048576K
}
Event: 2037.320 GC heap before
{Heap before GC invocations=10112 (full 10016):
 garbage-first heap   total 557056K, used 123878K [0x0000000082000000, 0x0000000800000000)
  region size 16384K, 1 young (16384K), 0 survivors (0K)
 Metaspace       used 149516K, committed 150592K, reserved 1245184K
  class space    used 18011K, committed 18560K, reserved 1048576K
}
Event: 2037.423 GC heap after
{Heap after GC invocations=10113 (full 10017):
 garbage-first heap   total 557056K, used 123871K [0x0000000082000000, 0x0000000800000000)
  region size 16384K, 0 young (0K), 0 survivors (0K)
 Metaspace       used 149516K, committed 150592K, reserved 1245184K
  class space    used 18011K, committed 18560K, reserved 1048576K
}
Event: 2037.525 GC heap before
{Heap before GC invocations=10113 (full 10017):
 garbage-first heap   total 557056K, used 123871K [0x0000000082000000, 0x0000000800000000)
  region size 16384K, 1 young (16384K), 0 survivors (0K)
 Metaspace       used 149516K, committed 150592K, reserved 1245184K
  class space    used 18011K, committed 18560K, reserved 1048576K
}
Event: 2037.630 GC heap after
{Heap after GC invocations=10114 (full 10018):
 garbage-first heap   total 557056K, used 123948K [0x0000000082000000, 0x0000000800000000)
  region size 16384K, 0 young (0K), 0 survivors (0K)
 Metaspace       used 149516K, committed 150592K, reserved 1245184K
  class space    used 18011K, committed 18560K, reserved 1048576K
}
Event: 2037.731 GC heap before
{Heap before GC invocations=10114 (full 10018):
 garbage-first heap   total 557056K, used 123948K [0x0000000082000000, 0x0000000800000000)
  region size 16384K, 1 young (16384K), 0 survivors (0K)
 Metaspace       used 149516K, committed 150592K, reserved 1245184K
  class space    used 18011K, committed 18560K, reserved 1048576K
}
Event: 2037.840 GC heap after
{Heap after GC invocations=10115 (full 10019):
 garbage-first heap   total 557056K, used 123954K [0x0000000082000000, 0x0000000800000000)
  region size 16384K, 0 young (0K), 0 survivors (0K)
 Metaspace       used 149516K, committed 150592K, reserved 1245184K
  class space    used 18011K, committed 18560K, reserved 1048576K
}

