# JRE version: OpenJDK Runtime Environment (Red_Hat-17.0.7.0.7-1.fc36) (17.0.7+7) (build 17.0.7+7)
# Java VM: OpenJDK 64-Bit Server VM (Red_Hat-17.0.7.0.7-1.fc36) (17.0.7+7, mixed mode, sharing, tiered, compressed oops, compressed class ptrs, g1 gc, linux-amd64)
GC Precious Log:
 CPUs: 32 total, 32 available
 Memory: 125G
 Large Page Support: Disabled
 NUMA Support: Disabled
 Compressed Oops: Enabled (Zero based)
 Heap Region Size: 16M
 Heap Min Capacity: 16M
 Heap Initial Capacity: 2016M
 Heap Max Capacity: 30688M
 Pre-touch: Disabled
 Parallel Workers: 23
 Concurrent Workers: 6
 Concurrent Refinement Workers: 23
 Periodic GC: Disabled
Heap:
 garbage-first heap   total 557056K, used 125106K [0x0000000082000000, 0x0000000800000000)
  region size 16384K, 1 young (16384K), 0 survivors (0K)
 Metaspace       used 147256K, committed 148288K, reserved 1179648K
  class space    used 17913K, committed 18432K, reserved 1048576K
GC Heap History (20 events):
Event: 1564.783 GC heap before
{Heap before GC invocations=7986 (full 7885):
 garbage-first heap   total 557056K, used 118842K [0x0000000082000000, 0x0000000800000000)
  region size 16384K, 1 young (16384K), 0 survivors (0K)
 Metaspace       used 147256K, committed 148288K, reserved 1179648K
  class space    used 17913K, committed 18432K, reserved 1048576K
}
Event: 1564.875 GC heap after
{Heap after GC invocations=7987 (full 7886):
 garbage-first heap   total 557056K, used 118844K [0x0000000082000000, 0x0000000800000000)
  region size 16384K, 0 young (0K), 0 survivors (0K)
 Metaspace       used 147256K, committed 148288K, reserved 1179648K
  class space    used 17913K, committed 18432K, reserved 1048576K
}
Event: 1564.976 GC heap before
{Heap before GC invocations=7987 (full 7886):
 garbage-first heap   total 557056K, used 118844K [0x0000000082000000, 0x0000000800000000)
  region size 16384K, 1 young (16384K), 0 survivors (0K)
 Metaspace       used 147256K, committed 148288K, reserved 1179648K
  class space    used 17913K, committed 18432K, reserved 1048576K
}
Event: 1565.074 GC heap after
{Heap after GC invocations=7988 (full 7887):
 garbage-first heap   total 557056K, used 118874K [0x0000000082000000, 0x0000000800000000)
  region size 16384K, 0 young (0K), 0 survivors (0K)
 Metaspace       used 147256K, committed 148288K, reserved 1179648K
  class space    used 17913K, committed 18432K, reserved 1048576K
}
Event: 1565.175 GC heap before
{Heap before GC invocations=7988 (full 7887):
 garbage-first heap   total 557056K, used 118874K [0x0000000082000000, 0x0000000800000000)
  region size 16384K, 1 young (16384K), 0 survivors (0K)
 Metaspace       used 147256K, committed 148288K, reserved 1179648K
  class space    used 17913K, committed 18432K, reserved 1048576K
}
Event: 1565.282 GC heap after
{Heap after GC invocations=7989 (full 7888):
 garbage-first heap   total 557056K, used 118877K [0x0000000082000000, 0x0000000800000000)
  region size 16384K, 0 young (0K), 0 survivors (0K)
 Metaspace       used 147256K, committed 148288K, reserved 1179648K
  class space    used 17913K, committed 18432K, reserved 1048576K
}
Event: 1565.382 GC heap before
{Heap before GC invocations=7989 (full 7888):
 garbage-first heap   total 557056K, used 118877K [0x0000000082000000, 0x0000000800000000)
  region size 16384K, 1 young (16384K), 0 survivors (0K)
 Metaspace       used 147256K, committed 148288K, reserved 1179648K
  class space    used 17913K, committed 18432K, reserved 1048576K
}
Event: 1565.497 GC heap after
{Heap after GC invocations=7990 (full 7889):
 garbage-first heap   total 557056K, used 118858K [0x0000000082000000, 0x0000000800000000)
  region size 16384K, 0 young (0K), 0 survivors (0K)
 Metaspace       used 147256K, committed 148288K, reserved 1179648K
  class space    used 17913K, committed 18432K, reserved 1048576K
}
Event: 1565.598 GC heap before
{Heap before GC invocations=7990 (full 7889):
 garbage-first heap   total 557056K, used 118858K [0x0000000082000000, 0x0000000800000000)
  region size 16384K, 1 young (16384K), 0 survivors (0K)
 Metaspace       used 147256K, committed 148288K, reserved 1179648K
  class space    used 17913K, committed 18432K, reserved 1048576K
}
Event: 1565.716 GC heap after
{Heap after GC invocations=7991 (full 7890):
 garbage-first heap   total 557056K, used 118864K [0x0000000082000000, 0x0000000800000000)
  region size 16384K, 0 young (0K), 0 survivors (0K)
 Metaspace       used 147256K, committed 148288K, reserved 1179648K
  class space    used 17913K, committed 18432K, reserved 1048576K
}
Event: 1565.817 GC heap before
{Heap before GC invocations=7991 (full 7890):
 garbage-first heap   total 557056K, used 118864K [0x0000000082000000, 0x0000000800000000)
  region size 16384K, 1 young (16384K), 0 survivors (0K)
 Metaspace       used 147256K, committed 148288K, reserved 1179648K
  class space    used 17913K, committed 18432K, reserved 1048576K
}
Event: 1565.908 GC heap after
{Heap after GC invocations=7992 (full 7891):
 garbage-first heap   total 557056K, used 118867K [0x0000000082000000, 0x0000000800000000)
  region size 16384K, 0 young (0K), 0 survivors (0K)
 Metaspace       used 147256K, committed 148288K, reserved 1179648K
  class space    used 17913K, committed 18432K, reserved 1048576K
}
Event: 1566.009 GC heap before
{Heap before GC invocations=7992 (full 7891):
 garbage-first heap   total 557056K, used 118867K [0x0000000082000000, 0x0000000800000000)
  region size 16384K, 1 young (16384K), 0 survivors (0K)
 Metaspace       used 147256K, committed 148288K, reserved 1179648K
  class space    used 17913K, committed 18432K, reserved 1048576K
}
Event: 1566.114 GC heap after
{Heap after GC invocations=7993 (full 7892):
 garbage-first heap   total 557056K, used 118884K [0x0000000082000000, 0x0000000800000000)
  region size 16384K, 0 young (0K), 0 survivors (0K)
 Metaspace       used 147256K, committed 148288K, reserved 1179648K
  class space    used 17913K, committed 18432K, reserved 1048576K
}
Event: 1566.216 GC heap before
{Heap before GC invocations=7993 (full 7892):
 garbage-first heap   total 557056K, used 118884K [0x0000000082000000, 0x0000000800000000)
  region size 16384K, 1 young (16384K), 0 survivors (0K)
 Metaspace       used 147256K, committed 148288K, reserved 1179648K
  class space    used 17913K, committed 18432K, reserved 1048576K
}
Event: 1566.312 GC heap after
{Heap after GC invocations=7994 (full 7893):
 garbage-first heap   total 557056K, used 118880K [0x0000000082000000, 0x0000000800000000)
  region size 16384K, 0 young (0K), 0 survivors (0K)
 Metaspace       used 147256K, committed 148288K, reserved 1179648K
  class space    used 17913K, committed 18432K, reserved 1048576K
}
Event: 1566.413 GC heap before
{Heap before GC invocations=7994 (full 7893):
 garbage-first heap   total 557056K, used 118880K [0x0000000082000000, 0x0000000800000000)
  region size 16384K, 1 young (16384K), 0 survivors (0K)
 Metaspace       used 147256K, committed 148288K, reserved 1179648K
  class space    used 17913K, committed 18432K, reserved 1048576K
}
Event: 1566.549 GC heap after
{Heap after GC invocations=7995 (full 7894):
 garbage-first heap   total 557056K, used 118891K [0x0000000082000000, 0x0000000800000000)
  region size 16384K, 0 young (0K), 0 survivors (0K)
 Metaspace       used 147256K, committed 148288K, reserved 1179648K
  class space    used 17913K, committed 18432K, reserved 1048576K
}
Event: 1566.651 GC heap before
{Heap before GC invocations=7995 (full 7894):
 garbage-first heap   total 557056K, used 118891K [0x0000000082000000, 0x0000000800000000)
  region size 16384K, 1 young (16384K), 0 survivors (0K)
 Metaspace       used 147256K, committed 148288K, reserved 1179648K
  class space    used 17913K, committed 18432K, reserved 1048576K
}
Event: 1566.755 GC heap after
{Heap after GC invocations=7996 (full 7895):
 garbage-first heap   total 557056K, used 118976K [0x0000000082000000, 0x0000000800000000)
  region size 16384K, 0 young (0K), 0 survivors (0K)
 Metaspace       used 147256K, committed 148288K, reserved 1179648K
  class space    used 17913K, committed 18432K, reserved 1048576K
}

