# JRE version: OpenJDK Runtime Environment (Red_Hat-17.0.7.0.7-1.fc36) (17.0.7+7) (build 17.0.7+7)
# Java VM: OpenJDK 64-Bit Server VM (Red_Hat-17.0.7.0.7-1.fc36) (17.0.7+7, mixed mode, sharing, tiered, compressed oops, compressed class ptrs, g1 gc, linux-amd64)
Heap:
 garbage-first heap   total 491520K, used 118806K [0x0000000082000000, 0x0000000800000000)
  region size 16384K, 1 young (16384K), 0 survivors (0K)
 Metaspace       used 142937K, committed 144000K, reserved 1179648K
  class space    used 17773K, committed 18240K, reserved 1048576K
GC Heap History (20 events):
Event: 95.606 GC heap before
{Heap before GC invocations=499 (full 472):
 garbage-first heap   total 491520K, used 113723K [0x0000000082000000, 0x0000000800000000)
  region size 16384K, 1 young (16384K), 0 survivors (0K)
 Metaspace       used 142890K, committed 143936K, reserved 1179648K
  class space    used 17768K, committed 18240K, reserved 1048576K
}
Event: 95.696 GC heap after
{Heap after GC invocations=500 (full 473):
 garbage-first heap   total 491520K, used 113688K [0x0000000082000000, 0x0000000800000000)
  region size 16384K, 0 young (0K), 0 survivors (0K)
 Metaspace       used 142890K, committed 143936K, reserved 1179648K
  class space    used 17768K, committed 18240K, reserved 1048576K
}
Event: 95.798 GC heap before
{Heap before GC invocations=500 (full 473):
 garbage-first heap   total 491520K, used 113688K [0x0000000082000000, 0x0000000800000000)
  region size 16384K, 1 young (16384K), 0 survivors (0K)
 Metaspace       used 142890K, committed 143936K, reserved 1179648K
  class space    used 17768K, committed 18240K, reserved 1048576K
}
Event: 95.885 GC heap after
{Heap after GC invocations=501 (full 474):
 garbage-first heap   total 491520K, used 113687K [0x0000000082000000, 0x0000000800000000)
  region size 16384K, 0 young (0K), 0 survivors (0K)
 Metaspace       used 142890K, committed 143936K, reserved 1179648K
  class space    used 17768K, committed 18240K, reserved 1048576K
}
Event: 95.986 GC heap before
{Heap before GC invocations=501 (full 474):
 garbage-first heap   total 491520K, used 113687K [0x0000000082000000, 0x0000000800000000)
  region size 16384K, 1 young (16384K), 0 survivors (0K)
 Metaspace       used 142891K, committed 143936K, reserved 1179648K
  class space    used 17768K, committed 18240K, reserved 1048576K
}
Event: 96.075 GC heap after
{Heap after GC invocations=502 (full 475):
 garbage-first heap   total 491520K, used 113688K [0x0000000082000000, 0x0000000800000000)
  region size 16384K, 0 young (0K), 0 survivors (0K)
 Metaspace       used 142891K, committed 143936K, reserved 1179648K
  class space    used 17768K, committed 18240K, reserved 1048576K
}
Event: 96.176 GC heap before
{Heap before GC invocations=502 (full 475):
 garbage-first heap   total 491520K, used 113688K [0x0000000082000000, 0x0000000800000000)
  region size 16384K, 1 young (16384K), 0 survivors (0K)
 Metaspace       used 142901K, committed 143936K, reserved 1179648K
  class space    used 17768K, committed 18240K, reserved 1048576K
}
Event: 96.271 GC heap after
{Heap after GC invocations=503 (full 476):
 garbage-first heap   total 491520K, used 113725K [0x0000000082000000, 0x0000000800000000)
  region size 16384K, 0 young (0K), 0 survivors (0K)
 Metaspace       used 142901K, committed 143936K, reserved 1179648K
  class space    used 17768K, committed 18240K, reserved 1048576K
}
Event: 96.373 GC heap before
{Heap before GC invocations=503 (full 476):
 garbage-first heap   total 491520K, used 113725K [0x0000000082000000, 0x0000000800000000)
  region size 16384K, 1 young (16384K), 0 survivors (0K)
 Metaspace       used 142901K, committed 143936K, reserved 1179648K
  class space    used 17768K, committed 18240K, reserved 1048576K
}
Event: 96.452 GC heap after
{Heap after GC invocations=504 (full 477):
 garbage-first heap   total 491520K, used 113724K [0x0000000082000000, 0x0000000800000000)
  region size 16384K, 0 young (0K), 0 survivors (0K)
 Metaspace       used 142901K, committed 143936K, reserved 1179648K
  class space    used 17768K, committed 18240K, reserved 1048576K
}
Event: 96.552 GC heap before
{Heap before GC invocations=504 (full 477):
 garbage-first heap   total 491520K, used 113724K [0x0000000082000000, 0x0000000800000000)
  region size 16384K, 1 young (16384K), 0 survivors (0K)
 Metaspace       used 142901K, committed 143936K, reserved 1179648K
  class space    used 17768K, committed 18240K, reserved 1048576K
}
Event: 96.645 GC heap after
{Heap after GC invocations=505 (full 478):
 garbage-first heap   total 491520K, used 113714K [0x0000000082000000, 0x0000000800000000)
  region size 16384K, 0 young (0K), 0 survivors (0K)
 Metaspace       used 142901K, committed 143936K, reserved 1179648K
  class space    used 17768K, committed 18240K, reserved 1048576K
}
Event: 96.745 GC heap before
{Heap before GC invocations=505 (full 478):
 garbage-first heap   total 491520K, used 113714K [0x0000000082000000, 0x0000000800000000)
  region size 16384K, 1 young (16384K), 0 survivors (0K)
 Metaspace       used 142901K, committed 143936K, reserved 1179648K
  class space    used 17768K, committed 18240K, reserved 1048576K
}
Event: 96.849 GC heap after
{Heap after GC invocations=506 (full 479):
 garbage-first heap   total 491520K, used 113730K [0x0000000082000000, 0x0000000800000000)
  region size 16384K, 0 young (0K), 0 survivors (0K)
 Metaspace       used 142901K, committed 143936K, reserved 1179648K
  class space    used 17768K, committed 18240K, reserved 1048576K
}
Event: 96.950 GC heap before
{Heap before GC invocations=506 (full 479):
 garbage-first heap   total 491520K, used 113730K [0x0000000082000000, 0x0000000800000000)
  region size 16384K, 1 young (16384K), 0 survivors (0K)
 Metaspace       used 142937K, committed 144000K, reserved 1179648K
  class space    used 17773K, committed 18240K, reserved 1048576K
}
Event: 97.035 GC heap after
{Heap after GC invocations=507 (full 480):
 garbage-first heap   total 491520K, used 113746K [0x0000000082000000, 0x0000000800000000)
  region size 16384K, 0 young (0K), 0 survivors (0K)
 Metaspace       used 142937K, committed 144000K, reserved 1179648K
  class space    used 17773K, committed 18240K, reserved 1048576K
}
Event: 97.137 GC heap before
{Heap before GC invocations=507 (full 480):
 garbage-first heap   total 491520K, used 113746K [0x0000000082000000, 0x0000000800000000)
  region size 16384K, 1 young (16384K), 0 survivors (0K)
 Metaspace       used 142937K, committed 144000K, reserved 1179648K
  class space    used 17773K, committed 18240K, reserved 1048576K
}
Event: 97.210 GC heap after
{Heap after GC invocations=508 (full 481):
 garbage-first heap   total 491520K, used 113786K [0x0000000082000000, 0x0000000800000000)
  region size 16384K, 0 young (0K), 0 survivors (0K)
 Metaspace       used 142937K, committed 144000K, reserved 1179648K
  class space    used 17773K, committed 18240K, reserved 1048576K
}
Event: 97.311 GC heap before
{Heap before GC invocations=508 (full 481):
 garbage-first heap   total 491520K, used 113786K [0x0000000082000000, 0x0000000800000000)
  region size 16384K, 1 young (16384K), 0 survivors (0K)
 Metaspace       used 142937K, committed 144000K, reserved 1179648K
  class space    used 17773K, committed 18240K, reserved 1048576K
}
Event: 97.387 GC heap after
{Heap after GC invocations=509 (full 482):
 garbage-first heap   total 491520K, used 113839K [0x0000000082000000, 0x0000000800000000)
  region size 16384K, 0 young (0K), 0 survivors (0K)
 Metaspace       used 142937K, committed 144000K, reserved 1179648K
  class space    used 17773K, committed 18240K, reserved 1048576K
}

