# JRE version: OpenJDK Runtime Environment (Red_Hat-17.0.7.0.7-1.fc36) (17.0.7+7) (build 17.0.7+7)
# Java VM: OpenJDK 64-Bit Server VM (Red_Hat-17.0.7.0.7-1.fc36) (17.0.7+7, mixed mode, sharing, tiered, compressed oops, compressed class ptrs, g1 gc, linux-amd64)
GC Precious Log:
 CPUs: 32 total, 32 available
 Memory: 125G
 Large Page Support: Disabled
 NUMA Support: Disabled
 Compressed Oops: Enabled (Zero based)
 Heap Region Size: 16M
 Heap Min Capacity: 16M
 Heap Initial Capacity: 2016M
 Heap Max Capacity: 30688M
 Pre-touch: Disabled
 Parallel Workers: 23
 Concurrent Workers: 6
 Concurrent Refinement Workers: 23
 Periodic GC: Disabled
Heap:
 garbage-first heap   total 442368K, used 95626K [0x0000000082000000, 0x0000000800000000)
  region size 16384K, 1 young (16384K), 0 survivors (0K)
 Metaspace       used 139944K, committed 141056K, reserved 1179648K
  class space    used 17335K, committed 17856K, reserved 1048576K
GC Heap History (20 events):
Event: 972.620 GC heap before
{Heap before GC invocations=5132 (full 5097):
 garbage-first heap   total 442368K, used 95560K [0x0000000082000000, 0x0000000800000000)
  region size 16384K, 1 young (16384K), 0 survivors (0K)
 Metaspace       used 139916K, committed 140992K, reserved 1179648K
  class space    used 17335K, committed 17856K, reserved 1048576K
}
Event: 972.694 GC heap after
{Heap after GC invocations=5133 (full 5098):
 garbage-first heap   total 442368K, used 95576K [0x0000000082000000, 0x0000000800000000)
  region size 16384K, 0 young (0K), 0 survivors (0K)
 Metaspace       used 139916K, committed 140992K, reserved 1179648K
  class space    used 17335K, committed 17856K, reserved 1048576K
}
Event: 972.812 GC heap before
{Heap before GC invocations=5133 (full 5098):
 garbage-first heap   total 442368K, used 95576K [0x0000000082000000, 0x0000000800000000)
  region size 16384K, 1 young (16384K), 0 survivors (0K)
 Metaspace       used 139916K, committed 140992K, reserved 1179648K
  class space    used 17335K, committed 17856K, reserved 1048576K
}
Event: 972.902 GC heap after
{Heap after GC invocations=5134 (full 5099):
 garbage-first heap   total 442368K, used 95572K [0x0000000082000000, 0x0000000800000000)
  region size 16384K, 0 young (0K), 0 survivors (0K)
 Metaspace       used 139916K, committed 140992K, reserved 1179648K
  class space    used 17335K, committed 17856K, reserved 1048576K
}
Event: 973.003 GC heap before
{Heap before GC invocations=5134 (full 5099):
 garbage-first heap   total 442368K, used 95572K [0x0000000082000000, 0x0000000800000000)
  region size 16384K, 1 young (16384K), 0 survivors (0K)
 Metaspace       used 139916K, committed 140992K, reserved 1179648K
  class space    used 17335K, committed 17856K, reserved 1048576K
}
Event: 973.085 GC heap after
{Heap after GC invocations=5135 (full 5100):
 garbage-first heap   total 442368K, used 95578K [0x0000000082000000, 0x0000000800000000)
  region size 16384K, 0 young (0K), 0 survivors (0K)
 Metaspace       used 139916K, committed 140992K, reserved 1179648K
  class space    used 17335K, committed 17856K, reserved 1048576K
}
Event: 973.186 GC heap before
{Heap before GC invocations=5135 (full 5100):
 garbage-first heap   total 442368K, used 95578K [0x0000000082000000, 0x0000000800000000)
  region size 16384K, 1 young (16384K), 0 survivors (0K)
 Metaspace       used 139942K, committed 141056K, reserved 1179648K
  class space    used 17335K, committed 17856K, reserved 1048576K
}
Event: 973.276 GC heap after
{Heap after GC invocations=5136 (full 5101):
 garbage-first heap   total 442368K, used 95637K [0x0000000082000000, 0x0000000800000000)
  region size 16384K, 0 young (0K), 0 survivors (0K)
 Metaspace       used 139942K, committed 141056K, reserved 1179648K
  class space    used 17335K, committed 17856K, reserved 1048576K
}
Event: 973.377 GC heap before
{Heap before GC invocations=5136 (full 5101):
 garbage-first heap   total 442368K, used 95637K [0x0000000082000000, 0x0000000800000000)
  region size 16384K, 1 young (16384K), 0 survivors (0K)
 Metaspace       used 139942K, committed 141056K, reserved 1179648K
  class space    used 17335K, committed 17856K, reserved 1048576K
}
Event: 973.466 GC heap after
{Heap after GC invocations=5137 (full 5102):
 garbage-first heap   total 442368K, used 95660K [0x0000000082000000, 0x0000000800000000)
  region size 16384K, 0 young (0K), 0 survivors (0K)
 Metaspace       used 139942K, committed 141056K, reserved 1179648K
  class space    used 17335K, committed 17856K, reserved 1048576K
}
Event: 973.567 GC heap before
{Heap before GC invocations=5137 (full 5102):
 garbage-first heap   total 442368K, used 95660K [0x0000000082000000, 0x0000000800000000)
  region size 16384K, 1 young (16384K), 0 survivors (0K)
 Metaspace       used 139942K, committed 141056K, reserved 1179648K
  class space    used 17335K, committed 17856K, reserved 1048576K
}
Event: 973.643 GC heap after
{Heap after GC invocations=5138 (full 5103):
 garbage-first heap   total 442368K, used 95622K [0x0000000082000000, 0x0000000800000000)
  region size 16384K, 0 young (0K), 0 survivors (0K)
 Metaspace       used 139942K, committed 141056K, reserved 1179648K
  class space    used 17335K, committed 17856K, reserved 1048576K
}
Event: 973.772 GC heap before
{Heap before GC invocations=5138 (full 5103):
 garbage-first heap   total 442368K, used 95622K [0x0000000082000000, 0x0000000800000000)
  region size 16384K, 1 young (16384K), 0 survivors (0K)
 Metaspace       used 139942K, committed 141056K, reserved 1179648K
  class space    used 17335K, committed 17856K, reserved 1048576K
}
Event: 973.853 GC heap after
{Heap after GC invocations=5139 (full 5104):
 garbage-first heap   total 442368K, used 95628K [0x0000000082000000, 0x0000000800000000)
  region size 16384K, 0 young (0K), 0 survivors (0K)
 Metaspace       used 139942K, committed 141056K, reserved 1179648K
  class space    used 17335K, committed 17856K, reserved 1048576K
}
Event: 973.953 GC heap before
{Heap before GC invocations=5139 (full 5104):
 garbage-first heap   total 442368K, used 95628K [0x0000000082000000, 0x0000000800000000)
  region size 16384K, 1 young (16384K), 0 survivors (0K)
 Metaspace       used 139942K, committed 141056K, reserved 1179648K
  class space    used 17335K, committed 17856K, reserved 1048576K
}
Event: 974.033 GC heap after
{Heap after GC invocations=5140 (full 5105):
 garbage-first heap   total 442368K, used 95624K [0x0000000082000000, 0x0000000800000000)
  region size 16384K, 0 young (0K), 0 survivors (0K)
 Metaspace       used 139942K, committed 141056K, reserved 1179648K
  class space    used 17335K, committed 17856K, reserved 1048576K
}
Event: 974.135 GC heap before
{Heap before GC invocations=5140 (full 5105):
 garbage-first heap   total 442368K, used 95624K [0x0000000082000000, 0x0000000800000000)
  region size 16384K, 1 young (16384K), 0 survivors (0K)
 Metaspace       used 139943K, committed 141056K, reserved 1179648K
  class space    used 17335K, committed 17856K, reserved 1048576K
}
Event: 974.213 GC heap after
{Heap after GC invocations=5141 (full 5106):
 garbage-first heap   total 442368K, used 95629K [0x0000000082000000, 0x0000000800000000)
  region size 16384K, 0 young (0K), 0 survivors (0K)
 Metaspace       used 139943K, committed 141056K, reserved 1179648K
  class space    used 17335K, committed 17856K, reserved 1048576K
}
Event: 974.313 GC heap before
{Heap before GC invocations=5141 (full 5106):
 garbage-first heap   total 442368K, used 95629K [0x0000000082000000, 0x0000000800000000)
  region size 16384K, 1 young (16384K), 0 survivors (0K)
 Metaspace       used 139944K, committed 141056K, reserved 1179648K
  class space    used 17335K, committed 17856K, reserved 1048576K
}
Event: 974.393 GC heap after
{Heap after GC invocations=5142 (full 5107):
 garbage-first heap   total 442368K, used 95626K [0x0000000082000000, 0x0000000800000000)
  region size 16384K, 0 young (0K), 0 survivors (0K)
 Metaspace       used 139944K, committed 141056K, reserved 1179648K
  class space    used 17335K, committed 17856K, reserved 1048576K
}

