# JRE version: Java(TM) SE Runtime Environment Oracle GraalVM 24.0.1+9.1 (24.0.1+9) (build 24.0.1+9-jvmci-b01)
# Java VM: Java HotSpot(TM) 64-Bit Server VM Oracle GraalVM 24.0.1+9.1 (24.0.1+9-jvmci-b01, mixed mode, sharing, tiered, jvmci, jvmci compiler, compressed oops, compressed class ptrs, g1 gc, linux-amd64)
GC Precious Log:
 CardTable entry size: 512
 Card Set container configuration: InlinePtr #cards 4 size 8 Array Of Cards #cards 64 size 144 Howl #buckets 8 coarsen threshold 14745 Howl Bitmap #cards 2048 size 272 coarsen threshold 1843 Card regions per heap region 1 cards per card region 16384
 CPUs: 32 total, 32 available
 Memory: 125G
 Large Page Support: Disabled
 NUMA Support: Disabled
 Compressed Oops: Enabled (Zero based)
 Heap Region Size: 8M
 Heap Min Capacity: 8M
 Heap Initial Capacity: 2016M
 Heap Max Capacity: 16G
 Pre-touch: Disabled
 Parallel Workers: 23
 Concurrent Workers: 6
 Concurrent Refinement Workers: 23
 Periodic GC: Disabled
Heap:
 garbage-first heap   total reserved 16777216K, committed 524288K, used 143573K [0x0000000400000000, 0x0000000800000000)
  region size 8192K, 1 young (8192K), 0 survivors (0K)
 Metaspace       used 75994K, committed 76800K, reserved 1179648K
  class space    used 6520K, committed 6848K, reserved 1048576K
GC Heap History (20 events):
Event: 36349.599 GC heap before
{Heap before GC invocations=246043 (full 245977):
 garbage-first heap   total reserved 16777216K, committed 524288K, used 143573K [0x0000000400000000, 0x0000000800000000)
  region size 8192K, 1 young (8192K), 0 survivors (0K)
 Metaspace       used 75994K, committed 76800K, reserved 1179648K
  class space    used 6520K, committed 6848K, reserved 1048576K
}
Event: 36349.660 GC heap after
{Heap after GC invocations=246044 (full 245978):
 garbage-first heap   total reserved 16777216K, committed 524288K, used 143573K [0x0000000400000000, 0x0000000800000000)
  region size 8192K, 0 young (0K), 0 survivors (0K)
 Metaspace       used 75994K, committed 76800K, reserved 1179648K
  class space    used 6520K, committed 6848K, reserved 1048576K
}
Event: 36349.761 GC heap before
{Heap before GC invocations=246044 (full 245978):
 garbage-first heap   total reserved 16777216K, committed 524288K, used 143573K [0x0000000400000000, 0x0000000800000000)
  region size 8192K, 1 young (8192K), 0 survivors (0K)
 Metaspace       used 75994K, committed 76800K, reserved 1179648K
  class space    used 6520K, committed 6848K, reserved 1048576K
}
Event: 36349.817 GC heap after
{Heap after GC invocations=246045 (full 245979):
 garbage-first heap   total reserved 16777216K, committed 524288K, used 143573K [0x0000000400000000, 0x0000000800000000)
  region size 8192K, 0 young (0K), 0 survivors (0K)
 Metaspace       used 75994K, committed 76800K, reserved 1179648K
  class space    used 6520K, committed 6848K, reserved 1048576K
}
Event: 36349.917 GC heap before
{Heap before GC invocations=246045 (full 245979):
 garbage-first heap   total reserved 16777216K, committed 524288K, used 143573K [0x0000000400000000, 0x0000000800000000)
  region size 8192K, 1 young (8192K), 0 survivors (0K)
 Metaspace       used 75994K, committed 76800K, reserved 1179648K
  class space    used 6520K, committed 6848K, reserved 1048576K
}
Event: 36349.976 GC heap after
{Heap after GC invocations=246046 (full 245980):
 garbage-first heap   total reserved 16777216K, committed 524288K, used 143573K [0x0000000400000000, 0x0000000800000000)
  region size 8192K, 0 young (0K), 0 survivors (0K)
 Metaspace       used 75994K, committed 76800K, reserved 1179648K
  class space    used 6520K, committed 6848K, reserved 1048576K
}
Event: 36350.076 GC heap before
{Heap before GC invocations=246046 (full 245980):
 garbage-first heap   total reserved 16777216K, committed 524288K, used 143573K [0x0000000400000000, 0x0000000800000000)
  region size 8192K, 1 young (8192K), 0 survivors (0K)
 Metaspace       used 75994K, committed 76800K, reserved 1179648K
  class space    used 6520K, committed 6848K, reserved 1048576K
}
Event: 36350.131 GC heap after
{Heap after GC invocations=246047 (full 245981):
 garbage-first heap   total reserved 16777216K, committed 524288K, used 143573K [0x0000000400000000, 0x0000000800000000)
  region size 8192K, 0 young (0K), 0 survivors (0K)
 Metaspace       used 75994K, committed 76800K, reserved 1179648K
  class space    used 6520K, committed 6848K, reserved 1048576K
}
Event: 36350.231 GC heap before
{Heap before GC invocations=246047 (full 245981):
 garbage-first heap   total reserved 16777216K, committed 524288K, used 143573K [0x0000000400000000, 0x0000000800000000)
  region size 8192K, 1 young (8192K), 0 survivors (0K)
 Metaspace       used 75994K, committed 76800K, reserved 1179648K
  class space    used 6520K, committed 6848K, reserved 1048576K
}
Event: 36350.286 GC heap after
{Heap after GC invocations=246048 (full 245982):
 garbage-first heap   total reserved 16777216K, committed 524288K, used 143573K [0x0000000400000000, 0x0000000800000000)
  region size 8192K, 0 young (0K), 0 survivors (0K)
 Metaspace       used 75994K, committed 76800K, reserved 1179648K
  class space    used 6520K, committed 6848K, reserved 1048576K
}
Event: 36350.386 GC heap before
{Heap before GC invocations=246048 (full 245982):
 garbage-first heap   total reserved 16777216K, committed 524288K, used 143573K [0x0000000400000000, 0x0000000800000000)
  region size 8192K, 1 young (8192K), 0 survivors (0K)
 Metaspace       used 75994K, committed 76800K, reserved 1179648K
  class space    used 6520K, committed 6848K, reserved 1048576K
}
Event: 36350.445 GC heap after
{Heap after GC invocations=246049 (full 245983):
 garbage-first heap   total reserved 16777216K, committed 524288K, used 143573K [0x0000000400000000, 0x0000000800000000)
  region size 8192K, 0 young (0K), 0 survivors (0K)
 Metaspace       used 75994K, committed 76800K, reserved 1179648K
  class space    used 6520K, committed 6848K, reserved 1048576K
}
Event: 36350.545 GC heap before
{Heap before GC invocations=246049 (full 245983):
 garbage-first heap   total reserved 16777216K, committed 524288K, used 143573K [0x0000000400000000, 0x0000000800000000)
  region size 8192K, 1 young (8192K), 0 survivors (0K)
 Metaspace       used 75994K, committed 76800K, reserved 1179648K
  class space    used 6520K, committed 6848K, reserved 1048576K
}
Event: 36350.599 GC heap after
{Heap after GC invocations=246050 (full 245984):
 garbage-first heap   total reserved 16777216K, committed 524288K, used 143573K [0x0000000400000000, 0x0000000800000000)
  region size 8192K, 0 young (0K), 0 survivors (0K)
 Metaspace       used 75994K, committed 76800K, reserved 1179648K
  class space    used 6520K, committed 6848K, reserved 1048576K
}
Event: 36350.700 GC heap before
{Heap before GC invocations=246050 (full 245984):
 garbage-first heap   total reserved 16777216K, committed 524288K, used 143573K [0x0000000400000000, 0x0000000800000000)
  region size 8192K, 1 young (8192K), 0 survivors (0K)
 Metaspace       used 75994K, committed 76800K, reserved 1179648K
  class space    used 6520K, committed 6848K, reserved 1048576K
}
Event: 36350.759 GC heap after
{Heap after GC invocations=246051 (full 245985):
 garbage-first heap   total reserved 16777216K, committed 524288K, used 143573K [0x0000000400000000, 0x0000000800000000)
  region size 8192K, 0 young (0K), 0 survivors (0K)
 Metaspace       used 75994K, committed 76800K, reserved 1179648K
  class space    used 6520K, committed 6848K, reserved 1048576K
}
Event: 36350.859 GC heap before
{Heap before GC invocations=246051 (full 245985):
 garbage-first heap   total reserved 16777216K, committed 524288K, used 143573K [0x0000000400000000, 0x0000000800000000)
  region size 8192K, 1 young (8192K), 0 survivors (0K)
 Metaspace       used 75994K, committed 76800K, reserved 1179648K
  class space    used 6520K, committed 6848K, reserved 1048576K
}
Event: 36350.921 GC heap after
{Heap after GC invocations=246052 (full 245986):
 garbage-first heap   total reserved 16777216K, committed 524288K, used 143573K [0x0000000400000000, 0x0000000800000000)
  region size 8192K, 0 young (0K), 0 survivors (0K)
 Metaspace       used 75994K, committed 76800K, reserved 1179648K
  class space    used 6520K, committed 6848K, reserved 1048576K
}
Event: 36351.021 GC heap before
{Heap before GC invocations=246052 (full 245986):
 garbage-first heap   total reserved 16777216K, committed 524288K, used 143573K [0x0000000400000000, 0x0000000800000000)
  region size 8192K, 1 young (8192K), 0 survivors (0K)
 Metaspace       used 75994K, committed 76800K, reserved 1179648K
  class space    used 6520K, committed 6848K, reserved 1048576K
}
Event: 36351.088 GC heap after
{Heap after GC invocations=246053 (full 245987):
 garbage-first heap   total reserved 16777216K, committed 524288K, used 143573K [0x0000000400000000, 0x0000000800000000)
  region size 8192K, 0 young (0K), 0 survivors (0K)
 Metaspace       used 75994K, committed 76800K, reserved 1179648K
  class space    used 6520K, committed 6848K, reserved 1048576K
}

