# JRE version: OpenJDK Runtime Environment (Red_Hat-17.0.7.0.7-1.fc36) (17.0.7+7) (build 17.0.7+7)
# Java VM: OpenJDK 64-Bit Server VM (Red_Hat-17.0.7.0.7-1.fc36) (17.0.7+7, mixed mode, sharing, tiered, compressed oops, compressed class ptrs, g1 gc, linux-amd64)
Heap:
 garbage-first heap   total 655360K, used 181240K [0x0000000082000000, 0x0000000800000000)
  region size 16384K, 3 young (49152K), 0 survivors (0K)
 Metaspace       used 129883K, committed 130624K, reserved 1179648K
  class space    used 16332K, committed 16704K, reserved 1048576K
GC Heap History (20 events):
Event: 23.295 GC heap before
{Heap before GC invocations=73 (full 51):
 garbage-first heap   total 442368K, used 204887K [0x0000000082000000, 0x0000000800000000)
  region size 16384K, 8 young (131072K), 1 survivors (16384K)
 Metaspace       used 127433K, committed 128128K, reserved 1179648K
  class space    used 16035K, committed 16384K, reserved 1048576K
}
Event: 23.358 GC heap after
{Heap after GC invocations=74 (full 52):
 garbage-first heap   total 442368K, used 105804K [0x0000000082000000, 0x0000000800000000)
  region size 16384K, 0 young (0K), 0 survivors (0K)
 Metaspace       used 127433K, committed 128128K, reserved 1179648K
  class space    used 16035K, committed 16384K, reserved 1048576K
}
Event: 23.458 GC heap before
{Heap before GC invocations=74 (full 52):
 garbage-first heap   total 442368K, used 187724K [0x0000000082000000, 0x0000000800000000)
  region size 16384K, 6 young (98304K), 0 survivors (0K)
 Metaspace       used 127434K, committed 128128K, reserved 1179648K
  class space    used 16035K, committed 16384K, reserved 1048576K
}
Event: 23.529 GC heap after
{Heap after GC invocations=75 (full 53):
 garbage-first heap   total 442368K, used 109412K [0x0000000082000000, 0x0000000800000000)
  region size 16384K, 0 young (0K), 0 survivors (0K)
 Metaspace       used 127434K, committed 128128K, reserved 1179648K
  class space    used 16035K, committed 16384K, reserved 1048576K
}
Event: 24.629 GC heap before
{Heap before GC invocations=75 (full 53):
 garbage-first heap   total 442368K, used 240484K [0x0000000082000000, 0x0000000800000000)
  region size 16384K, 9 young (147456K), 0 survivors (0K)
 Metaspace       used 127434K, committed 128128K, reserved 1179648K
  class space    used 16035K, committed 16384K, reserved 1048576K
}
Event: 24.694 GC heap after
{Heap after GC invocations=76 (full 54):
 garbage-first heap   total 442368K, used 116600K [0x0000000082000000, 0x0000000800000000)
  region size 16384K, 0 young (0K), 0 survivors (0K)
 Metaspace       used 127434K, committed 128128K, reserved 1179648K
  class space    used 16035K, committed 16384K, reserved 1048576K
}
Event: 24.795 GC heap before
{Heap before GC invocations=76 (full 54):
 garbage-first heap   total 442368K, used 116600K [0x0000000082000000, 0x0000000800000000)
  region size 16384K, 1 young (16384K), 0 survivors (0K)
 Metaspace       used 127436K, committed 128128K, reserved 1179648K
  class space    used 16035K, committed 16384K, reserved 1048576K
}
Event: 24.856 GC heap after
{Heap after GC invocations=77 (full 55):
 garbage-first heap   total 442368K, used 117070K [0x0000000082000000, 0x0000000800000000)
  region size 16384K, 0 young (0K), 0 survivors (0K)
 Metaspace       used 127436K, committed 128128K, reserved 1179648K
  class space    used 16035K, committed 16384K, reserved 1048576K
}
Event: 26.341 GC heap before
{Heap before GC invocations=77 (full 55):
 garbage-first heap   total 442368K, used 313678K [0x0000000082000000, 0x0000000800000000)
  region size 16384K, 12 young (196608K), 0 survivors (0K)
 Metaspace       used 127509K, committed 128256K, reserved 1179648K
  class space    used 16039K, committed 16384K, reserved 1048576K
}
Event: 26.345 GC heap after
{Heap after GC invocations=78 (full 55):
 garbage-first heap   total 1261568K, used 129020K [0x0000000082000000, 0x0000000800000000)
  region size 16384K, 1 young (16384K), 1 survivors (16384K)
 Metaspace       used 127509K, committed 128256K, reserved 1179648K
  class space    used 16039K, committed 16384K, reserved 1048576K
}
Event: 27.958 GC heap before
{Heap before GC invocations=78 (full 55):
 garbage-first heap   total 1261568K, used 391164K [0x0000000082000000, 0x0000000800000000)
  region size 16384K, 18 young (294912K), 1 survivors (16384K)
 Metaspace       used 129890K, committed 130624K, reserved 1179648K
  class space    used 16335K, committed 16704K, reserved 1048576K
}
Event: 28.008 GC heap after
{Heap after GC invocations=79 (full 56):
 garbage-first heap   total 720896K, used 125516K [0x0000000082000000, 0x0000000800000000)
  region size 16384K, 0 young (0K), 0 survivors (0K)
 Metaspace       used 129880K, committed 130624K, reserved 1179648K
  class space    used 16332K, committed 16704K, reserved 1048576K
}
Event: 30.882 GC heap before
{Heap before GC invocations=79 (full 56):
 garbage-first heap   total 720896K, used 502348K [0x0000000082000000, 0x0000000800000000)
  region size 16384K, 23 young (376832K), 0 survivors (0K)
 Metaspace       used 129882K, committed 130624K, reserved 1179648K
  class space    used 16332K, committed 16704K, reserved 1048576K
}
Event: 30.886 GC heap after
{Heap after GC invocations=80 (full 56):
 garbage-first heap   total 720896K, used 147067K [0x0000000082000000, 0x0000000800000000)
  region size 16384K, 2 young (32768K), 2 survivors (32768K)
 Metaspace       used 129882K, committed 130624K, reserved 1179648K
  class space    used 16332K, committed 16704K, reserved 1048576K
}
Event: 30.990 GC heap before
{Heap before GC invocations=80 (full 56):
 garbage-first heap   total 720896K, used 474747K [0x0000000082000000, 0x0000000800000000)
  region size 16384K, 22 young (360448K), 2 survivors (32768K)
 Metaspace       used 129882K, committed 130624K, reserved 1179648K
  class space    used 16332K, committed 16704K, reserved 1048576K
}
Event: 30.993 GC heap after
{Heap after GC invocations=81 (full 56):
 garbage-first heap   total 720896K, used 147321K [0x0000000082000000, 0x0000000800000000)
  region size 16384K, 2 young (32768K), 2 survivors (32768K)
 Metaspace       used 129882K, committed 130624K, reserved 1179648K
  class space    used 16332K, committed 16704K, reserved 1048576K
}
Event: 31.103 GC heap before
{Heap before GC invocations=81 (full 56):
 garbage-first heap   total 720896K, used 491385K [0x0000000082000000, 0x0000000800000000)
  region size 16384K, 23 young (376832K), 2 survivors (32768K)
 Metaspace       used 129882K, committed 130624K, reserved 1179648K
  class space    used 16332K, committed 16704K, reserved 1048576K
}
Event: 31.107 GC heap after
{Heap after GC invocations=82 (full 56):
 garbage-first heap   total 720896K, used 148455K [0x0000000082000000, 0x0000000800000000)
  region size 16384K, 2 young (32768K), 2 survivors (32768K)
 Metaspace       used 129882K, committed 130624K, reserved 1179648K
  class space    used 16332K, committed 16704K, reserved 1048576K
}
Event: 31.110 GC heap before
{Heap before GC invocations=82 (full 56):
 garbage-first heap   total 720896K, used 148455K [0x0000000082000000, 0x0000000800000000)
  region size 16384K, 3 young (49152K), 2 survivors (32768K)
 Metaspace       used 129882K, committed 130624K, reserved 1179648K
  class space    used 16332K, committed 16704K, reserved 1048576K
}
Event: 31.155 GC heap after
{Heap after GC invocations=83 (full 57):
 garbage-first heap   total 655360K, used 134464K [0x0000000082000000, 0x0000000800000000)
  region size 16384K, 0 young (0K), 0 survivors (0K)
 Metaspace       used 129882K, committed 130624K, reserved 1179648K
  class space    used 16332K, committed 16704K, reserved 1048576K
}

