# JRE version: OpenJDK Runtime Environment (Red_Hat-17.0.7.0.7-1.fc36) (17.0.7+7) (build 17.0.7+7)
# Java VM: OpenJDK 64-Bit Server VM (Red_Hat-17.0.7.0.7-1.fc36) (17.0.7+7, mixed mode, sharing, tiered, compressed oops, compressed class ptrs, g1 gc, linux-amd64)
Heap:
 garbage-first heap   total 491520K, used 81352K [0x0000000082000000, 0x0000000800000000)
  region size 16384K, 2 young (32768K), 0 survivors (0K)
 Metaspace       used 98979K, committed 99520K, reserved 1179648K
  class space    used 11987K, committed 12224K, reserved 1048576K
GC Heap History (20 events):
Event: 15.254 GC heap before
{Heap before GC invocations=17 (full 3):
 garbage-first heap   total 327680K, used 57883K [0x0000000082000000, 0x0000000800000000)
  region size 16384K, 1 young (16384K), 0 survivors (0K)
 Metaspace       used 98167K, committed 98752K, reserved 1179648K
  class space    used 11900K, committed 12160K, reserved 1048576K
}
Event: 15.301 GC heap after
{Heap after GC invocations=18 (full 4):
 garbage-first heap   total 327680K, used 57935K [0x0000000082000000, 0x0000000800000000)
  region size 16384K, 0 young (0K), 0 survivors (0K)
 Metaspace       used 98167K, committed 98752K, reserved 1179648K
  class space    used 11900K, committed 12160K, reserved 1048576K
}
Event: 15.402 GC heap before
{Heap before GC invocations=18 (full 4):
 garbage-first heap   total 327680K, used 57935K [0x0000000082000000, 0x0000000800000000)
  region size 16384K, 1 young (16384K), 0 survivors (0K)
 Metaspace       used 98175K, committed 98752K, reserved 1179648K
  class space    used 11900K, committed 12160K, reserved 1048576K
}
Event: 15.447 GC heap after
{Heap after GC invocations=19 (full 5):
 garbage-first heap   total 327680K, used 57983K [0x0000000082000000, 0x0000000800000000)
  region size 16384K, 0 young (0K), 0 survivors (0K)
 Metaspace       used 98175K, committed 98752K, reserved 1179648K
  class space    used 11900K, committed 12160K, reserved 1048576K
}
Event: 15.547 GC heap before
{Heap before GC invocations=19 (full 5):
 garbage-first heap   total 327680K, used 74367K [0x0000000082000000, 0x0000000800000000)
  region size 16384K, 2 young (32768K), 0 survivors (0K)
 Metaspace       used 98599K, committed 99200K, reserved 1179648K
  class space    used 11948K, committed 12224K, reserved 1048576K
}
Event: 15.607 GC heap after
{Heap after GC invocations=20 (full 6):
 garbage-first heap   total 327680K, used 58049K [0x0000000082000000, 0x0000000800000000)
  region size 16384K, 0 young (0K), 0 survivors (0K)
 Metaspace       used 98599K, committed 99200K, reserved 1179648K
  class space    used 11948K, committed 12224K, reserved 1048576K
}
Event: 15.685 GC heap before
{Heap before GC invocations=20 (full 6):
 garbage-first heap   total 327680K, used 189121K [0x0000000082000000, 0x0000000800000000)
  region size 16384K, 8 young (131072K), 0 survivors (0K)
 Metaspace       used 98600K, committed 99200K, reserved 1179648K
  class space    used 11948K, committed 12224K, reserved 1048576K
}
Event: 15.686 GC heap after
{Heap after GC invocations=21 (full 6):
 garbage-first heap   total 327680K, used 58704K [0x0000000082000000, 0x0000000800000000)
  region size 16384K, 1 young (16384K), 1 survivors (16384K)
 Metaspace       used 98600K, committed 99200K, reserved 1179648K
  class space    used 11948K, committed 12224K, reserved 1048576K
}
Event: 15.708 GC heap before
{Heap before GC invocations=21 (full 6):
 garbage-first heap   total 327680K, used 124240K [0x0000000082000000, 0x0000000800000000)
  region size 16384K, 6 young (98304K), 1 survivors (16384K)
 Metaspace       used 98600K, committed 99200K, reserved 1179648K
  class space    used 11948K, committed 12224K, reserved 1048576K
}
Event: 15.755 GC heap after
{Heap after GC invocations=22 (full 7):
 garbage-first heap   total 327680K, used 58229K [0x0000000082000000, 0x0000000800000000)
  region size 16384K, 0 young (0K), 0 survivors (0K)
 Metaspace       used 98600K, committed 99200K, reserved 1179648K
  class space    used 11948K, committed 12224K, reserved 1048576K
}
Event: 15.800 GC heap before
{Heap before GC invocations=22 (full 7):
 garbage-first heap   total 327680K, used 205685K [0x0000000082000000, 0x0000000800000000)
  region size 16384K, 9 young (147456K), 0 survivors (0K)
 Metaspace       used 98601K, committed 99200K, reserved 1179648K
  class space    used 11948K, committed 12224K, reserved 1048576K
}
Event: 15.801 GC heap after
{Heap after GC invocations=23 (full 7):
 garbage-first heap   total 327680K, used 58449K [0x0000000082000000, 0x0000000800000000)
  region size 16384K, 1 young (16384K), 1 survivors (16384K)
 Metaspace       used 98601K, committed 99200K, reserved 1179648K
  class space    used 11948K, committed 12224K, reserved 1048576K
}
Event: 15.842 GC heap before
{Heap before GC invocations=23 (full 7):
 garbage-first heap   total 327680K, used 189521K [0x0000000082000000, 0x0000000800000000)
  region size 16384K, 9 young (147456K), 1 survivors (16384K)
 Metaspace       used 98623K, committed 99264K, reserved 1179648K
  class space    used 11951K, committed 12224K, reserved 1048576K
}
Event: 15.843 GC heap after
{Heap after GC invocations=24 (full 7):
 garbage-first heap   total 327680K, used 58784K [0x0000000082000000, 0x0000000800000000)
  region size 16384K, 1 young (16384K), 1 survivors (16384K)
 Metaspace       used 98623K, committed 99264K, reserved 1179648K
  class space    used 11951K, committed 12224K, reserved 1048576K
}
Event: 15.855 GC heap before
{Heap before GC invocations=24 (full 7):
 garbage-first heap   total 327680K, used 91552K [0x0000000082000000, 0x0000000800000000)
  region size 16384K, 4 young (65536K), 1 survivors (16384K)
 Metaspace       used 98623K, committed 99264K, reserved 1179648K
  class space    used 11951K, committed 12224K, reserved 1048576K
}
Event: 15.902 GC heap after
{Heap after GC invocations=25 (full 8):
 garbage-first heap   total 327680K, used 58628K [0x0000000082000000, 0x0000000800000000)
  region size 16384K, 0 young (0K), 0 survivors (0K)
 Metaspace       used 98623K, committed 99264K, reserved 1179648K
  class space    used 11951K, committed 12224K, reserved 1048576K
}
Event: 15.951 GC heap before
{Heap before GC invocations=25 (full 8):
 garbage-first heap   total 327680K, used 222468K [0x0000000082000000, 0x0000000800000000)
  region size 16384K, 10 young (163840K), 0 survivors (0K)
 Metaspace       used 98624K, committed 99264K, reserved 1179648K
  class space    used 11951K, committed 12224K, reserved 1048576K
}
Event: 15.953 GC heap after
{Heap after GC invocations=26 (full 8):
 garbage-first heap   total 1196032K, used 58761K [0x0000000082000000, 0x0000000800000000)
  region size 16384K, 1 young (16384K), 1 survivors (16384K)
 Metaspace       used 98624K, committed 99264K, reserved 1179648K
  class space    used 11951K, committed 12224K, reserved 1048576K
}
Event: 16.002 GC heap before
{Heap before GC invocations=26 (full 8):
 garbage-first heap   total 1196032K, used 91529K [0x0000000082000000, 0x0000000800000000)
  region size 16384K, 4 young (65536K), 1 survivors (16384K)
 Metaspace       used 98910K, committed 99456K, reserved 1179648K
  class space    used 11979K, committed 12224K, reserved 1048576K
}
Event: 16.034 GC heap after
{Heap after GC invocations=27 (full 9):
 garbage-first heap   total 491520K, used 59832K [0x0000000082000000, 0x0000000800000000)
  region size 16384K, 0 young (0K), 0 survivors (0K)
 Metaspace       used 98910K, committed 99456K, reserved 1179648K
  class space    used 11979K, committed 12224K, reserved 1048576K
}

