# JRE version: OpenJDK Runtime Environment (Red_Hat-17.0.7.0.7-1.fc36) (17.0.7+7) (build 17.0.7+7)
# Java VM: OpenJDK 64-Bit Server VM (Red_Hat-17.0.7.0.7-1.fc36) (17.0.7+7, mixed mode, sharing, tiered, compressed oops, compressed class ptrs, g1 gc, linux-amd64)
GC Precious Log:
 CPUs: 32 total, 32 available
 Memory: 125G
 Large Page Support: Disabled
 NUMA Support: Disabled
 Compressed Oops: Enabled (Zero based)
 Heap Region Size: 16M
 Heap Min Capacity: 16M
 Heap Initial Capacity: 2016M
 Heap Max Capacity: 30688M
 Pre-touch: Disabled
 Parallel Workers: 23
 Concurrent Workers: 6
 Concurrent Refinement Workers: 23
 Periodic GC: Disabled
Heap:
 garbage-first heap   total 327680K, used 69025K [0x0000000082000000, 0x0000000800000000)
  region size 16384K, 1 young (16384K), 0 survivors (0K)
 Metaspace       used 138059K, committed 138880K, reserved 1179648K
  class space    used 17082K, committed 17472K, reserved 1048576K
GC Heap History (20 events):
Event: 359.175 GC heap before
{Heap before GC invocations=1866 (full 1852):
 garbage-first heap   total 327680K, used 81626K [0x0000000082000000, 0x0000000800000000)
  region size 16384K, 0 young (0K), 0 survivors (0K)
 Metaspace       used 137754K, committed 138496K, reserved 1179648K
  class space    used 17048K, committed 17408K, reserved 1048576K
}
Event: 359.260 GC heap after
{Heap after GC invocations=1867 (full 1853):
 garbage-first heap   total 327680K, used 81626K [0x0000000082000000, 0x0000000800000000)
  region size 16384K, 0 young (0K), 0 survivors (0K)
 Metaspace       used 137754K, committed 138496K, reserved 1179648K
  class space    used 17048K, committed 17408K, reserved 1048576K
}
Event: 359.267 GC heap before
{Heap before GC invocations=1867 (full 1853):
 garbage-first heap   total 327680K, used 81626K [0x0000000082000000, 0x0000000800000000)
  region size 16384K, 1 young (16384K), 0 survivors (0K)
 Metaspace       used 137948K, committed 138688K, reserved 1179648K
  class space    used 17064K, committed 17408K, reserved 1048576K
}
Event: 359.350 GC heap after
{Heap after GC invocations=1868 (full 1854):
 garbage-first heap   total 327680K, used 69008K [0x0000000082000000, 0x0000000800000000)
  region size 16384K, 0 young (0K), 0 survivors (0K)
 Metaspace       used 137948K, committed 138688K, reserved 1179648K
  class space    used 17064K, committed 17408K, reserved 1048576K
}
Event: 359.350 GC heap before
{Heap before GC invocations=1868 (full 1854):
 garbage-first heap   total 327680K, used 69008K [0x0000000082000000, 0x0000000800000000)
  region size 16384K, 1 young (16384K), 0 survivors (0K)
 Metaspace       used 137948K, committed 138688K, reserved 1179648K
  class space    used 17064K, committed 17408K, reserved 1048576K
}
Event: 359.429 GC heap after
{Heap after GC invocations=1869 (full 1855):
 garbage-first heap   total 327680K, used 69007K [0x0000000082000000, 0x0000000800000000)
  region size 16384K, 0 young (0K), 0 survivors (0K)
 Metaspace       used 137948K, committed 138688K, reserved 1179648K
  class space    used 17064K, committed 17408K, reserved 1048576K
}
Event: 359.429 GC heap before
{Heap before GC invocations=1869 (full 1855):
 garbage-first heap   total 327680K, used 69007K [0x0000000082000000, 0x0000000800000000)
  region size 16384K, 0 young (0K), 0 survivors (0K)
 Metaspace       used 137948K, committed 138688K, reserved 1179648K
  class space    used 17064K, committed 17408K, reserved 1048576K
}
Event: 359.510 GC heap after
{Heap after GC invocations=1870 (full 1856):
 garbage-first heap   total 327680K, used 69007K [0x0000000082000000, 0x0000000800000000)
  region size 16384K, 0 young (0K), 0 survivors (0K)
 Metaspace       used 137948K, committed 138688K, reserved 1179648K
  class space    used 17064K, committed 17408K, reserved 1048576K
}
Event: 359.512 GC heap before
{Heap before GC invocations=1870 (full 1856):
 garbage-first heap   total 327680K, used 69007K [0x0000000082000000, 0x0000000800000000)
  region size 16384K, 1 young (16384K), 0 survivors (0K)
 Metaspace       used 137948K, committed 138688K, reserved 1179648K
  class space    used 17064K, committed 17408K, reserved 1048576K
}
Event: 359.578 GC heap after
{Heap after GC invocations=1871 (full 1857):
 garbage-first heap   total 327680K, used 69008K [0x0000000082000000, 0x0000000800000000)
  region size 16384K, 0 young (0K), 0 survivors (0K)
 Metaspace       used 137948K, committed 138688K, reserved 1179648K
  class space    used 17064K, committed 17408K, reserved 1048576K
}
Event: 359.578 GC heap before
{Heap before GC invocations=1871 (full 1857):
 garbage-first heap   total 327680K, used 69008K [0x0000000082000000, 0x0000000800000000)
  region size 16384K, 1 young (16384K), 0 survivors (0K)
 Metaspace       used 137949K, committed 138688K, reserved 1179648K
  class space    used 17064K, committed 17408K, reserved 1048576K
}
Event: 359.651 GC heap after
{Heap after GC invocations=1872 (full 1858):
 garbage-first heap   total 327680K, used 69018K [0x0000000082000000, 0x0000000800000000)
  region size 16384K, 0 young (0K), 0 survivors (0K)
 Metaspace       used 137949K, committed 138688K, reserved 1179648K
  class space    used 17064K, committed 17408K, reserved 1048576K
}
Event: 359.651 GC heap before
{Heap before GC invocations=1872 (full 1858):
 garbage-first heap   total 327680K, used 69018K [0x0000000082000000, 0x0000000800000000)
  region size 16384K, 1 young (16384K), 0 survivors (0K)
 Metaspace       used 137949K, committed 138688K, reserved 1179648K
  class space    used 17064K, committed 17408K, reserved 1048576K
}
Event: 359.713 GC heap after
{Heap after GC invocations=1873 (full 1859):
 garbage-first heap   total 327680K, used 69018K [0x0000000082000000, 0x0000000800000000)
  region size 16384K, 0 young (0K), 0 survivors (0K)
 Metaspace       used 137949K, committed 138688K, reserved 1179648K
  class space    used 17064K, committed 17408K, reserved 1048576K
}
Event: 359.713 GC heap before
{Heap before GC invocations=1873 (full 1859):
 garbage-first heap   total 327680K, used 69018K [0x0000000082000000, 0x0000000800000000)
  region size 16384K, 1 young (16384K), 0 survivors (0K)
 Metaspace       used 137949K, committed 138688K, reserved 1179648K
  class space    used 17064K, committed 17408K, reserved 1048576K
}
Event: 359.842 GC heap after
{Heap after GC invocations=1874 (full 1860):
 garbage-first heap   total 327680K, used 69018K [0x0000000082000000, 0x0000000800000000)
  region size 16384K, 0 young (0K), 0 survivors (0K)
 Metaspace       used 137949K, committed 138688K, reserved 1179648K
  class space    used 17064K, committed 17408K, reserved 1048576K
}
Event: 359.846 GC heap before
{Heap before GC invocations=1874 (full 1860):
 garbage-first heap   total 327680K, used 69018K [0x0000000082000000, 0x0000000800000000)
  region size 16384K, 1 young (16384K), 0 survivors (0K)
 Metaspace       used 137949K, committed 138688K, reserved 1179648K
  class space    used 17064K, committed 17408K, reserved 1048576K
}
Event: 359.947 GC heap after
{Heap after GC invocations=1875 (full 1861):
 garbage-first heap   total 327680K, used 69016K [0x0000000082000000, 0x0000000800000000)
  region size 16384K, 0 young (0K), 0 survivors (0K)
 Metaspace       used 137949K, committed 138688K, reserved 1179648K
  class space    used 17064K, committed 17408K, reserved 1048576K
}
Event: 359.950 GC heap before
{Heap before GC invocations=1875 (full 1861):
 garbage-first heap   total 327680K, used 69016K [0x0000000082000000, 0x0000000800000000)
  region size 16384K, 1 young (16384K), 0 survivors (0K)
 Metaspace       used 137972K, committed 138752K, reserved 1179648K
  class space    used 17069K, committed 17472K, reserved 1048576K
}
Event: 360.114 GC heap after
{Heap after GC invocations=1876 (full 1862):
 garbage-first heap   total 327680K, used 69025K [0x0000000082000000, 0x0000000800000000)
  region size 16384K, 0 young (0K), 0 survivors (0K)
 Metaspace       used 137972K, committed 138752K, reserved 1179648K
  class space    used 17069K, committed 17472K, reserved 1048576K
}

