# JRE version: Java(TM) SE Runtime Environment Oracle GraalVM 24.0.1+9.1 (24.0.1+9) (build 24.0.1+9-jvmci-b01)
# Java VM: Java HotSpot(TM) 64-Bit Server VM Oracle GraalVM 24.0.1+9.1 (24.0.1+9-jvmci-b01, mixed mode, sharing, tiered, jvmci, jvmci compiler, compressed oops, compressed class ptrs, g1 gc, linux-amd64)
Heap:
 garbage-first heap   total reserved 30932992K, committed 114688K, used 28001K [0x00000000a0000000, 0x0000000800000000)
  region size 16384K, 1 young (16384K), 0 survivors (0K)
 Metaspace       used 39275K, committed 39552K, reserved 1114112K
  class space    used 3071K, committed 3200K, reserved 1048576K
GC Heap History (20 events):
Event: 2.728 GC heap before
{Heap before GC invocations=0 (full 0):
 garbage-first heap   total reserved 30932992K, committed 2080768K, used 99491K [0x00000000a0000000, 0x0000000800000000)
  region size 16384K, 6 young (98304K), 0 survivors (0K)
 Metaspace       used 18294K, committed 18560K, reserved 1114112K
  class space    used 1364K, committed 1472K, reserved 1048576K
}
Event: 2.734 GC heap after
{Heap after GC invocations=1 (full 0):
 garbage-first heap   total reserved 30932992K, committed 2080768K, used 23877K [0x00000000a0000000, 0x0000000800000000)
  region size 16384K, 1 young (16384K), 1 survivors (16384K)
 Metaspace       used 18294K, committed 18560K, reserved 1114112K
  class space    used 1364K, committed 1472K, reserved 1048576K
}
Event: 2.749 GC heap before
{Heap before GC invocations=1 (full 0):
 garbage-first heap   total reserved 30932992K, committed 2080768K, used 23877K [0x00000000a0000000, 0x0000000800000000)
  region size 16384K, 2 young (32768K), 1 survivors (16384K)
 Metaspace       used 21270K, committed 21504K, reserved 1114112K
  class space    used 1364K, committed 1472K, reserved 1048576K
}
Event: 2.751 GC heap after
{Heap after GC invocations=2 (full 0):
 garbage-first heap   total reserved 30932992K, committed 2080768K, used 24207K [0x00000000a0000000, 0x0000000800000000)
  region size 16384K, 2 young (32768K), 2 survivors (32768K)
 Metaspace       used 21270K, committed 21504K, reserved 1114112K
  class space    used 1364K, committed 1472K, reserved 1048576K
}
Event: 5.094 GC heap before
{Heap before GC invocations=3 (full 0):
 garbage-first heap   total reserved 30932992K, committed 229376K, used 106127K [0x00000000a0000000, 0x0000000800000000)
  region size 16384K, 8 young (131072K), 2 survivors (32768K)
 Metaspace       used 37876K, committed 38080K, reserved 1114112K
  class space    used 2991K, committed 3072K, reserved 1048576K
}
Event: 5.151 GC heap after
{Heap after GC invocations=4 (full 1):
 garbage-first heap   total reserved 30932992K, committed 114688K, used 24746K [0x00000000a0000000, 0x0000000800000000)
  region size 16384K, 0 young (0K), 0 survivors (0K)
 Metaspace       used 37876K, committed 38080K, reserved 1114112K
  class space    used 2991K, committed 3072K, reserved 1048576K
}
Event: 5.255 GC heap before
{Heap before GC invocations=4 (full 1):
 garbage-first heap   total reserved 30932992K, committed 114688K, used 24746K [0x00000000a0000000, 0x0000000800000000)
  region size 16384K, 1 young (16384K), 0 survivors (0K)
 Metaspace       used 37876K, committed 38080K, reserved 1114112K
  class space    used 2991K, committed 3072K, reserved 1048576K
}
Event: 5.289 GC heap after
{Heap after GC invocations=5 (full 2):
 garbage-first heap   total reserved 30932992K, committed 114688K, used 24789K [0x00000000a0000000, 0x0000000800000000)
  region size 16384K, 0 young (0K), 0 survivors (0K)
 Metaspace       used 37876K, committed 38080K, reserved 1114112K
  class space    used 2991K, committed 3072K, reserved 1048576K
}
Event: 5.390 GC heap before
{Heap before GC invocations=5 (full 2):
 garbage-first heap   total reserved 30932992K, committed 114688K, used 24789K [0x00000000a0000000, 0x0000000800000000)
  region size 16384K, 1 young (16384K), 0 survivors (0K)
 Metaspace       used 37878K, committed 38080K, reserved 1114112K
  class space    used 2991K, committed 3072K, reserved 1048576K
}
Event: 5.423 GC heap after
{Heap after GC invocations=6 (full 3):
 garbage-first heap   total reserved 30932992K, committed 114688K, used 24832K [0x00000000a0000000, 0x0000000800000000)
  region size 16384K, 0 young (0K), 0 survivors (0K)
 Metaspace       used 37878K, committed 38080K, reserved 1114112K
  class space    used 2991K, committed 3072K, reserved 1048576K
}
Event: 5.524 GC heap before
{Heap before GC invocations=6 (full 3):
 garbage-first heap   total reserved 30932992K, committed 114688K, used 24832K [0x00000000a0000000, 0x0000000800000000)
  region size 16384K, 1 young (16384K), 0 survivors (0K)
 Metaspace       used 37878K, committed 38080K, reserved 1114112K
  class space    used 2991K, committed 3072K, reserved 1048576K
}
Event: 5.558 GC heap after
{Heap after GC invocations=7 (full 4):
 garbage-first heap   total reserved 30932992K, committed 114688K, used 24886K [0x00000000a0000000, 0x0000000800000000)
  region size 16384K, 0 young (0K), 0 survivors (0K)
 Metaspace       used 37878K, committed 38080K, reserved 1114112K
  class space    used 2991K, committed 3072K, reserved 1048576K
}
Event: 5.658 GC heap before
{Heap before GC invocations=7 (full 4):
 garbage-first heap   total reserved 30932992K, committed 114688K, used 24886K [0x00000000a0000000, 0x0000000800000000)
  region size 16384K, 1 young (16384K), 0 survivors (0K)
 Metaspace       used 38479K, committed 38720K, reserved 1114112K
  class space    used 3031K, committed 3136K, reserved 1048576K
}
Event: 5.694 GC heap after
{Heap after GC invocations=8 (full 5):
 garbage-first heap   total reserved 30932992K, committed 114688K, used 25012K [0x00000000a0000000, 0x0000000800000000)
  region size 16384K, 0 young (0K), 0 survivors (0K)
 Metaspace       used 38479K, committed 38720K, reserved 1114112K
  class space    used 3031K, committed 3136K, reserved 1048576K
}
Event: 5.794 GC heap before
{Heap before GC invocations=8 (full 5):
 garbage-first heap   total reserved 30932992K, committed 114688K, used 41396K [0x00000000a0000000, 0x0000000800000000)
  region size 16384K, 2 young (32768K), 0 survivors (0K)
 Metaspace       used 38888K, committed 39168K, reserved 1114112K
  class space    used 3061K, committed 3136K, reserved 1048576K
}
Event: 5.830 GC heap after
{Heap after GC invocations=9 (full 6):
 garbage-first heap   total reserved 30932992K, committed 114688K, used 25674K [0x00000000a0000000, 0x0000000800000000)
  region size 16384K, 0 young (0K), 0 survivors (0K)
 Metaspace       used 38888K, committed 39168K, reserved 1114112K
  class space    used 3061K, committed 3136K, reserved 1048576K
}
Event: 5.931 GC heap before
{Heap before GC invocations=9 (full 6):
 garbage-first heap   total reserved 30932992K, committed 114688K, used 42058K [0x00000000a0000000, 0x0000000800000000)
  region size 16384K, 2 young (32768K), 0 survivors (0K)
 Metaspace       used 39020K, committed 39296K, reserved 1114112K
  class space    used 3071K, committed 3200K, reserved 1048576K
}
Event: 5.965 GC heap after
{Heap after GC invocations=10 (full 7):
 garbage-first heap   total reserved 30932992K, committed 114688K, used 25787K [0x00000000a0000000, 0x0000000800000000)
  region size 16384K, 0 young (0K), 0 survivors (0K)
 Metaspace       used 39020K, committed 39296K, reserved 1114112K
  class space    used 3071K, committed 3200K, reserved 1048576K
}
Event: 6.070 GC heap before
{Heap before GC invocations=10 (full 7):
 garbage-first heap   total reserved 30932992K, committed 114688K, used 42171K [0x00000000a0000000, 0x0000000800000000)
  region size 16384K, 2 young (32768K), 0 survivors (0K)
 Metaspace       used 39187K, committed 39424K, reserved 1114112K
  class space    used 3071K, committed 3200K, reserved 1048576K
}
Event: 6.105 GC heap after
{Heap after GC invocations=11 (full 8):
 garbage-first heap   total reserved 30932992K, committed 114688K, used 25818K [0x00000000a0000000, 0x0000000800000000)
  region size 16384K, 0 young (0K), 0 survivors (0K)
 Metaspace       used 39187K, committed 39424K, reserved 1114112K
  class space    used 3071K, committed 3200K, reserved 1048576K
}

